[    0.000000] Initializing cgroup subsys cpuset
[    0.000000] Initializing cgroup subsys cpu
[    0.000000] Initializing cgroup subsys cpuacct
[    0.000000] Linux version 4.4.0-154-generic (buildd@lgw01-amd64-049) (gcc version 5.4.0 20160609 (Ubuntu 5.4.0-6ubuntu1~16.04.10) ) #181-Ubuntu SMP Tue Jun 25 05:29:03 UTC 2019 (Ubuntu 4.4.0-154.181-generic 4.4.179)
[    0.000000] Command line: BOOT_IMAGE=/boot/vmlinuz-4.4.0-154-generic root=LABEL=cloudimg-rootfs ro console=tty1 console=ttyS0
[    0.000000] KERNEL supported cpus:
[    0.000000]   Intel GenuineIntel
[    0.000000]   AMD AuthenticAMD
[    0.000000]   Centaur CentaurHauls
[    0.000000] x86/fpu: Legacy x87 FPU detected.
[    0.000000] e820: BIOS-provided physical RAM map:
[    0.000000] BIOS-e820: [mem 0x0000000000000000-0x000000000009fbff] usable
[    0.000000] BIOS-e820: [mem 0x000000000009fc00-0x000000000009ffff] reserved
[    0.000000] BIOS-e820: [mem 0x00000000000f0000-0x00000000000fffff] reserved
[    0.000000] BIOS-e820: [mem 0x0000000000100000-0x000000003ffeffff] usable
[    0.000000] BIOS-e820: [mem 0x000000003fff0000-0x000000003fffffff] ACPI data
[    0.000000] BIOS-e820: [mem 0x00000000fec00000-0x00000000fec00fff] reserved
[    0.000000] BIOS-e820: [mem 0x00000000fee00000-0x00000000fee00fff] reserved
[    0.000000] BIOS-e820: [mem 0x00000000fffc0000-0x00000000ffffffff] reserved
[    0.000000] NX (Execute Disable) protection: active
[    0.000000] SMBIOS 2.5 present.
[    0.000000] Hypervisor detected: KVM
[    0.000000] e820: last_pfn = 0x3fff0 max_arch_pfn = 0x400000000
[    0.000000] MTRR: Disabled
[    0.000000] x86/PAT: MTRRs disabled, skipping PAT initialization too.
[    0.000000] CPU MTRRs all blank - virtualized system.
[    0.000000] x86/PAT: Configuration [0-7]: WB  WT  UC- UC  WB  WT  UC- UC  
[    0.000000] found SMP MP-table at [mem 0x0009fff0-0x0009ffff] mapped at [ffff88000009fff0]
[    0.000000] Scanning 1 areas for low memory corruption
[    0.000000] RAMDISK: [mem 0x362fa000-0x37174fff]
[    0.000000] ACPI: Early table checksum verification disabled
[    0.000000] ACPI: RSDP 0x00000000000E0000 000024 (v02 VBOX  )
[    0.000000] ACPI: XSDT 0x000000003FFF0030 00003C (v01 VBOX   VBOXXSDT 00000001 ASL  00000061)
[    0.000000] ACPI: FACP 0x000000003FFF00F0 0000F4 (v04 VBOX   VBOXFACP 00000001 ASL  00000061)
[    0.000000] ACPI: DSDT 0x000000003FFF0470 0021FF (v02 VBOX   VBOXBIOS 00000002 INTL 201801)
[    000000] ACPI: FACS 0x000000003FFF0200 000040
[    0.000000] ACPI: FACS 0x000000003FFF0200 000040
[    0.000000] ACPI: APIC 0x000000003FFF0240 00005C (v02 VBOX   VBOXAPIC 00000001 ASL  00000061)
[    0.000000] ACPI: SSDT 0x000000003FFF02A0 0001CC (v01 VBOX   VBOXCPUT 00000002 INTL 20180105)
[    0.000000] No NUMA configuration found
[    0.000000] Faking a node at [mem 0x0000000000000000-0x000000003ffeffff]
[    0.000000] NODE_DATA(0) allocated mem 0x3ffeb000-0x3ffeffff]
[    0.000000] kvm-clock: Using msrs 4b564d01 and 4b564d00
[    0.000000] kvm-clock: cpu 0, msr 0:3ffe3001, primary cpu clock
[    0.000000] kvm-clock: using sched offset of 5089075536 cycles
[    0.000000] clocksource: kvm-clock: mask: 0xffffffffffffffff max_cycles: 0x1cd42e4dffb, max_idle_ns: 881590591483 ns
[    0.000000] Zone ranges:
[    0.000000]   DMA      [mem 0x0000000000001000-0x0000000000ffffff]
[    0.000000]   DMA32    [mem 0x0000000001000000-0x000000003ffeffff]
[    0.000000]   Normal   empty
[    0.000000]   Device   empty
[    0.000000] Movable zone start for each node
[    0.000000] Early memory node ranges
[    0.000000]   node   0: [mem 0x0000000000001000-0x000000000009efff]
[    0.000000]   node   0: [mem 0x0000000000100000-0x000000003ffeffff]
[    0.000000] Initmem setup node 0 [mem 0x0000000000001000-0x000000003ffeffff]
[    0.000000] ACPI: PM-Timer IO Port: 0x4008
[    0.000000] IOAPIC[0]: apic_id 2, version 32, address 0xfec00000, GSI 0-23
[    0.000000] ACPI: INT_SRC_OVR (bus 0 bus_irq 0 global_irq 2 dfl dfl)
[    0.000000] ACPI: INT_SRC_OVR (bus 0 bus_irq 9 global_irq 9 low level)
[    0.000000] Using ACPI (MADT) for SMP configuration information
[    0.000000] smpboot: Alloing 2 CPUs, 0 hotplug CPUs
[    0.000000] PM: Registered nosave memory: [mem 0x00000000-0x00000fff]
[    0.000000] PM: Registered nosave memory: [mem 0x0009f000-0x0009ffff]
[    0.000000] PM: Registered nosave memry: [mem 0x000a0000-0x000effff]
[    0.000000] PM: Registered nosave memory: [mem 0x000f0000-0x000fffff]
[    0.000000] e820: [mem 0x40000000-0xfebfffff] available for PCI devices
[    0.000000] Booting paravirtualized kernel on KVM
[    0.000000] clocksource: refined-jiffies: mask: 0xffffffff max_cycles: 0xffffffff, max_idle_ns: 7645519600211568 ns
[    0.000000] setup_percpu: NR_CPUS:512 nr_cpumask_bits:512 nr_cpu_ids:2 nr_node_ids:1
[    0.000000] PERCPU: Embedded 34 pages/cpu @ffff88003fc00000 s99480 r8192 d31592 u1048576
[    0.000000] Built 1 zonelists in Node order, mobility grouping on.  Total pages: 257912
[    0.000000] Policy zone: DMA32
[    0.000000] Kernel command line: BOOT_IMAGE=/boot/vmlinuz-4.4.0-154-generic root=LABEL=cloudimg-rootfs ro console=tty1 console=ttyS0
[    0.000000] PID hash table entries: 4096 (order: 3, 32768 bytes)
[    0.000000] Memory: 997732K/1048120K available (8613K kernel code, 1335K rwdata, 4028K rodata, 1484K init, 1284K bss, 50388K reserved, 0K cma-reserved)
[    0.000000] SLUB: HWalign=64, Order=0-3, MinObjects=0, CPUs=2, Nodes=1
[    0.000000] Kernel/User page tables isolation: enabled
[    0.000000] Hierarchical RCU implementation.
[    0.000000] 	Build-time adjustment of leaf fanout to 64.
[    0.000000] 	RCU restricting CPUs from NR_CPUS=512 to nr_cpu_ids=2.
[    0.000000] RCU: Adjusting geometry for rcu_fanout_leaf=64, nr_cpu_ids=2
[    0.000000] NR_IRQS:33024 nr_irqs:440 16
[    0.000000] Console: colour VGA+ 80x25
[    0.000000] console [tty1] enabled
[    0.000000] console [ttyS0] enabled
[    0.000000] tsc: Detected 2992.498 MHz processor
[    1.124084] Calibrating delay loop (skipped) preset value.. 5984.99 BogoMIPS (lpj=11969992)
[    1.127020] pid_max: default: 32768 minimum: 301
[    1.202788] ACPI: Core revision 20150930
[    1.236216] ACPI: 2 ACPI AML tables successfully acquired and loaded
[    1.298066] Security Framework initialized
[    1.299488] Yama: becoming mindful.
[    1.300838] AppArmor: AppArmor initialized
[    1.302436] Dentry cache hash table entries: 131072 (order: 8, 1048576 bytes)
[    1.305012] Inode-cache hash table entries: 65536 (order: 7, 524288 bytes)
[    1.307308] Mount-cache hash table entries: 2048 (order: 2, 16384 bytes)
[    1.309285] Mountpoint-cache hash table entries: 2048 (order: 2, 16384 bytes)
[    1.384384] Initializing cgroup subsys io
[    1.385817] Initializing cgroup subsys memory
[    1.387327] Initializing cgroup subsys devices
[    1.388825] Initializing cgroup subsys freezer
[    1.390336] Initializing cgroup subsys net_cls
[    1.391827] Initializing cgroup subsys perf_event
[    1.438973] Initializing cgroup subsys net_prio
[    1.440477] Initializing cgroup subsys hugetlb
[    1.441981] Initializing cgroup subsys pids
[    1.443515] mce: CPU supports 0 MCE banks
[    1.444968] Last level iTLB entries: 4KB 128, 2MB 4, 4MB 4
[    1.446685] Last level dTLB entries: 4KB 256, 2MB 0, 4MB 32, 1GB 0
[    1.511595] Spectre V2 : Mitigation: Full generic retpoline
[    1.522648] Spectre V2 : Spectre v2 / SpectreRSB mitigation: Filling RSB on context switch
[    1.525513] Speculative Store Bypass: Vulnerable
[    1.528092] MDS: Vulnerable: Clear CPU buffers attempted, no microcode
[    1.540676] Freeing SMP alternatives memory: 36K
[    1.567128] ftrace: allocating 32299 entries in 127 pages
[    1.679758] smpboot: APIC(0) Converting physical 0 to logical package 0
[    1.689260] smpboot: Max logical packages: 1
[    1.691319] x2apic enabled
[    1.692983] Switched APIC routing to physical x2apic.
[    1.696998] ..TIMER: vector=0x30 apic1=0 pin1=2 apic2=-1 pin2=-1
[    1.897942] smpboot: CPU0: Intel(R) Core(TM)2 Duo CPU     E8400  @ 3.00GHz (family: 0x6, model: 0x17, stepping: 0xa)
[    1.914724] Performance Events: unsupported p6 CPU model 23 no PMU driver, software events only.
[    2.015527] KVM setup paravirtual spinlock
[    2.018553] x86: Booting SMP configuration:
[    2.019987] .... node  #0, CPUs:      #1
[    2.021349] kvm-clock: cpu 1, msr 0:3ffe3041, secondary cpu clock
[    2.034664] mce: CPU supports 0 MCE banks
[    2.037830] x86: Booted up 1 node, 2 CPUs
[    2.039683] smpboot: Total of 2 processors activated (11969.99 BogoMIPS)
[    2.042269] devtmpfs: initialized
[    2.046316] evm: security.selinux
[    2.047599] evm: security.SMACK64
[    2.048860] evm: security.SMACK64EXEC
[    2.050192] evm: security.SMACK64TRANSMUTE
[    2.051605] evm: security.SMACK64MMAP
[    2.052936] evm: security.ima
[    2.054102] evm: security.capability
[    2.055588] clocksource: jiffies: mask: 0xffffffff max_cycles: 0xffffffff, max_idle_ns: 7645041785100000 ns
[    2.058750] futex hash table entries: 512 (order: 3, 32768 bytes)
[    2.060770] pinctrl core: initialized pinctrl subsystem
[    2.062623] RTC time: 15:43:59, date: 08/23/19
[    2.064506] NET: Registered protocol family 16
[    2.078189] cpuidle: using governor ladder
[    2.090222] cpuidle: using governor menu
[    2.091665] PCCT header not found.
[    2.092983] ACPI: bus type PCI registered
[    2.094385] acpiphp: ACPI Hot Plug PCI Controller Driver version: 0.5
[    2.116518] PCI: Using configuration type 1 for base access
[    2.170762] ACPI: Added _OSI(Module Device)
[    2.172195] ACPI: Added _OSI(Processor Device)
[    2.173691] ACPI: Added _OSI(3.0 _SCP Extensions)
[    2.175254] ACPI: Added _OSI(Processor Aggregator Device)
[    2.177775] ACPI: Executed 1 blocks of module-level executable AML code
[    2.197055] ACPI: Interpreter enabled
[    2.236010] ACPI: (supports S0 S5)
[    2.279475] ACPI: Using IOAPIC for interrupt routing
[    2.281291] PCI: Using host bridge windows from ACPI; if necessary, use "pci=nocrs" and report a bug
[    2.288822] ACPI: PCI Root Bridge [PCI0] (domain 0000 [bus 00-ff])
[    2.290692] acpi PNP0A03:00: _OSC: OS supports [ASPM ClockPM Segments MSI]
[    2.292738] acpi PNP0A03:00: _OSC: not requesting OS control; OS requires [ExtendedConfig ASPM ClockPM MSI]
[    2.295828] acpi PNP0A03:00: fail to add MMCONFIG information, can't access extended PCI configuration space under this bridge.
[    2.299613] PCI host bridge to bus 0000:00
[    2.301035] pci_bus 0000:00: root bus resource [io  0x0000-0x0cf7 window]
[    2.303023] pci_bus 0000:00: root bus resource [io  0x0d00-0xffff window]
[    2.370283] pci_bus 0000:00: root bus resource [mem 0x000a0000-0x000bffff window]
[    2.372920] pci_bus 0000:00: root bus resource [mem 0x40000000-0xfdffffff window]
[    2.381641] pci_bus 0000:00: root bus resource [bus 00-ff]
[    2.414804] pci 0000:00:01.1: legacy IDE quirk: reg 0x10: [io  0x01f0-0x01f7]
[    2.511465] pci 0000:00:01.1: legacy IDE quirk: reg 0x14: [io  0x03f6]
[    2.580164] pci 0000:00:01.1: legacy IDE quirk: reg 0x18: [io  0x0170-0x0177]
[    2.582228] pci 0000:00:01.1: legacy IDE quirk: reg 0x1c: [io  0x0376]
[    2.657334] pci 0000:00:07.0: quirk: [io  0x4000-0x403f] claimed by PIIX4 ACPI
[    2.688893] pci 0000:00:07.0: quirk: [io  0x4100-0x410f] claimed by PIIX4 SMB
[    2.705918] ACPI: PCI Interrupt Link [LNKA] (IRQs 5 9 10 *11)
[    2.722793] ACPI: PCI Interrupt Link [LNKB] (IRQs 5 9 *10 11)
[    2.739283] ACPI: PCI Interrupt Link [LNKC] (IRQs 5 *9 10 11)
[    2.745500] ACPI: PCI Interrupt Link [LNKD] (IRQs 5 9 10 *11)
[    2.788105] ACPI: Enabled 2 GPEs in block 00 to 07
[    2.839471] vgaarb: setting as boot device: PCI:0000:00:02.0
[    2.841229] vgaarb: device added: PCI:0000:00:02.0,decodes=io+mem,owns=io+mem,locks=none
[    2.844012] vgaarb: loaded
[    2.845134] vgaarb: bridge control possible 0000:00:02.0
[    2.847457] SCSI subsystem initialized
[    2.849257] ACPI: bus type USB registered
[    2.850730] usbcore: registered new interface driver usbfs
[    2.880679] usbcore: registered new interface driver hub
[    2.885939] usbcore: registered new device driver usb
[    2.888038] PCI: Using ACPI for IRQ routing
[    2.890194] NetLabel: Initializing
[    2.891465] NetLabel:  domain hash size = 128
[    2.918966] NetLabel:  protocols = UNLABELED CIPSOv4
[    2.984284] NetLabel:  unlabeled traffic allowed by default
[    2.986444] amd_nb: Cannot enumerate AMD northbridges
[    2.988195] clocksource: Switched to clocksource kvm-clock
[    3.003999] AppArmor: AppArmor Filesystem Enabled
[    3.178040] pnp: PnP ACPI init
[    3.298845] pnp: PnP ACPI: found 3 devices
[    3.312022] clocksource: acpi_pm: mask: 0xffffff max_cycles: 0xffffff, max_idle_ns: 2085701024 ns
[    3.315174] NET: Registered protocol family 2
[    3.317304] TCP established hash table entries: 8192 (order: 4, 65536 bytes)
[    3.319503] TCP bind hash table entries: 8192 (order: 5, 131072 bytes)
[    3.321614] TCP: Hash tables configured (established 8192 bind 8192)
[    3.323667] UDP hash table entries: 512 (order: 2, 16384 bytes)
[    3.325597] UDP-Lite hash table entries: 512 (order: 2, 16384 bytes)
[    3.327666] NET: Registered protocol family 1
[    3.329261] pci 0000:00:00.0: Limiting direct PCI/PCI transfers
[    3.331165] pci 0000:00:01.0: Activating ISA DMA hang workarounds
[    3.333359] Unpacking initramfs...
[  3.588474] Freeing initrd memory: 14828K
[    3.648591] clocksource: tsc: mask: 0xffffffffffffffff max_cycles: 0x2b2296bc2b9, max_idle_ns: 440795321505 ns
[    3.651766] platform rtc_cmos: registered platform RTC device (no PNP device found)
[    3.654476] Scanning for low memory corruption every 60 seconds

[    3.657303] audit: initializing netlink subsys (disabled)
[    3.659034] audit: type=2000 audit(1566575044.827:1): initialized
[    3.661289] Initialise system trusted keyring
[    3.662966] HugeTLB registered 2 MB page size, pre-allocated 0 pages
[    3.666776] zbud: loaded
[    3.668470] VFS: Disk quotas dquot_6.6.0
[    3.669907] VFS: Dquot-cache hash table entries: 512 (order 0, 4096 bytes)
[    3.672241] squashfs: version 4.0 (2009/01/31) Phillip Lougher
[    3.758624] fuse init (API version 7.23)
[    3.769900] Key type big_key registered
[    3.771312] Allocating IMA MOK and blacklist keyrings.
[    3.776980] Key type asymmetric registered
[    3.787089] Asymmetric key parser 'x509' registered
[    3.874444] Block layer SCSI generic (bsg) driver version 0.4 loaded (major 249)
[    3.892295] io scheduler noop registered
[    3.930199] io scheduler deadline registered (default)
[    3.931939] io scheduler cfq registered
[    3.970525] pci_hotplug: PCI Hot Plug PCI Core version: 0.5
[    3.972331] pciehp: PCI Express Hot Plug Controller Driver version: 0.4
[    3.974514] ACPI: AC Adapter [AC] (on-line)
[    3.976059] input: Power Button as /devices/LNXSYSTM:00/LNXPWRBN:00/input/input0
[    4.092045] ACPI: Power Button [PWRF]
[    4.094577] input: Sleep Button as /devices/LNXSYSTM:00/LNXSLPBN:00/input/input1
[    4.097255] ACPI: Sleep Button [SLPF]
[    4.098894] GHES: HEST is not enabled!
[    4.100530] Serial: 8250/16550 driver, 32 ports, IRQ sharing enabled
[    4.125413] 00:02: ttyS0 at I/O 0x3f8 (irq = 4, base_baud = 115200) is a 16550A
[    4.132166] Linux agpgart interface v0.103
[    4.136558] loop: module loaded
[    4.149368] scsi host0: ata_piix
[    4.150930] scsi host1: ata_piix
[    4.152287] ata1: PATA max UDMA/33 cmd 0x1f0 ctl 0x3f6 bmdma 0xd000 irq 14
[    4.154458] ata2: PATA max UDMA/33 cmd 0x170 ctl 0x376 bmdma 0xd008 irq 15
[    4.156733] libphy: Fixed MDIO Bus: probed
[    4.168288] tun: Universal TUN/TAP device driver, 1.6
[    4.169988] tun: (C) 1999-2004 Max Krasnyansky <maxk@qualcomm.com>
[    4.171996] PPP generic driver version 2.4.2
[    4.173662] ehci_hcd: USB 2.0 'Enhanced' Host Controller (EHCI) Driver
[    4.175703] ehci-pci: EHCI PCI platform driver
[    4.177317] ehci-platform: EHCI generic platform driver
[    4.179065] ohci_hcd: USB 1.1 'Open' Host Controller (OHCI) Driver
[    4.181060] ohci-pci: OHCI PCI platform driver
[    4.182629] ohci-platform: OHCI generic platform driver
[    4.208667] uhci_hcd: USB Universal Host Controller Interface driver
[    4.210734] i8042: PNP: PS/2 Controller [PNP0303:PS2K,PNP0f03:PS2M] at 0x60,0x64 irq 1,12
[    4.214309] serio: i8042 KBD port at 0x60,0x64 irq 1
[    4.215980] serio: i8042 AUX port at 0x60,0x64 irq 12
[    4.217875] mousedev: PS/2 mouse device common for all mice
[    4.238921] input: AT Translated Set 2 keyboard as /devices/platform/i8042/serio0/input/input2
[    4.241990] rtc_cmos rtc_cmos: rtc core: registered rtc_cmos as rtc0
[    4.244207] rtc_cmos rtc_cmos: alarms up to one day, 114 bytes nvram
[    4.345388] i2c /dev entries driver
[    4.362430] device-mapper: uevent: version 1.0.3
[    4.364181] device-mapper: ioctl: 4.34.0-ioctl (2015-10-28) initialised: dm-devel@redhat.com
[    4.400491] ledtrig-cpu: registered to indicate activity on CPUs
[    4.403235] NET: Registered protocol family 10
[    4.405311] NET: Registered protocol family 17
[    4.406900] Key type dns_resolver registered
[    4.410259] registered taskstats version 1
[    4.411763] Loading compiled-in X.509 certificates
[    4.436636] Loaded X.509 cert 'Build time autogenerated kernel key: 65139e04a67245b562a838c28b5e7032abdd4348'
[    4.439926] zswap: loaded using pool lzo/zbud
[    4.454525] Key type trusted registered
[    4.482295] Key type encrypted registered
[    4.483782] AppArmor: AppArmor sha1 policy hashing enabled
[    4.485699] ima: No TPM chip found, activating TPM-bypass!
[    4.487539] ima: Allocated hash algorithm: sha1
[    4.490245] evm: HMAC attrs: 0x1
[    4.491905]   Magic number: 15:17:741
[    4.494462] workqueue writeback: hash matches
[    4.496083] rtc_cmos rtc_cmos: setting system clock to 2019-08-23 15:44:01 UTC (1566575041)
[    4.499249] BIOS EDD facility v0.16 2004-Jun-25, 0 devices found
[    4.501172] EDD information not available.
[    4.508175] Freeing unused kernel memory: 1484K
[    4.520260] Write protecting the kernel read-only data: 14336k
[    4.535751] Freeing unused kernel memory: 1616K
[    4.537643] Freeing unused kernel memory: 68K
Loading, please wait...
starting version 229
[    4.680732] random: systemd-udevd: uninitialized urandom read (16 bytes read, 2 bits of entropy available)
[    4.690637] random: udevadm: uninitialized urandom read (16 bytes read, 2 bits of entropy available)
[    4.690952] random: udevadm: uninitialized urandom read (16 bytes read, 2 bits of entropy available)
[    4.714024] random: systemd-udevd: uninitialized urandom read (16 bytes read, 2 bits of entropy available)
[    4.718997] random: systemd-udevd: uninitialized urandom read (16 bytes read, 2 bits of entropy available)
[    4.723933] random: systemd-udevd: uninitialized urandom read (16 bytes read, 2 bits of entropy available)
[    4.743276] random: systemd-udevd: uninitialized urandom read (16 bytes read, 2 bits of entropy available)
[    4.748308] random: systemd-udevd: uninitialized urandom read (16 bytes read, 2 bits of entropy available)
[    4.753123] random: systemd-udevd: uninitialized urandom read (16 bytes read, 2 bits of entropy available)
[    4.762411] random: systemd-udevd: uninitialized urandom read (16 bytes read, 2 bits of entropy available)
[    5.163774] Fusion MPT base driver 3.04.20
[    5.168063] Copyright (c) 1999-2008 LSI Corporation
[    5.174754] e1000: Intel(R) PRO/1000 Network Driver - version 7.3.21-k8-NAPI
[    5.178111] e1000: Copyright (c) 1999-2006 Intel Corporation.
[    5.248852] Fusion MPT SPI Host driver 3.04.20
[    5.406570] input: ImExPS/2 Generic Explorer Mouse as /devices/platform/i8042/serio1/input/input4
[    5.688433] e1000 0000:00:03.0 eth0: (PCI:33MHz:32-bit) 02:1e:e5:6d:71:21
[    5.690799] e1000 0000:00:03.0 eth0: Intel(R) PRO/1000 Network Connection
[    5.694623] mptbase: ioc0: Initiating bringup
[    5.697448] e1000 0000:00:03.0 enp0s3: renamed from eth0
[    5.777485] ioc0: LSI53C1030 A0: Capabilities={Initiator}
[    6.398722] scsi host2: ioc0: LSI53C1030 A0, FwRev=00000000h, Ports=1, MaxQ=256, IRQ=20
[    7.449806] scsi 2:0:0:0: Direct-Access     VBOX     HARDDISK         1.0  PQ: 0 ANSI: 5
[    7.579400] scsi target2:0:0: Beginning Domain Validation
[    7.587598] scsi target2:0:0: Domain Validation skipping write tests
[    7.618733] scsi target2:0:0: Ending Domain Validation
[    7.620473] scsi target2:0:0: asynchronous
[    7.622384] scsi 2:0:1:0: Direct-Access     VBOX     HARDDISK         1.0  PQ: 0 ANSI: 5
[    7.625197] scsi target2:0:1: Beginning Domain Validation
[    7.628096] scsi target2:0:1: Domain Validation skipping write tests
[    7.643104] scsi target2:0:1: Ending Domain Validation
[    7.644881] scsi target2:0:1: asynchronous
[    7.653425] sd 2:0:0:0: [sda] 20971520 512-byte logical blocks: (10.7 GB/10.0 GiB)
[    7.653959] sd 2:0:0:0: Attached scsi generic sg0 type 0
[    7.656482] sd 2:0:1:0: [sdb] 20480 512-byte logical blocks: (10.5 MB/10.0 MiB)
[    7.656657] sd 2:0:1:0: [sdb] Write Protect is off
[    7.657106] sd 2:0:1:0: [sdb] Incomplete mode parameter data
[    7.657108] sd 2:0:1:0: [sdb] Assuming drive cache: write through
[    7.658337] sd 2:0:1:0: Attached scsi generic sg1 type 0
[    7.677066] sd 2:0:0:0: [sda] Write Protect is off
[    7.690379] sd 2:0:1:0: [sdb] Attached SCSI disk
[    7.718627] sd 2:0:0:0: [sda] Incomplete mode parameter data
[    7.720469] sd 2:0:0:0: [sda] Assuming drive cache: write through
[    7.733637]  sda: sda1
[    7.736175] sd 2:0:0:0: [sda] Attached SCSI disk
Begin: Loading e[   10.109401] md: linear personality registered for level -1
ssential drivers ... [   10.168088] md: multipath personality registered for level -4
[   10.221792] md: raid0 personality registered for level 0
[   10.268739] md: raid1 personality registered for level 1
[   10.457139] raid6: sse2x1   gen()  1328 MB/s
[   10.529493] raid6: sse2x1   xor()  2391 MB/s
[   10.611143] raid6: sse2x2   gen()  2895 MB/s
[   10.817707] raid6: sse2x2   xor()  3907 MB/s
[   10.888967] raid6: sse2x4   gen()  6399 MB/s
[   10.957068] raid6: sse2x4   xor()  5183 MB/s
[   10.975313] raid6: using algorithm sse2x4 gen() 6399 MB/s
[   11.098439] raid6: .... xor() 5183 MB/s, rmw enabled
[   11.128439] raid6: using ssse3x2 recovery algorithm
[   11.135261] xor: measuring software checksum speed
[   11.177057]    prefetch64-sse: 20310.000 MB/sec
[   11.216230]    generic_sse: 10212.000 MB/sec
[   11.217757] xor: using function: prefetch64-sse (20310.000 MB/sec)
[   11.226667] async_tx: api initialized (async)
[   11.265229] md: raid6 personality registered for level 6
[   11.268581] md: raid5 personality registered for level 5
[   11.271904] md: raid4 personality registered for level 4
[   11.339453] md: raid10 personality registered for level 10
done.
Begin: Running /scripts/init-premount ... done.
Begin: Mounting root file system ... Begin: Running /scripts/local-top ... done.
Begin: Running /scripts/local-premount ... [   11.503802] Btrfs loaded
Scanning for Btrfs filesystems
done.
Warning: fsck not present, so skipping root file system
[   11.800234] EXT4-fs (sda1): mounted filesystem with ordered data mode. Opts: (null)
done.
Begin: Running /scripts/local-bottom ... done.
Begin: Running /scripts/init-bottom ... done.
[   12.684031] systemd[1]: systemd 229 running in system mode. (+PAM +AUDIT +SELINUX +IMA +APPARMOR +SMACK +SYSVINIT +UTMP +LIBCRYPTSETUP +GCRYPT +GNUTLS +ACL +XZ -LZ4 +SECCOMP +BLKID +ELFUTILS +KMOD -IDN)
[   12.701859] systemd[1]: Detected virtualization oracle.
[   12.703624] systemd[1]: Detected architecture x86-64.

Welcome to [1mUbuntu 16.04.6 LTS[0m!

[   12.759011] systemd[1]: Set hostname to <ubuntu>.
[   12.784972] systemd[1]: Initializing machine ID from random generator.
[   12.787178] systemd[1]: Installed transient /etc/machine-id file.
[   12.891829] random: nonblocking pool is initialized
[   13.975134] systemd[1]: Started Trigger resolvconf update for networkd DNS.
[[0;32m  OK  [0m] Started Trigger resolvconf update for networkd DNS.
[   13.991421] systemd[1]: Reached target Swap.
[[0;32m  OK  [0m] Reached target Swap.
[   14.010602] systemd[1]: Created slice User and Session Slice.
[[0;32m  OK  [0m] Created slice User and Session Slice.
[   14.014558] systemd[1]: Listening on Journal Audit Socket.
[[0;32m  OK  [0m] Listening on Journal Audit Socket.
[   14.018558] systemd[1]: Listening on Journal Socket.
[[0;32m  OK  [0m] Listening on Journal Socket.
[   14.022097] systemd[1]: Listening on udev Kernel Socket.
[[0;32m  OK  [0m] Listening on udev Kernel Socket.
[   14.025646] systemd[1]: Reached target System Time Synchronized.
[[0;32m  OK  [0m] Reached target System Time Synchronized.
[   14.036365] systemd[1]: Reached target User and Group Name Lookups.
[[0;32m  OK  [0m] Reached target User and Group Name Lookups.
[   14.040896] systemd[1]: Set up automount Arbitrary Executable File Formats File System Automount Point.
[[0;32m  OK  [0m] Set up automount Arbitrary Executab...ats File System Automount Point.
[   14.046515] systemd[1]: Listening on Device-mapper event daemon FIFOs.
[[0;32m  OK  [0m] Listening on Device-mapper event daemon FIFOs.
[   14.050614] systemd[1]: Listening on LVM2 metadata daemon socket.
[[0;32m  OK  [0m] Listening on LVM2 metadata daemon socket.
[   14.054706] systemd[1]: Started Forward Password Requests to Wall Directory Watch.
[[0;32m  OK  [0m] Started Forward Password Requests to Wall Directory Watch.
[   14.059662] systemd[1]: Listening on Syslog Socket.
[[0;32m  OK  [0m] Listening on Syslog Socket.
[   14.102723] systemd[1]: Created slice System Slice.
[[0;32m  OK  [0m] Created slice System Slice.
[   14.125746] systemd[1]: Starting Monitoring of LVM2 mirrors, snapshots etc. using dmeventd or progress polling...
         Starting Monitoring of LVM2 mirrors... dmeventd or progress polling...
[   14.281683] systemd[1]: Created slice system-serial\x2dgetty.slice.
[[0;32m  OK  [0m] Created slice system-serial\x2dgetty.slice.
[   14.304765] systemd[1]: Starting Uncomplicated firewall...
         Starting Uncomplicated firewall...
[   14.366015] systemd[1]: Starting Load Kernel Modules...
         Starting Load Kernel Modules...
[   14.394900] systemd[1]: Mounting POSIX Message Queue File System...
         Mounting POSIX Message Queue File System...
[   14.424841] systemd[1]: Reached target Slices.
[[0;32m  OK  [0m] Reached target Slices.
[   14.453492] systemd[1]: Starting Set console keymap...
         Starting Set console keymap...
[   14.467729] systemd[1]: Starting Nameserver information manager...
         Starting Nameserver information manager...
[   14.525475] systemd[1]: Starting Remount Root and Kernel File Systems...
         Starting Remount Root and Kernel File Systems...
[   14.539876] systemd[1]: Mounting Huge Pages File System...
         Mounting Huge Pages File System...
[   14.556764] systemd[1]: Mounting Debug File System...
         Mounting Debug File System...
[   14.587647] systemd[1]: Listening on /dev/initctl Compatibility Named Pipe.
[   14.605032] Loading iSCSI transport class v2.0-870.
[[0;32m  OK  [0m] Listening on /dev/initctl Compatibility Named Pipe.
[   14.661326] systemd[1]: Starting Create list of required static device nodes for the current kernel...
         Starting Create list of required st... nodes for the current kernel...
[   14.674962] systemd[1]: Listening on udev Control Socket.
[   14.677081] EXT4-fs (sda1): re-mounted. Opts: (null)
[[0;32m  OK  [0m] Listening on udev Control Socket.
[   14.687605] systemd[1]: Reached target Encrypted Volumes.
[[0;32m  OK  [0m] Reached target Encrypted Volumes.
[   14.717835] systemd[1]: Listening on LVM2 poll daemon socket.
[[0;32m  OK  [0m] Listening on LVM2 poll daemon socket.
[   14.738704] systemd[1]: Listening on Journal Socket (/dev/log).
[[0;32m  OK  [0m] Listening on Journal Socket (/dev/log).
[   14.777518] iscsi: registered transport (tcp)
[   14.780826] systemd[1]: Starting Journal Service...
         Starting Journal Service...
[   14.813387] systemd[1]: Mounted POSIX Message Queue File System.
[[0;32m  OK  [0m] Mounted POSIX Message Queue File System.
[   14.833446] systemd[1]: Mounted Huge Pages File System.
[[0;32m  OK  [0m] Mounted Huge Pages File System.
[   14.848745] systemd[1]: Mounted Debug File System.
[[0;32m  OK  [0m] Mounted Debug File System.
[   14.868304] systemd[1]: Started Uncomplicated firewall.
[[0;32m  OK  [0m] Started Uncomplicated firewall.
[   14.947743] systemd[1]: Started Remount Root and Kernel File Systems.
[[0;32m  OK  [0m] Started Remount Root and Kernel File Systems.
[   15.031503] systemd[1]: Started Create list of required static device nodes for the current kernel.
[[0;32m  OK  [0m] Started Create list of required sta...ce nodes for the current kernel.
[   15.070317] iscsi: registered transport (iser)
[   15.082009] systemd[1]: Started Nameserver information manager.
[[0;32m  OK  [0m] Started Nameserver information manager.
[   15.145053] systemd[1]: Started Load Kernel Modules.
[[0;32m  OK  [0m] Started Load Kernel Modules.
[   15.158774] systemd[1]: Started Set console keymap.
[[0;32m  OK  [0m] Started Set console keymap.
[   15.299602] systemd[1]: Started Journal Service.
[[0;32m  OK  [0m] Started Journal Service.
[[0;32m  OK  [0m] Started LVM2 metadata daemon.
         Mounting FUSE Control File System...
         Starting Apply Kernel Variables...
         Starting Create Static Device Nodes in /dev...
         Starting Flush Journal to Persistent Storage...
         Starting udev Coldplug all Devices...
         Starting Load/Save Random Seed...
[[0;32m  OK  [0m] Mounted FUSE Control File System.
[   15.667014] systemd-journald[386]: Received request to flush runtime journal from PID 1
[[0;32m  OK  [0m] Started Apply Kernel Variables.
[[0;32m  OK  [0m] Started Load/Save Random Seed.
[[0;32m  OK  [0m] Started Flush Journal to Persistent Storage.
[[0;32m  OK  [0m] Started Create Static Device Nodes in /dev.
         Starting udev Kernel Device Manager...
[[0;32m  OK  [0m] Started Monitoring of LVM2 mirrors,...ng dmeventd or progress polling.
[[0;32m  OK  [0m] Reached target Local File Systems (Pre).
[[0;32m  OK  [0m] Reached target Local File Systems.
         Starting Tell Plymouth To Write Out Runtime Data...
         Starting Commit a transient machine-id on disk...
         Starting Initial cloud-init job (pre-networking)...
         Starting Set console font and keymap...
         Starting Create Volatile Files and Directories...
         Starting LSB: AppArmor initialization...
[[0;32m  OK  [0m] Started Tell Plymouth To Write Out Runtime Data.
[[0;32m  OK  [0m] Started Commit a transient machine-id on disk.
[[0;32m  OK  [0m] Started Create Volatile Files and Directories.
         Starting Update UTMP about System Boot/Shutdown...
[[0;32m  OK  [0m] Started udev Kernel Device Manager.
[[0;32m  OK  [0m] Started Update UTMP about System Boot/Shutdown.
[[0;32m  OK  [0m] Started udev Coldplug all Devices.
[[0;32m  OK  [0m] Started Dispatch Password Requests to Console Directory Watch.
[[0;32m  OK  [0m] Found device /dev/ttyS0.
[[0;32m  OK  [0m] Listening on Load/Save RF Kill Switch Status /dev/rfkill Watch.
[[0;32m  OK  [0m] Started LSB: AppArmor initialization.
[[0;32m  OK  [0m] Started Set console font and keymap.
[[0;32m  OK  [0m] Created slice system-getty.slice.
[   21.164712] cloud-init[451]: Cloud-init v. 19.1-1-gbaa47854-0ubuntu1~16.04.1 running 'init-local' at Fri, 23 Aug 2019 15:44:19 +0000. Up 19.57 seconds.
[[0;32m  OK  [0m] Started Initial cloud-init job (pre-networking).
[[0;32m  OK  [0m] Reached target Network (Pre).
         Starting Raise network interfaces...
[[0;32m  OK  [0m] Started Raise network interfaces.
         Starting Initial cloud-init job (metadata service crawler)...
[[0;32m  OK  [0m] Reached target Network.
[   27.771698] cloud-init[941]: Cloud-init v. 19.1-1-gbaa47854-0ubuntu1~16.04.1 running 'init' at Fri, 23 Aug 2019 15:44:23 +0000. Up 24.10 seconds.
[   27.797605] cloud-init[941]: ci-info: ++++++++++++++++++++++++++++++++++++++Net device info++++++++++++++++++++++++++++++++++++++
[   27.860925] cloud-init[941]: ci-info: +--------+------+----------------------------+---------------+--------+-------------------+
[   27.897022] cloud-init[941]: ci-info: | Device |  Up  |          Address           |      Mask     | Scope  |     Hw-Address    |
[   28.064158] cloud-init[941]: ci-info: +--------+------+----------------------------+---------------+--------+-------------------+
[[0;32m  OK  [0m] Started Initial cloud-init job (metadata service crawler).
[[0;32m  OK  [0m] Reached target Cloud-config availability.
[[0;32m  OK  [0m] Reached target System Initialization.
[[0;32m  OK  [0m] Listening on ACPID Listen Socket.
[   28.068614] cloud-init[941]: ci-info: | enp0s3 | True |         10.0.2.15          | 255.255.255.0 | global | 02:1e:e5:6d:71:21 |
[   28.261099] cloud-init[941]: ci-info: | enp0s3 | True | fe80::1e:e5ff:fe6d:7121/64 |       .       |  link  | 02:1e:e5:6d:71:21 |
[[0;32m  OK  [0m] Started ACPI Events Check.
[   28.265799] cloud-init[941]: ci-info: |   lo   | True |         127.0.0.1          |   255.0.0.0   |  host  |         .         |
[[0;32m  OK  [0m] Reached target Paths.
[[0;32m  OK  [0m] Started Daily apt download activities.
[   28.270887] cloud-init[941]: ci-info: |   lo   | True |          ::1/128           |       .       |  host  |         .         |
[[0;32m  OK  [0m] Started Daily apt upgrade and clean activities.
[   28.420455] cloud-init[941]: ci-info: +--------+------+----------------------------+---------------+--------+-------------------+
[[0;32m  OK  [0m] Listening on UUID daemon activation socket.
[[0;32m  OK  [0m] Started Daily Cleanup of Temporary Directories.
[   28.465713] cloud-init[941]: ci-info: +++++++++++++++++++++++++++Route IPv4 info++++++++++++++++++++++++++++
[[0;32m  OK  [0m] Reached target Timers.
[   28.526448] cloud-init[941]: ci-info: +-------+-------------+----------+---------------+-----------+-------+
[   28.568653] cloud-init[941]: ci-info: | Route | Destination | Gateway  |    Genmask    | Interface | Flags |
[   28.572752] cloud-init[941]: ci-info: +-------+-------------+----------+---------------+-----------+-------+
         Starting LXD - unix socket.
[   28.597955] cloud-init[941]: ci-info: |   0   |   0.0.0.0   | 10.0.2.2 |    0.0.0.0    |   enp0s3  |   UG  |
[   28.603954] cloud-init[941]: ci-info: |   1   |   10.0.2.0  | 0.0.0.0  | 255.255.255.0 |   enp0s3  |   U   |
[   28.614983] cloud-init[941]: ci-info: +-------+-------------+----------+---------------+-----------+-------+
         Starting Socket activation for snappy daemon.
[   28.629623] cloud-init[941]: ci-info: +++++++++++++++++++Route IPv6 info+++++++++++++++++++
[[0;32m  OK  [0m] Listening on D-Bus System Message Bus Socket.
[[0;32m  OK  [0m] Reached target Network is Online.
[   28.643022] cloud-init[941]: ci-info: +-------+-------------+---------+-----------+-------+
[   28.652036] cloud-init[941]: ci-info: | Route | Destination | Gateway | Interface | Flags |
[   28.658602] cloud-init[941]: ci-info: +-------+-------------+---------+-----------+-------+
[   28.716500] cloud-init[941]: ci-info: |   0   |  fe80::/64  |    ::   |   enp0s3  |   U   |
[   28.729545] cloud-init[941]: ci-info: |   4   |   ff00::/8  |    ::   |   enp0s3  |   U   |
[   28.732042] cloud-init         [941]: Starting iSCSI initiator daemon (iscsid)...ci-info: +-------+-------------+---------+-----------+-------+

[[0;32m  OK  [0m] Listening on LXD - unix socket.
[   28.783938] [[0;32m  OK  [0m] Listening on Socket activation for snappy daemon.
cloud-init[941]: Generating public/private rsa key pair.
[   28.831610] cloud-init[941]: Your identification has been saved in /etc/ssh/ssh_host_rsa_key.
[   28.844058] cloud-init[941]: Your public key has been saved in /etc/ssh/ssh_host_rsa_key.pub.
[   28.878955] cloud-init[941]: The key fingerprint is:
[   28.892604] cloud-init[941]: SHA256:/p7ta+gvYOAQGC8T1I2BEpCeYZKQgSD014T+1gviuVk root@ubuntu-xenial
[   28.914423] cloud-init[941]: The key's randomart image is:
[   28.936065] cloud-init[941]: +---[RSA 2048]----+
[   28.936316] cloud-init[941]: |&O+=.+..         |
[   28.936547] cloud-init[941]: |Oo+o+.+          |
[   28.939228] cloud-init[941]: |+.=.oo .         |
[   28.939517] cloud-init[941]: | o oo..          |
[   28.939747] cloud-init[941]: |     o..S        |
[   28.939980] cloud-init[941]: |     ..=o.       |
[   28.940273] cloud-init[941]: |    . +Eo...     |
[   28.940503] cloud-init[941]: |     oo  ooo.    |
[   28.940754] cloud-init[941]: |     o.  o===.   |
[   28.940983] cloud-init[941]: +----[SHA256]-----+
[   28.941219] cloud-init[941]: Generating public/private dsa key pair.
[   28.941456] cloud-init[941]: Your identification has been saved in /etc/ssh/ssh_host_dsa_key.
[   28.941691] cloud-init[941]: Your public key has been saved in /etc/ssh/ssh_host_dsa_key.pub.
[   28.941928] cloud-init[941]: The key fingerprint is:
[   28.942200] cloud-init[941]: SHA256:Uk21nPDpd4Y5/1c5GFQGB38iRqvoRzo2vZ2BNR/tR6w root@ubuntu-xenial
[   28.942430] cloud-init[941]: The key's randomart image is:
[   28.942667] cloud-init[941]: +---[DSA 1024]----+
[   28.942901] cloud-init[941]: |          o.oo++ |
[   28.943130] cloud-init[941]: |         o = *+  |
[   28.943361] cloud-init[941]: |        . . @ ...|
[   28.943590] cloud-init[941]: |       . . + o *.|
[   28.943833] cloud-init[941]: |      . S o + O B|
[   28.944061] cloud-init[941]: |       o + o = %.|
[   28.944291] cloud-init[941]: |        * + . E *|
[   28.944532] cloud-init[941]: |       . + o o  +|
[[0;32m  OK  [0m] Reached target Sockets.
[[0;32m  OK  [0m] Reached target Basic System.
[   28.952669] cloud-init[941]: |          . o   o|
[   29.326441] cloud-init[941]: +----[SHA256]-----+
[   29.330199] cloud-init[941]: Generating public/private ecdsa key pair.
[   29.355763] cloud-init[941]: Your identification has been saved in /etc/ssh/ssh_host_ecdsa_key.
         Starting Login Service...
[   29.356753] cloud-init[941]: Your public key has been saved in /etc/ssh/ssh_host_ecdsa_key.pub.
[   29.419606] cloud-init[941]: The key fingerprint is:
         Starting LSB: Record successful boot for GRUB...
[   29.420748] cloud-init[941]: SHA256:AQWQyQCkBcfe2R3AhMUyRjBRSxPDHs7NunfASMvhlu8 root@ubuntu-xenial
[   29.451493] cloud-init[941]: The key's randomart image is:
[   29.465167] cloud-init[941]: +---[ECDSA 256]---+
[   29.513254] cloud-init[941]:          |+=BOO@*+.        |Starting Accounts Service...

[   29.518605] cloud-init[941]: |.o.o@+o..        |
[   29.575157] cloud-init[941]: |.. *.O ...       |
[   29.587916] cloud-init[941]: |  . O + ..       |
[   29.633524] cloud-init[941]: |   + B  S        |
[   29.646610]          Starting Pollinate to seed the pseudo random number generator...
cloud-init[941]: |    O o          |
[   29.657292] cloud-init[941]: |   . o .         |
[   29.665218] cloud-init[941]: |    . o .        |
[   29.697769] cloud-init[941]: |     oE.         |
[[0;32m  OK  [0m] Started ACPI event daemon.
[   29.709458] cloud-init[941]: +----[SHA256]-----+
         Starting LSB: MD monitoring daemon...
[   29.767994] cloud-init[941]: Generating public/private ed25519 key pair.
[   29.813947] cloud-init[941]: Your identification has been saved in /etc/ssh/ssh_host_ed25519_key.
[   29.838036] [[0;32m  OK  [0m] Started Deferred execution scheduler.
         Starting Virtualbox guest utils...
cloud-init[941]: Your public key has been saved in /etc/ssh/ssh_host_ed25519_key.pub.
[   29.910802]          Starting System Logging Service...
cloud-init[941]: The key fingerprint is:
[   29.939506] cloud-init[941]: SHA256:YfdtdFSD04YYk7wE9zWrOvGvr1b+xqXGVLR38rduiVg root@ubuntu-xenial[[0;32m  OK  [0m] Started FUSE filesystem for LXC.

         Starting Snappy daemon...
[[0;32m  OK  [0m] Started D-Bus System Message Bus.
[   30.160301] cloud-init[941]: The key's randomart image is:
[   30.207300] cloud-init[941]: +--[ED25519 256]--+
[   30.213463] cloud-init[941]: |         .o++ +++|
[   30.246275] cloud-init[941]: |          .=o+.+=|
[   30.265922] cloud-init[941]: |        o o ..+oo|
[   30.270093] cloud-init[941]: |       . o o ooo+|
[   30.274311] cloud-init[941]: |        S  ...o+o|
[   30.287301] cloud-init[941]: |            +E..+|
[   30.301439] cloud-init[941]: |           oo++o=|
[   30.307458] cloud-init[941]: |           ..o==o|
[   30.314197] cloud-init[941]: |            .+*=o|
[   30.324724] cloud-init[941]: +----[SHA256]-----+
         Starting /etc/rc.local Compatibility...
[[0;32m  OK  [0m] Started Regular background program processing daemon.
         Starting LXD - container startup/shutdown...
[[0;32m  OK  [0m] Started System Logging Service.
[[0;32m  OK  [0m] Started iSCSI initiator daemon (iscsid).
[[0;32m  OK  [0m] Started /etc/rc.local Compatibility.
[[0;32m  OK  [0m] Started Login Service.
[[0;32m  OK  [0m] Started Unattended Upgrades Shutdown.
         Starting Authenticate and Authorize Users to Run Privileged Tasks...
         Starting Login to default iSCSI targets...
[[0;32m  OK  [0m] Started LSB: Record successful boot for GRUB.
[[0;32m  OK  [0m] Started Login to default iSCSI targets.
[[0;32m  OK  [0m] Reached target Remote File Systems (Pre).
[[0;32m  OK  [0m] Reached target Remote File Systems.
         Starting LSB: Set the CPU Frequency Scaling governor to "ondemand"...
         Starting LSB: daemon to balance interrupts for SMP systems...
         Starting LSB: automatic crash report generation...
         Starting Permit User Sessions...
[[0;32m  OK  [0m] Started Authenticate and Authorize Users to Run Privileged Tasks.
[[0;32m  OK  [0m] Started Accounts Service.
[[0;32m  OK  [0m] Started LSB: MD monitoring daemon.
[[0;32m  OK  [0m] Started Permit User Sessions.
         Starting Terminate Plymouth Boot Screen...
         Starting Hold until boot process finishes up...
[[0;32m  OK  [0m] Started Hold until boot process finishes up.
[[0;32m  OK  [0m] Started Terminate Plymouth Boot Screen.
[[0;32m  OK  [0m] Started Serial Getty on ttyS0.
         Starting Set console scheme...
[[0;32m  OK  [0m] Started Getty on tty1.
[[0;32m  OK  [0m] Reached target Login Prompts.
[[0;32m  OK  [0m] Started Virtualbox guest utils.
[[0;32m  OK  [0m] Started Set console scheme.
[[0;32m  OK  [0m] Started LSB: Set the CPU Frequency Scaling governor to "ondemand".
[[0;32m  OK  [0m] Started LSB: automatic crash report generation.
[[0;32m  OK  [0m] Started LSB: daemon to balance interrupts for SMP systems.
[[0;32m  OK  [0m] Started Snappy daemon.
[[0;32m  OK  [0m] Started LXD - container startup/shutdown.
         Starting Wait until snapd is fully seeded...
[[0;32m  OK  [0m] Started Pollinate to seed the pseudo random number generator.
         Starting OpenBSD Secure Shell server...
[[0;32m  OK  [0m] Started OpenBSD Secure Shell server.
[[0;32m  OK  [0m] Created slice User Slice of vagrant.
         Starting User Manager for UID 1000...
[[0;32m  OK  [0m] Started Session 1 of user vagrant.
[[0;32m  OK  [0m] Started User Manager for UID 1000.

Ubuntu 16.04.6 LTS ubuntu-xenial ttyS0

ubuntu-xenial login: [   40.574897] cloud-init[1385]: Generating locales (this might take a while)...
[   44.007011] cloud-init[1385]:   en_US.UTF-8... done
[   44.011361] cloud-init[1385]: Generation complete.
[   46.053071] cloud-init[1385]: Cloud-init v. 19.1-1-gbaa47854-0ubuntu1~16.04.1 running 'modules:config' at Fri, 23 Aug 2019 15:44:39 +0000. Up 39.88 seconds.
ci-info: no authorized ssh keys fingerprints found for user ubuntu.
<14>Aug 23 15:44:47 ec2: 
<14>Aug 23 15:44:47 ec2: #############################################################
<14>Aug 23 15:44:47 ec2: -----BEGIN SSH HOST KEY FINGERPRINTS-----
<14>Aug 23 15:44:47 ec2: 1024 SHA256:Uk21nPDpd4Y5/1c5GFQGB38iRqvoRzo2vZ2BNR/tR6w root@ubuntu-xenial (DSA)
<14>Aug 23 15:44:47 ec2: 256 SHA256:AQWQyQCkBcfe2R3AhMUyRjBRSxPDHs7NunfASMvhlu8 root@ubuntu-xenial (ECDSA)
<14>Aug 23 15:44:47 ec2: 256 SHA256:YfdtdFSD04YYk7wE9zWrOvGvr1b+xqXGVLR38rduiVg root@ubuntu-xenial (ED25519)
<14>Aug 23 15:44:47 ec2: 2048 SHA256:/p7ta+gvYOAQGC8T1I2BEpCeYZKQgSD014T+1gviuVk root@ubuntu-xenial (RSA)
<14>Aug 23 15:44:47 ec2: -----END SSH HOST KEY FINGERPRINTS-----
<14>Aug 23 15:44:47 ec2: #############################################################
-----BEGIN SSH HOST KEY KEYS-----
ecdsa-sha2-nistp256 AAAAE2VjZHNhLXNoYTItbmlzdHAyNTYAAAAIbmlzdHAyNTYAAABBBF/XhlUHJcHgYXxl9vZKpK472VRNxWjLlS45Y06ENXaa6Nz7m8X8Vl7fMH89HxkZQo5LaMkz8ic0+HWfozoDbdY= root@ubuntu-xenial
ssh-ed25519 AAAAC3NzaC1lZDI1NTE5AAAAIKwWPwTpsOkhMN44muwroncpZv2VmIbs7Kk8D4iOj4+0 root@ubuntu-xenial
ssh-rsa AAAAB3NzaC1yc2EAAAADAQABAAABAQC5veuuXKwG7B88L2bZuu86fmJxDfOLGtpcHompUmsY20fPB08fCrYtqVjIptmMgzQ0ccWP7k3AirELdVnUkyi9Fi6nEIXfMua2wo2CD5z91mU28uGN4+CL1cSbGB4viRnbCPIVVEaGn57h0Dpz+oh4Ci46t4erW173Yv/fH8L3hQaP7jMjHWnPvKNlgdr4PBRxNlml6MSFlLp+6CuMTWfU9gfxJkodHp1NgO7i8ZFy2vaKJB3gKF1+smiQBaP+ShNc+NYM5C6h/oTRNBDMX9vUAutIcvQfb+HQxOd/RJ2c5EYF0OqnP0cOgPgBF7WWnRsT5eCnTJgvFYBBive6lO/d root@ubuntu-xenial
-----END SSH HOST KEY KEYS-----
[   47.975977] cloud-init[1560]: Cloud-init v. 19.1-1-gbaa47854-0ubuntu1~16.04.1 running 'modules:final' at Fri, 23 Aug 2019 15:44:46 +0000. Up 47.31 seconds.
[   47.977366] cloud-init[1560]: ci-info: no authorized ssh keys fingerprints found for user ubuntu.
[   47.978189] cloud-init[1560]: Cloud-init v. 19.1-1-gbaa47854-0ubuntu1~16.04.1 finished at Fri, 23 Aug 2019 15:44:47 +0000. Datasource DataSourceNoCloud [seed=/dev/sdb][dsmode=net].  Up 47.92 seconds
