[    0.000000] Initializing cgroup subsys cpuset
[    0.000000] Initializing cgroup subsys cpu
[    0.000000] Initializing cgroup subsys cpuacct
[    0.000000] Linux version 4.4.0-154-generic (buildd@lgw01-amd64-049) (gcc version 5.4.0 20160609 (Ubuntu 5.4.0-6ubuntu1~16.04.10) ) #181-Ubuntu SMP Tue Jun 25 05:29:03 UTC 2019 (Ubuntu 4.4.0-154.181-generic 4.4.179)
[    0.000000] Command line: BOOT_IMAGE=/boot/vmlinuz-4.4.0-154-generic root=LABEL=cloudimg-rootfs ro console=tty1 console=ttyS0
[    0.000000] KERNEL supported cpus:
[    0.000000]   Intel GenuineIntel
[    0.000000]   AMD AuthenticAMD
[    0.000000]   Centaur CentaurHauls
[    0.000000] x86/fpu: Legacy x87 FPU detected.
[    0.000000] e820: BIOS-provided physical RAM map:
[    0.000000] BIOS-e820: [mem 0x0000000000000000-0x000000000009fbff] usable
[    0.000000] BIOS-e820: [mem 0x000000000009fc00-0x000000000009ffff] reserved
[    0.000000] BIOS-e820: [mem 0x00000000000f0000-0x00000000000fffff] reserved
[    0.000000] BIOS-e820: [mem 0x0000000000100000-0x000000002cfeffff] usable
[    0.000000] BIOS-e820: [mem 0x000000002cff0000-0x000000002cffffff] ACPI data
[    0.000000] BIOS-e820: [mem 0x00000000fec00000-0x00000000fec00fff] reserved
[    0.000000] BIOS-e820: [mem 0x00000000fee00000-0x00000000fee00fff] reserved
[    0.000000] BIOS-e820: [mem 0x00000000fffc0000-0x00000000ffffffff] reserved
[    0.000000] NX (Execute Disable) protection: active
[    0.000000] SMBIOS 2.5 present.
[    0.000000] Hypervisor detected: KVM
[    0.000000] e820: last_pfn = 0x2cff0 max_arch_pfn = 0x400000000
[    0.000000] MTRR: Disabled
[    0.000000] x86/PAT: MTRRs disabled, skipping PAT initialization too.
[    0.000000] CPU MTRR  all blank - virtualized system.
[    0.000000] x86/PAT: Configuration [0-7]: WB  WT  UC- UC  WB  WT  UC- UC  
[    0.000000] found SMP MP-table at [mem 0x0009fff0-0x0009ffff] mapped at [ffff88000009fff0]
[    0.000000] Scanning 1 areas for low memory corruption
[    0.000000] RAMDISK: [mem 0x2b8be000-0x2c738fff]
[    0.000000] ACPI: Early table checksum verification disabled
[    0.000000] ACPI: RSDP 0x00000000000E0000 000024 (v02 VBOX  )
[    0.000000] ACPI: XSDT 0x000000002CFF0030 00003C (v01 VBOX   VBOXXSDT 00000001 ASL  00000061)
[    0.000000] ACPI: FACP 0x000000002CFF00F0 0000F4 (v04 VBOX   VBOXFACP 00000001 ASL  00000061)
[    0.000000] ACPI: DSDT 0x000000002CFF0470 0021FF (v02 VBOX   VBOXBIOS 00000002 INTL 20180105)
[    0.000000] ACPI: FACS 0x000000002CFF0200 000040
[    0.000000] ACPI: FACS 0x000000002CFF0200 000040
[    0.000000] ACPI: APIC 0x000000002CFF0240 000054 (v02 VBOX   VBOXAPIC 00000001 ASL  00000061)
[    0.000000] ACPI: SSDT 0x000000002CFF02A0 0001CC (v01 VBOX   VBOXCPUT 00000002 INTL 20180105)
[    0.000000] No NUMA configuration found
[    0.000000] Faking a node at [mem 0x0000000000000000-0x000000002cfeffff]
[    0.000000] NODE_DATA(0) allocated [mem 0x2cfeb000-0x2cfeffff]
[    0.000000] kvm-clock: Using msrs 4b564d01 and 4b564d00
[    0.000000] kvm-clock: cpu 0, msr 0:2cfe3001, primary cpu clock
[    0.000000] kvm-clock: using sched offset of 7581389751 cycles
[    0.000000] clocksource: kvm-clock: mask: 0xffffffffffffffff max_cycles: 0x1cd42e4dffb, max_idle_ns: 881590591483 ns
[    0.000000] Zone ranges:
[    0.000000]   DMA      [mem 0x0000000000001000-0x0000000000ffffff]
[    0.000000]   DMA32    [mem 0x0000000001000000-0x000000002cfeffff]
[    0.000000]   Normal   empty
[    0.000000]   Device   empty
[    0.000000] Movable zone start for each node
[    0.000000] Early memory node ranges
[    0.000000]   node   0: [mem 0x0000000000001000-0x000000000009efff]
[    0.000000]   node   0: [mem 0x0000000000100000-0x000000002cfeffff]
[    0.000000] Initmem setup node00 [mem 0x0000000000001000-0x000000002cfeffff]
[    0.000000] ACPI: PM-Timer IO Port: 0x4008
[    0.000000] IOAPIC[0]: apic_id 1, version 32, address 0xfec00000, GSI 0-23
[    0.000000] ACPI: INT_SRC_OVR (bus 0 bus_irq 0 global_irq 2 dfl dfl)
[    0.000000] ACPI: INT_SRC_OVR (bus 0 bus_irq 9 global_irq 9 low level)
[    0.000000] Using ACPI (MADT) for SMP configuration information
[    0.000000] smpboot: Allowing 1 CPUs, 0 hotplug CPUs
[    0.000000] PM: Registered nosave memory: [mem 0x00000000-0x00000fff]
[    0.000000] PM: Registered nosave memory: [mem 0x0009f000-0x0009ffff]
[    0.000000] PM: Registered nosave memory: [mem 0x000a0000-0x000effff]
[    0.000000] PM: Registered nosave memory: [mem 0x000f0000-0x000fffff]
[    0.000000] e820: [mem 0x2d000000-0xfebfffff] available for PCI devices
[    0.000000] Booting paravirtualized kernel on KVM
[    0.000000] clocksource: refined-jiffies: mask: 0xffffffff max_cycles: 0xffffffff, max_idle_ns: 7645519600211568 ns
[    0.000000] setup_percpu: NR_CPUS:512 nr_cpumask_bits:512 nr_cpu_ids:1 nr_node_ids:1
[    0.000000] PERCPU: Embedded 34 pages/cpu @ffff88002cc00000 s99480 r8192 d31592 u2097152
[    0.000000] Built 1 zonelists in Node order, mobility grouping on.  Total pages: 181304
[    0.000000] Policy zone: DMA32
[    0.000000] Kernel command line: BOOT_IMAGE=/boot/vmlinuz-4.4.0-154-generic root=LABEL=cloudimg-rootfs ro console=tty1 console=ttyS0
[    0.000000] PID hash table entries: 4096 (order: 3, 32768 bytes)
[    0.000000] Memory: 690668K/736824K available (8613K kernel code, 1335K rwdata, 4028K rodata, 1484K init, 1284K bss, 46156K reserved, 0K cma-reserved)
[    0.000000] SLUB: HWalign=64, Order=0-3, MinObjects=0, CPUs=1, Nodes=1
[    0.000000] Kernel/User page tables isolation: enabled
[    0.000000] Hierarchical RCU implementation.
[    0.000000] 	Build-time adjustment of leaf fanout to 64.
[    0.000000] 	RCU restricting CPUs from NR_CPUS=512 to nr_cpu_ids=1.
[    0.000000] RCU: Adjusting geometry for rcu_fanout_leaf=64, nr_cpu_ids=1
[    0.000000] NR_IRQS:33024 nr_irqs:256 16
[    0.000000] Console: colour VGA+ 80x25
[    0.000000] console [tty1] enabled
[    0.000000] console [ttyS0] enabled
[    0.000000] tsc: Detected 2992.498 MHz processor
[    1.027791] Calibrating delay loop (skipped) preset value.. 5984.99 BogoMIPS (lpj=11969992)
[    1.030807] pid_max: default: 32768 minimum: 301
[    1.032391] ACPI: Core revision 20150930
[    1.098172] ACPI: 2 ACPI AML tables successfully acquired and loaded
[    1.106975] Security Framework initialized
[    1.108455] Yama: becoming mindful.
[    1.109894] AppArmor: AppArmor initialized
[    1.111519] Dentry cache hash table entries: 131072 (order: 8, 1048576 bytes)
[    1.114046] Inode-cache hash table entries: 65536 (order: 7, 524288 bytes)
[    1.116317] Mount-cache hash table entries: 2048 (order: 2, 16384 bytes)
[    1.118409] Mountpoint-cache hash table entries: 2048 (order: 2, 16384 bytes)
[    1.120987] Initializing cgroup subsys io
[    1.122440] Initializing cgroup subsys memory
[    1.202589] Initializing cgroup subsys devices
[    1.204772] Initializing cgroup subsys freezer
[    1.207076] Initializing cgroup subsys net_cls
[    1.209218] Initializing cgroup subsys perf_event
[    1.211478] Initializing cgroup subsys net_prio
[    1.213705] Initializing cgroup subsys hugetlb
[    1.215875] Initializing cgroup subsys pids
[    1.218050] mce: CPU supports 0 MCE banks
[    1.220111] process: using mwait in idle threads
[    1.222409] Last level iTLB entries: 4KB 128, 2MB 4, 4MB 4
[    1.224950] Last level dTLB entries: 4KB 256, 2MB 0, 4MB 32, 1GB 0
[    1.227777] Spectre V2 : Mitigation: Full generic retpoline
[    1.230350] Spectre V2 : Spectre v2 / SpectreRSB mitigation: Filling RSB on context switch
[    1.234404] Speculative Store Bypass: Vulnerable
[    1.237733] MDS: Vulnerable: Clear CPU buffers attempted, no microcode
[    1.924489] Freeing SMP alternatives memory: 36K
[    1.944526] ftrace: allocating 32299 entries in 127 pages
[    2.058801] smpboot: APIC(0) Converting physical 0 to logical package 0
[    2.128422] smpboot: Max logical packages: 1
[    2.130522] x2apic enabled
[    2.132194] Switched APIC routing to physical x2apic.
[    2.139100] ..TIMER: vector=0x30 apic1=0 pin1=2 apic2=-1 pin2=-1
[    2.167101] APIC calibration not consistent with PM-Timer: 200ms instead of 100ms
[    2.177584] APIC delta adjusted to PM-Timer: 6249976 (12500669)
[    2.230233] smpboot: CPU0: Intel(R) Core(TM)2 Duo CPU     E8400  @ 3.00GHz (family: 0x6, model: 0x17, stepping: 0xa)
[    2.233940] Performance Events: unsupported p6 CPU model 23 no PMU driver, software events only.
[    2.437875] KVM setup paravirtual spinlock
[    2.440846] x86: Booted up 1 node, 1 CPUs
[    2.442302] smpboot: Total of 1 processors activated (5984.99 BogoMIPS)
[    2.444850] devtmpfs: initialized
[    2.448852] evm: security.selinux
[    2.450148] evm: security.SMACK64
[    2.451434] evm: security.SMACK64EXEC
[    2.452815] evm: security.SMACK64TRANSMUTE
[    2.454261] evm: security.SMACK64MMAP
[    2.455653] evm: security.ima
[    2.456859] evm: security.capability
[    2.466547] clocksource: jiffies: mask: 0xffffffff max_cycles: 0xffffffff, max_idle_ns: 7645041785100000 ns
[    2.477848] futex hash table entries: 256 (order: 2, 16384 bytes)
[    2.479900] pinctrl core: initialized pinctrl subsystem
[    2.481808] RTC time: 16:27:51, date: 08/23/19
[    2.483626] NET: Registered protocol family 16
[    2.485434] cpuidle: using governor ladder
[    2.542718] cpuidle: using governor menu
[    2.544139] PCCT header not found.
[    2.545507] ACPI: bus type PCI registered
[    2.556974] acpiphp: ACPI Hot Plug PCI Controller Driver version: 0.5
[    2.559082] PCI: Using configuration type 1 for base access
[    2.562439] ACPI: Added _OSI(Module Device)
[    2.563932] ACPI: Added _OSI(Processor Device)
[    2.565470] ACPI: Added _OSI(3.0 _SCP Extensions)
[    2.567077] ACPI: Added _OSI(Processor Aggregator Device)
[    2.569774] ACPI: Executed 1 blocks of module-level executable AML code
[    2.589299] ACPI: Interpreter enabled
[    2.590667] ACPI: (supports S0 S5)
[    2.642681] ACPI: Using IOAPIC for interrupt routing
[    2.644535] PCI: Using host bridge windows from ACPI; if necessary, use "pci=nocrs" and report a bug
[    2.662024] ACPI: PCI Root Bridge [PCI0] (domain 0000 [bus 00-ff])
[    2.667520] acpi PNP0A03:00: _OSC: OS supports [ASPM ClockPM Segments MSI]
[    2.687476] acpi PNP0A03:00: _OSC: not requesting OS control; OS requires [ExtendedConfig ASPM ClockPM MSI]
[    2.749465] acpi PNP0A03:00: fail to add MMCONFIG information, can't access extended PCI configuration space under this bridge.
[    2.753427] PCI host bridge to bus 0000:00
[    2.754882] pci_bus 0000:00: root bus resource [io  0x0000-0x0cf7 window]
[    2.756962] pci_bus 0000:00: root bus resource [io  0x0d00-0xffff window]
[    2.759035] pci_bus 0000:00: root bus resource [mem 0x000a0000-0x000bffff window]
[    2.768079] pci_bus 0000:00: root bus resource [mem 0x2d000000-0xfdffffff window]
[    2.770830] pci_bus 0000:00: root bus resource [bus 00-ff]
[    2.774976] pci 0000:00:01.1: legacy IDE quirk: reg 0x10: [io  0x01f0-0x01f7]
[    2.777132] pci 0000:00:01.1: legacy IDE quirk: reg 0x14: [io  0x03f6]
[    2.779142] pci 0000:00:01.1: legacy IDE quirk: reg 0x18: [io  0x0170-0x0177]
[    2.787200] pci 0000:00:01.1: legacy IDE quirk: reg 0x1c: [io  0x0376]
[    2.865786] pci 0000:00:07.0: quirk: [io  0x4000-0x403f] claimed by PIIX4 ACPI
[    2.897862] pci 0000:00:07.0: quirk: [io  0x4100-0x410f] claimed by PIIX4 SMB
[    2.957524] ACPI: PCI Interrupt Link [LNKA] (IRQs 5 9 10 *11)
[    2.960320] ACPI: PCI Interrupt Link [LNKB] (IRQs 5 9 *10 11)
[    2.962840] ACPI: PCI Interrupt Link [LNKC] (IRQs 5 *9 10 11)
[    2.987007] ACPI: PCI Interrupt Link [LNKD] (IRQs 5 9 10 *11)
[    3.056681] ACPI: Enabled 2 GPEs in block 00 to 07
[    3.059273] vgaarb: setting as boot device: PCI:0000:00:02.0
[    3.061111] vgaarb: device added: PCI:0000:00:02.0,decodes=io+mem,owns=io+mem,locks=none
[    3.068411] vgaarb: loaded
[    3.069554] vgaarb: bridge control possible 0000:00:02.0
[    3.071927] SCSI subsystem initialized
[    3.073718] ACPI: bus type USB registered
[    3.075219] usbcore: registered new interface driver usbfs
[    3.087036] usbcore: registered new interface driver hub
[    3.096601] usbcore: registered new device driver usb
[    3.158110] PCI: Using ACPI for IRQ routing
[    3.167646] NetLabel: Initializing
[    3.168988] NetLabel:  domain hash size = 128
[    3.170517] NetLabel:  protocols = UNLABELED CIPSOv4
[    3.172213] NetLabel:  unlabeled traffic allowed by default
[    3.174370] amd_nb: Cannot enumerate AMD northbridges
[    3.176179] clocksource: Switched to clocksource kvm-clock
[    3.189806] AppArmor: AppArmor Filesystem Enabled
[    3.267076] pnp: PnP ACPI init
[    3.270215] pnp: PnP ACPI: found 3 devices
[    3.278952] clocksource: acpi_pm: mask: 0xffffff max_cycles: 0xffffff, max_idle_ns: 2085701024 ns
[    3.282091] NET: Registered protocol family 2
[    3.284050] TCP established hash table entries: 8192 (order: 4, 65536 bytes)
[    3.367588] TCP bind hash table entries: 8192 (order: 5, 131072 bytes)
[    3.392281] TCP: Hash tables configured (established 8192 bind 8192)
[    3.471385] UDP hash table entries: 512 (order: 2, 16384 bytes)
[    3.473344] UDP-Lite hash table entries: 512 (order: 2, 16384 bytes)
[    3.475442] NET: Registered protocol family 1
[    3.477059] pci 0000:00:00.0: Limiting direct PCI/PCI transfers
[    3.478962] pci 0000:00:01.0: Activating ISA DMA hang workarounds
[    3.481204] Unpacking initramfs...
[    3.935183] Freeing initrd memory: 14828K
[    3.990631] clocksource: tsc: mask: 0xffffffffffffffff max_cycles: 0x2b2296bc2b9, max_idle_ns: 440795321505 ns
[    3.994011] platform rtc_cmos: registered platform RTC device (no PNP device found)
[    3.996948] Scanning for low memory corruption every 60 seconds
[    3.999248] audit: initializing netlink subsys (disabled)
[    4.001093] audit: type=2000 audit(1566577679.875:1): initialized
[    4.003430] Initialise system trusted keyring
[    4.005151] HugeTLB registered 2 MB page size, pre-allocated 0 pages
[    4.008791] zbud: loaded
[    4.010262] VFS: Disk quotas dquot_6.6.0
[    4.016987] VFS: Dquot-cache hash table entries: 512 (order 0, 4096 bytes)
[    4.019429] squashfs: version 4.0 (2009/01/31) Phillip Lougher
[    4.028406] fuse init (API version 7.23)
[    4.030045] Key type big_key registered
[    4.031471] Allocating IMA MOK and blacklist keyrings.
[    4.033672] Key type asymmetric registered
[    4.035150] Asymmetric key parser 'x509' registered
[    4.096962] Block layer SCSI generic (bsg) driver version 0.4 loaded (major 249)
[    4.099680] io scheduler noop registered
[    4.101150] io scheduler deadline registered (default)
[    4.107187] io scheduler cfq registered
[    4.108745] pci_hotplug: PCI Hot Plug PCI Core version: 0.5
[    4.110607] pciehp: PCI Express Hot Plug Controller Driver version: 0.4
[    4.112873] ACPI: AC Adapter [AC] (on-line)
[    4.114451] input: Power Button as /devices/LNXSYSTM:00/LNXPWRBN:00/input/input0
[    4.117146] ACPI: Power Button [PWRF]
[    4.118625] input: Sleep Button as /devices/LNXSYSTM:00/LNXSLPBN:00/input/input1
[    4.121360] ACPI: Sleep Button [SLPF]
[    4.192751] GHES: HEST is not enabled!
[    4.194246] Serial: 8250/16550 driver, 32 ports, IRQ sharing enabled
[    4.219486] 00:02: ttyS0 at I/O 0x3f8 (irq = 4, base_baud = 115200) is a 16550A
[    4.223494] Linux agpgart interface v0.103
[    4.227953] loop: module loaded
[    4.230009] scsi host0: ata_piix
[    4.231365] scsi host1: ata_piix
[    4.232681] ata1: PATA max UDMA/33 cmd 0x1f0 ctl 0x3f6 bmdma 0xd000 irq 14
[    4.234792] ata2: PATA max UDMA/33 cmd 0x170 ctl 0x376 bmdma 0xd008 irq 15
[    4.237619] libphy: Fixed MDIO Bus: probed
[    4.239082] tun: Universal TUN/TAP device driver, 1.6
[    4.297711] tun: (C) 1999-2004 Max Krasnyansky <maxk@qualcomm.com>
[    4.299671] PPP generic driver version 2.4.2
[    4.301315] ehci_hcd: USB 2.0 'Enhanced' Host Controller (EHCI) Driver
[    4.303333] ehci-pci: EHCI PCI platform driver
[    4.304921] ehci-platform: EHCI generic platform driver
[    4.306628] ohci_hcd: USB 1.1 'Open' Host Controller (OHCI) Driver
[    4.326625] ohci-pci: OHCI PCI platform driver
[    4.328179] ohci-platform: OHCI generic platform driver
[    4.337317] uhci_hcd: USB Universal Host Controller Interface driver
[    4.402746] i8042: PNP: PS/2 Controller [PNP0303:PS2K,PNP0f03:PS2M] at 0x60,0x64 irq 1,12
[    4.406320] serio: i8042 KBD port at 0x60,0x64 irq 1
[    4.407972] serio: i8042 AUX port at 0x60,0x64 irq 12
[    4.417179] mousedev: PS/2 mouse device common for all mice
[    4.419421] input: AT Translated Set 2 keyboard as /devices/platform/i8042/serio0/input/input2
[    4.422718] rtc_cmos rtc_cmos: rtc core: registered rtc_cmos as rtc0
[    4.425048] rtc_cmos rtc_cmos: alarms up to one day, 114 bytes nvram
[    4.437634] i2c /dev entries driver
[    4.439051] device-mapper: uevent: version 1.0.3
[    4.440744] device-mapper: ioctl: 4.34.0-ioctl (2015-10-28) initialised: dm-devel@redhat.com
[    4.443667] ledtrig-cpu: registered to indicate activity on CPUs
[    4.511490] NET: Registered protocol family 10
[    4.514086] NET: Registered protocol family 17
[    4.516426] Key type dns_resolver registered
[    4.518837] registered taskstats version 1
[    4.521042] Loading compiled-in X.509 certificates
[    4.524523] Loaded X.509 cert 'Build time autogenerated kernel key: 65139e04a67245b562a838c28b5e7032abdd4348'
[    4.530214] zswap: loaded using pool lzo/zbud
[    4.550006] Key type trusted registered
[    4.621202] Key type encrypted registered
[    4.625756] AppArmor: AppArmor sha1 policy hashing enabled
[    4.627561] ima: No TPM chip found, activating TPM-bypass!
[    4.636801] ima: Allocated hash algorithm: sha1
[    4.638388] evm: HMAC attrs: 0x1
[    4.707827]   Magic number: 15:364:490
[    4.709339] rtc_cmos rtc_cmos: setting system clock to 2019-08-23 16:27:54 UTC (1566577674)
[    4.717740] BIOS EDD facility v0.16 2004-Jun-25, 0 devices found
[    4.719615] EDD information not available.
[    4.726080] Freeing unused kernel memory: 1484K
[    4.736224] Write protecting the kernel read-only data: 14336k
[    4.750327] Freeing unused kernel memory: 1616K
[    4.756758] Freeing unused kernel memory: 68K
Loading, please wait...
starting version 229
[    5.030537] random: systemd-udevd: uninitialized urandom read (16 bytes read, 3 bits of entropy available)
[    5.050565] random: systemd-udevd: uninitialized urandom read (16 bytes read, 3 bits of entropy available)
[    5.059509] random: udevadm: uninitialized urandom read (16 bytes read, 3 bits of entropy available)
[    5.122005] random: systemd-udevd: uninitialized urandom read (16 bytes read, 3 bits of entropy available)
[    5.125280] random: systemd-udevd: uninitialized urandom read (16 bytes read, 3 bits of entropy available)
[    5.223491] random: udevadm: uninitialized urandom read (16 bytes read, 3 bits of entropy available)
[    5.344736] random: systemd-udevd: uninitialized urandom read (16 bytes read, 3 bits of entropy available)
[    5.370880] random: systemd-udevd: uninitialized urandom read (16 bytes read, 3 bits of entropy available)
[    5.449922] random: udevadm: uninitialized urandom read (16 bytes read, 3 bits of entropy available)
[    5.558576] random: systemd-udevd: uninitialized urandom read (16 bytes read, 3 bits of entropy available)
[    6.276067] e1000: Intel(R) PRO/1000 Network Driver - version 7.3.21-k8-NAPI
[    6.376891] e1000: Copyright (c) 1999-2006 Intel Corporation.
[    6.399691] Fusion MPT base driver 3.04.20
[    6.465420] Copyright (c) 1999-2008 LSI Corporation
[    6.814835] input: ImExPS/2 Generic Explorer Mouse as /devices/platform/i8042/serio1/input/input4
[    6.999568] Fusion MPT SPI Host driver 3.04.20
[    7.012228] mptbase: ioc0: Initiating bringup
[    7.116712] ioc0: LSI53C1030 A0: Capabilities={Initiator}
[    7.286497] scsi host2: ioc0: LSI53C1030 A0, FwRev=00000000h, Ports=1, MaxQ=256, IRQ=20
[    7.406514] scsi 2:0:0:0: Direct-Access     VBOX     HARDDISK         1.0  PQ: 0 ANSI: 5
[    7.411170] scsi target2:0:0: Beginning Domain Validation
[    7.416063] scsi target2:0:0: Domain Validation skipping write tests
[    7.419434] scsi target2:0:0: Ending Domain Validation
[    7.425344] scsi target2:0:0: asynchronous
[    7.428473] scsi 2:0:1:0: Direct-Access     VBOX     HARDDISK         1.0  PQ: 0 ANSI: 5
[    7.433075] scsi target2:0:1: Beginning Domain Validation
[    7.445610] scsi target2:0:1: Domain Validation skipping write tests
[    7.449208] scsi target2:0:1: Ending Domain Validation
[    7.460561] scsi target2:0:1: asynchronous
[    7.523528] sd 2:0:0:0: [sda] 20971520 512-byte logical blocks: (10.7 GB/10.0 GiB)
[    7.535396] sd 2:0:0:0: Attached scsi generic sg0 type 0
[    7.542347] sd 2:0:1:0: [sdb] 20480 512-byte logical blocks: (10.5 MB/10.0 MiB)
[    7.549317] sd 2:0:1:0: Attached scsi generic sg1 type 0
[    7.560346] sd 2:0:0:0: [sda] Write Protect is off
[    7.598182] sd 2:0:1:0: [sdb] Write Protect is off
[    7.606106] sd 2:0:1:0: [sdb] Incomplete mode parameter data
[    7.608766] sd 2:0:1:0: [sdb] Assuming drive cache: write through
[    7.697060] sd 2:0:0:0: [sda] Incomplete mode parameter data
[    7.716022] sd 2:0:0:0: [sda] Assuming drive cache: write through
[    7.829932] sd 2:0:1:0: [sdb] Attached SCSI disk
[    8.021273]  sda: sda1
[    8.026612] sd 2:0:0:0: [sda] Attached SCSI disk
[    8.676565] e1000 0000:00:03.0 eth0: (PCI:33MHz:32-bit) 02:1e:e5:6d:71:21
[    8.723113] e1000 0000:00:03.0 eth0: Intel(R) PRO/1000 Network Connection
[    8.729468] e1000 0000:00:03.0 enp0s3: renamed from eth0
Begin: Loading essential drivers ... [   12.000871] md: linear personality registered for level -1
[   12.029794] md: multipath personality registered for level -4
[   12.104051] md: raid0 personality registered for level 0
[   12.132281] md: raid1 personality registered for level 1
[   12.304128] raid6: sse2x1   gen()  1978 MB/s
[   12.409143] raid6: sse2x1   xor()  3482 MB/s
[   12.510088] raid6: sse2x2   gen()  4092 MB/s
[   12.611016] raid6: sse2x2   xor()  3340 MB/s
[   12.716364] raid6: sse2x4   gen()  5412 MB/s
[   12.821319] raid6: sse2x4   xor()  4960 MB/s
[   12.857032] raid6: using algorithm sse2x4 gen() 5412 MB/s
[   12.976910] raid6: .... xor() 4960 MB/s, rmw enabled
[   12.978677] raid6: using ssse3x2 recovery algorithm
[   13.065915] xor: measuring software checksum speed
[   13.233751]    prefetch64-sse: 16071.000 MB/sec
[   13.288558]    generic_sse: 12825.000 MB/sec
[   13.291744] xor: using function: prefetch64-sse (16071.000 MB/sec)
[   13.305778] async_tx: api initialized (async)
[   13.445835] md: raid6 personality registered for level 6
[   13.477231] md: raid5 personality registered for level 5
[   13.544127] md: raid4 personality registered for level 4
[   13.693304] md: raid10 personality registered for level 10
done.
Begin: Running /scripts/init-premount ... done.
Begin: Mounting root file system ... Begin: Running /scripts/local-top ... done.
Begin: Running /scripts/local-premount ... [   14.077768] Btrfs loaded
Scanning for Btrfs filesystems
done.
Warning: fsck not present, so skipping root file system
[   14.453390] EXT4-fs (sda1): mounted filesystem with ordered data mode. Opts: (null)
done.
Begin: Running /scripts/local-bottom ... done.
Begin: Running /scripts/init-bottom ... [   14.945879] random: nonblocking pool is initialized
done.
[   15.637372] systemd[1]: systemd 229 running in system mode. (+PAM +AUDIT +SELINUX +IMA +APPARMOR +SMACK +SYSVINIT +UTMP +LIBCRYPTSETUP +GCRYPT +GNUTLS +ACL +XZ -LZ4 +SECCOMP +BLKID +ELFUTILS +KMOD -IDN)
[   15.687035] systemd[1]: Detected virtualization oracle.
[   15.791427] systemd[1]: Detected architecture x86-64.

Welcome to [1mUbuntu 16.04.6 LTS[0m!

[   15.823484] systemd[1]: Set hostname to <ubuntu>.
[   15.846682] systemd[1]: Initializing machine ID from random generator.
[   15.877020] systemd[1]: Installed transient /etc/machine-id file.
[   17.371506] systemd[1]: Reached target System Time Synchronized.
[[0;32m  OK  [0m] Reached target System Time Synchronized.
[   17.391149] systemd[1]: Listening on Journal Socket (/dev/log).
[[0;32m  OK  [0m] Listening on Journal Socket (/dev/log).
[   17.417144] systemd[1]: Listening on Journal Socket.
[[0;32m  OK  [0m] Listening on Journal Socket.
[   17.421603] systemd[1]: Listening on udev Kernel Socket.
[[0;32m  OK  [0m] Listening on udev Kernel Socket.
[   17.425473] systemd[1]: Started Trigger resolvconf update for networkd DNS.
[[0;32m  OK  [0m] Started Trigger resolvconf update for networkd DNS.
[   17.510511] systemd[1]: Created slice User and Session Slice.
[[0;32m  OK  [0m] Created slice User and Session Slice.
[   17.540733] systemd[1]: Listening on LVM2 metadata daemon socket.
[[0;32m  OK  [0m] Listening on LVM2 metadata daemon socket.
[   17.552822] systemd[1]: Listening on Journal Audit Socket.
[[0;32m  OK  [0m] Listening on Journal Audit Socket.
[   17.558786] systemd[1]: Started Forward Password Requests to Wall Directory Watch.
[[0;32m  OK  [0m] Started Forward Password Requests to Wall Directory Watch.
[   17.564259] systemd[1]: Reached target User and Group Name Lookups.
[[0;32m  OK  [0m] Reached target User and Group Name Lookups.
[   17.589021] systemd[1]: Listening on Syslog Socket.
[[0;32m  OK  [0m] Listening on Syslog Socket.
[   17.647884] systemd[1]: Listening on /dev/initctl Compatibility Named Pipe.
[[0;32m  OK  [0m] Listening on /dev/initctl Compatibility Named Pipe.
[   17.705236] systemd[1]: Listening on Device-mapper event daemon FIFOs.
[[0;32m  OK  [0m] Listening on Device-mapper event daemon FIFOs.
[   17.799337] systemd[1]: Reached target Encrypted Volumes.
[[0;32m  OK  [0m] Reached target Encrypted Volumes.
[   17.805097] systemd[1]: Set up automount Arbitrary Executable File Formats File System Automount Point.
[[0;32m  OK  [0m] Set up automount Arbitrary Executab...ats File System Automount Point.
[   17.812245] systemd[1]: Created slice System Slice.
[[0;32m  OK  [0m] Created slice System Slice.
[   17.837336] systemd[1]: Starting Create list of required static device nodes for the current kernel...
         Starting Create list of required st... nodes for the current kernel...
[   18.018024] systemd[1]: Mounting POSIX Message Queue File System...
         Mounting POSIX Message Queue File System...
[   18.109742] systemd[1]: Starting Nameserver information manager...
         Starting Nameserver information manager...
[   18.217970] systemd[1]: Starting Load Kernel Modules...
         Starting Load Kernel Modules...
[   18.338259] systemd[1]: Starting Set console keymap...
         Starting Set console keymap...
[   18.375266] systemd[1]: Starting Monitoring of LVM2 mirrors, snapshots etc. using dmeventd or progress polling...
         Starting Monitoring of LVM2 mirrors... dmeventd or progress polling...
[   18.427879] systemd[1]: Reached target Slices.
[   18.520886] Loading iSCSI transport class v2.0-870.
[[0;32m  OK  [0m] Reached target Slices.
[   18.553919] systemd[1]: Starting Journal Service...
         Starting Journal Service...
[   18.631810] systemd[1]: Mounting Huge Pages File System...
         Mounting Huge Pages File System.[   18.670819] iscsi: registered transport (tcp)
..
[   18.725101] systemd[1]: Created slice system-serial\x2dgetty.slice.
[[0;32m  OK  [0m] Created slice system-serial\x2dgetty.slice.
[   18.772031] systemd[1]: Starting Remount Root and Kernel File Systems...
         Starting Remount Root and Kernel File Systems...
[   19.040171] systemd[1]: Mounting Debug File System...
         Mounting Debug File System...
[   19.245752] systemd[1]: Starting Uncomplicated firewall...
         Starting Uncomplicated firewall...
[   19.252707] systemd[1]: Reached target Swap.
[[0;32m  OK  [0m] Reached target Swap.
[   19.261934] systemd[1]: Listening on udev Control Socket.
[[0;32m  OK  [0m] Listening on udev Control Socket.
[   19.354799] systemd[1]: Listening on LVM2 poll daemon socket.
[[0;32m  OK  [0m] Listening on LVM2 poll daemon socket.
[   19.395095] systemd[1]: Mounted POSIX Message Queue File System.
[   19.455799] EXT4-fs (sda1): re-mounted. Opts: (null)
[[0;32m  OK  [0m] Mounted POSIX Message Queue File System.
[   19.650781] systemd[1]: Mounted Huge Pages File System.
[[0;32m  OK  [0m] Mounted Huge Pages File System.
[   19.661366] systemd[1]: Mounted Debug File System.
[[0;32m  OK  [0m] Mounted Debug File System.
[   19.758906] systemd[1]: Started Create list of required static device nodes for the current kernel.
[   19.791071] iscsi: registered transport (iser)
[[0;32m  OK  [0m] Started Create list of required sta...ce nodes for the current kernel.
[   19.880130] systemd[1]: Started Remount Root and Kernel File Systems.
[[0;32m  OK  [0m] Started Remount Root and Kernel File Systems.
[   19.899902] systemd[1]: Started Uncomplicated firewall.
[[0;32m  OK  [0m] Started Uncomplicated firewall.
[   20.107923] systemd[1]: Started Load Kernel Modules.
[[0;32m  OK  [0m] Started Load Kernel Modules.
[   20.272042] systemd[1]: Started Nameserver information manager.
[[0;32m  OK  [0m] Started Nameserver information manager.
[   20.508038] systemd[1]: Started Journal Service.
[[0;32m  OK  [0m] Started Journal Service.
[[0;32m  OK  [0m] Started Set console keymap.
         Starting Apply Kernel Variables...
         Mounting FUSE Control File System...
[[0;32m  OK  [0m] Started LVM2 metadata daemon.
         Starting udev Coldplug all Devices...
         Starting Flush Journal to Persistent Storage...
         Starting Load/Save Random Seed...
         Starting Create Static Device Nodes in /dev...
[[0;32m  OK  [0m] Mounted FUSE Control File System.
[[0;32m  OK  [0m] Started Apply Kernel Variables.
[[0;32m  OK  [0m] Started Load/Save Random Seed.
[[0;32m  OK  [0m] Started Monitoring of LVM2 mirrors,...ng dmeventd or progress polling.
[[0;32m  OK  [0m] Started Create Static Device Nodes in /dev.
         Starting udev Kernel Device Manager...
[[0;32m  OK  [0m] Reached target Local File Systems (Pre).
[[0;32m  OK  [0m] Reached target Local File Systems.
         Starting LSB: AppArmor initialization...
         Starting Set console font and keymap...
         Starting Initial cloud-init job (pre-networking)...
         Starting Commit a transient machine-id on disk...
         Starting Tell Plymouth To Write Out Runtime Data...
[[0;32m  OK  [0m] Started Commit a transient machine-id on disk.
[[0;32m  OK  [0m] Started Flush Journal to Persistent Storage.
[[0;32m  OK  [0m] Started udev Kernel Device Manager.
[[0;32m  OK  [0m] Started Tell Plymouth To Write Out Runtime Data.
         Starting Create Volatile Files and Directories...
[[0;32m  OK  [0m] Started Create Volatile Files and Directories.
         Starting Update UTMP about System Boot/Shutdown...
[[0;32m  OK  [0m] Started Update UTMP about System Boot/Shutdown.
[[0;32m  OK  [0m] Started udev Coldplug all Devices.
[[0;32m  OK  [0m] Started Dispatch Password Requests to Console Directory Watch.
[[0;32m  OK  [0m] Found device /dev/ttyS0.
[[0;32m  OK  [0m] Listening on Load/Save RF Kill Switch Status /dev/rfkill Watch.
[[0;32m  OK  [0m] Started LSB: AppArmor initialization.
[   34.783187] cloud-init[457]: Cloud-init v. 19.1-1-gbaa47854-0ubuntu1~16.04.1 running 'init-local' at Fri, 23 Aug 2019 16:28:22 +0000. Up 29.74 seconds.
[[0;32m  OK  [0m] Started Initial cloud-init job (pre-networking).
[[0;32m  OK  [0m] Reached target Network (Pre).
         Starting Raise network interfaces...
[[0;32m  OK  [0m] Started Set console font and keymap.
[[0;32m  OK  [0m] Created slice system-getty.slice.
[[0;32m  OK  [0m] Started Raise network interfaces.
         Starting Initial cloud-init job (metadata service crawler)...
[[0;32m  OK  [0m] Reached target Network.
[   49.335023] cloud-init[940]: Cloud-init v. 19.1-1-gbaa47854-0ubuntu1~16.04.1 running 'init' at Fri, 23 Aug 2019 16:28:36 +0000. Up 43.92 seconds.
[   49.367221] cloud-init[940]: ci-info: ++++++++++++++++++++++++++++++++++++++Net device info++++++++++++++++++++++++++++++++++++++
[   49.393852] cloud-init[940]: ci-info: +--------+------+----------------------------+---------------+--------+-------------------+
[   49.414445] cloud-init[940]: ci-info: | Device |  Up  |          Address           |      Mask     | Scope  |     Hw-Address    |
[   49.452867] cloud-init[940]: ci-info: +--------+------+----------------------------+---------------+--------+-------------------+
[   49.466214] cloud-init[940]: ci-info: | enp0s3 | True |         10.0.2.15          | 255.255.255.0 | global | 02:1e:e5:6d:71:21 |
[   49.526847] cloud-init[940]: ci-info: | enp0s3 | True | fe80::1e:e5ff:fe6d:7121/64 |       .       |  link  | 02:1e:e5:6d:71:21 |
[   49.537775] cloud-init[940]: ci-info: |   lo   | True |         127.0.0.1          |   255.0.0.0   |  host  |         .         |
[   49.645308] cloud-init[940]: ci-info: |   lo   | True |          ::1/128           |       .       |  host  |         .         |
[   49.655774] cloud-init[940]: ci-info: +--------+------+----------------------------+---------------+--------+-------------------+
[   49.725130] cloud-init[940]: ci-info: +++++++++++++++++++++++++++Route IPv4 info++++++++++++++++++++++++++++
[   49.736298] cloud-init[940]: ci-info: +-------+-------------+----------+---------------+-----------+-------+
[   49.749265] cloud-init[940]: ci-info: | Route | Destination | Gateway  |    Genmask    | Interface | Flags |
[   49.775163] cloud-init[940]: ci-info: +-------+-------------+----------+---------------+-----------+-------+
[   49.913647] cloud-init[940]: ci-info: |   0   |   0.0.0.0   | 10.0.2.2 |    0.0.0.0    |   enp0s3  |   UG  |
[[   49.926378] cloud-init[940]: ci-info: |   1   |   10.0.2.0  | 0.0.0.0  | 255.255.255.0 |   enp0s3  |   U   |
[0;32m  OK  [0m] Started Initial cloud-init job (metadata service crawler).
[   49.932531] cloud-init[940]: ci-info: +-------+-------------+----------+---------------+-----------+-------+
[   50.053678] cloud-init[940]: ci-info: +++++++++++++++++++Route IPv6 info+++++++++++++++++++
[   50.061924] cloud-init[940]: ci-info: +-------+-------------+---------+-----------+-------+[[0;32m  OK  [0m] Reached target System Initialization.

[   50.088566] cloud-init[940]: ci-info: | Route | Destination | Gateway | Interface | Flags |
         Starting LXD - unix socket.
[[0;32m  OK  [0m] Listening on UUID daemon activation socket.[   50.116724] cloud-init[940]: ci-info: +-------+-------------+---------+-----------+-------+
[[0;32m  OK  [0m] Started Daily Cleanup of Temporary Directories.
[   50.146357] cloud-init[940]: ci-info: |   0   |  fe80::/64  |    ::   |   enp0s3  |   U   |

[[0;32m  OK  [0m] Listening on D-Bus System Message Bus Socket.
[   50.158419] cloud-init[940]: ci-info: |   4   |   ff00::/8  |    ::   |   enp0s3  |   U   |
[[   50.186977] [0;32m  OK  [0m] Started ACPI Events Check.cloud-init[940]: ci-info: +-------+-------------+---------+-----------+-------+
[[0;32m  OK  [0m] Reached target Paths.

[   50.209950] cloud-init[940]: Generating public/private rsa key pair.
         Starting Socket activation for snappy daemon.
[   50.232888] cloud-init[940]: [[0;32m  OK  [0mYour identification has been saved in /etc/ssh/ssh_host_rsa_key.
[   50.246372] cloud-init[940]: ] Listening on ACPID Listen Socket.
Your public key has been saved in /etc/ssh/ssh_host_rsa_key.pub.
[[0;32m  OK  [0m[   50.266520] cloud-init[940]: ] Started Daily apt download activities.
[[0;32m  OK  [0mThe key fingerprint is:
[   50.280387] cloud-init[940]: SHA256:Yq77ryjmZeoMYd+de91zGxUXubgKXUaWyLd+aAyqDXo root@ubuntu-xenial] Started Daily apt upgrade and clean activities.
[[0;32m  OK  [0m] Reached target Timers.

[   50.288537] cloud-init[[0;32m  OK  [0m] Reached target Network is Online.[940]: The key's randomart image is:
[   50.298185] cloud-init[940]: +---[RSA 2048]----+

[   50.300043] cloud-init[940]: |          . . ...|
         Starting iSCSI initiator daemon (iscsid)...
[[0;32m  OK  [0m] Reached target Cloud-config availability.
[   50.371465] cloud-init[940]: |           o = ..|
[   50.624922] cloud-init[940]: |            + o.o|
[   50.630494] [[0;32m  OK  [0m] Listening on LXD - unix socket.
cloud-init[940]: |           . = .o|
[   50.702575] cloud-init[940]: |..    o S o * o .|
[   50.706820] cloud-init[940]: |... .o.o.o . * ..|
[[0;32m  OK  [0m] Listening on Socket activation for snappy daemon.
[   50.783499] cloud-init[940]: |.  .o.oo+ o + .. |
[   50.834713] cloud-init[940]: | oo+ + E.o o o ..|
[   50.849754] cloud-init[940]: | +=.+o++o     o..|
[   50.882288] cloud-init[940]: +----[SHA256]-----+
[   50.888359] cloud-init[940]: Generating public/private dsa key pair.[[0;32m  OK  [0m] Reached target Sockets.
[[0;32m  OK  [0m] Reached target Basic System.
[[0;32m  OK  [0m
[   50.941851] cloud-init[940]: Your identification has been saved in /etc/ssh/ssh_host_dsa_key.
[   50.966314] cloud-init[940]: Your public key has been saved in /etc/ssh/ssh_host_dsa_key.pub.
[   50.966543] cloud-init[940]: The key fingerprint is:
[   50.967855] cloud-init[940]: SHA256:5QuQQIznXjQGY2oBT1FCjPYhf2sj8dipu76qV33hx9Y root@ubuntu-xenial
[   50.972348] cloud-init[940]: The key's randomart image is:
[   50.972584] cloud-init[940]: +---[DSA 1024]----+
[   50.972819] cloud-init[940]: |.=**B.           |
[   50.973036] cloud-init[940]: |.=o*oo+.         |
[   50.973249] cloud-init[940]: |. Bo.oo.  .      |
[   50.973475] cloud-init[940]: | . +.....o       |
[   50.973751] cloud-init[940]: |   .*oo.So..     |
[   50.973977] cloud-init[940]: |   ooB. o.+.E    |
[   50.974195] cloud-init[940]: |   .+ .. o.      |
[   50.976058] cloud-init[940]: |  ..             |
[   50.993749] cloud-init[940]: |ooo=+            |
] Started Deferred execution scheduler.
[   51.114442] cloud-init[940]: +----[SHA256]-----+
         Starting Pollinate to seed the pseudo random number generator...
         Starting LSB: Record successful boot for GRUB...
[   51.316079] cloud-init[940]: Generating public/private ecdsa key pair.
         Starting Virtualbox guest utils...
         [   51.344884] cloud-init[940]: Your identification has been saved in /etc/ssh/ssh_host_ecdsa_key.
[   51.484152] cloud-init[940]: Your public key has been saved in /etc/ssh/ssh_host_ecdsa_key.pub.
[   51.484380] cloud-init[940]: The key fingerprint is:
[   51.484599] cloud-init[940]: SHA256:o6JWYJntn+1f4dlAQWyotuTj6BdpWJMTKBVedq3a3z8 root@ubuntu-xenial
[   51.484812] cloud-init[940]: The key's randomart image is:
[   51.485030] cloud-init[940]: +---[ECDSA 256]---+
[   51.485249] cloud-init[940]: |     .ooo .=o    |
[   51.485461] cloud-init[940]: |    ...o... +.   |
[   51.485679] cloud-init[940]: |   + ..  + o.    |
[   51.485895] cloud-init[940]: |  = .   O ..     |
[   51.486109] cloud-init[940]: | . o   *SB  o    |
[   51.486328] cloud-init[940]: |    o ..O... =   |
[   51.486591] cloud-init[940]: |   ....* o .+..  |
[   51.486814] cloud-init[940]: |  .. .+ +  .. .E |
Starting /etc/rc.local Compatibility...
         Starting Accounts Service...
[   51.825089]          cloud-init[940]: | ..  ..o...    .o|
[   51.854402] Starting LSB: MD monitoring daemon...
cloud-init[940]: +----[SHA256]-----+[[0;32m  OK  [0m] Started D-Bus System Message Bus.

[   52.130417] cloud-init[940]: Generating public/private ed25519 key pair.
[   52.152338] cloud-init[940]: Your identification has been saved in /etc/ssh/ssh_host_ed25519_key.
[   52.172445] cloud-init[940]: Your public key has been saved in /etc/ssh/ssh_host_ed25519_key.pub.
[   52.217987] cloud-init[940]: The key fingerprint is:
[   52.224940] cloud-init[940]: SHA256:B18BLKjXN25M51a9ahn1+eVTXe992HAhdjZBRMDvzns root@ubuntu-xenial
[   52.251338] cloud-init[940]: The key's randomart image is:
[   52.349115] cloud-init[940]: +--[ED25519 256]--+
[   52.377112] cloud-init[940]: |       . ...o.=+ |
[   52.391122] cloud-init[940]: |      . . .  o . |
[   52.440991] cloud-init[940]: |     . ...  . ...|
[   52.516392] cloud-init[940]: |    . . .o+..o.Bo|
[   52.518619] cloud-init[940]: |     .  S=o+..* X|
[   52.528732] cloud-init[940]: |         .+ o..+B|
[   52.540020] cloud-init[940]: |         . .  *B=|
[   52.545064] cloud-init[940]: |             +.+E|
[   52.560085] cloud-init[940]: |            .  .=|
[   52.588525] cloud-init[940]: +----[SHA256]-----+
[[0;32m  OK  [0m] Started ACPI event daemon.
         Starting Login Service...
         Starting System Logging Service...
[[0;32m  OK  [0m] Started Regular background program processing daemon.
[[0;32m  OK  [0m] Started FUSE filesystem for LXC.
         Starting LXD - container startup/shutdown...
         Starting Snappy daemon...
[[0;32m  OK  [0m] Started iSCSI initiator daemon (iscsid).
[[0;32m  OK  [0m] Started /etc/rc.local Compatibility.
[[0;32m  OK  [0m] Started System Logging Service.
         Starting Authenticate and Authorize Users to Run Privileged Tasks...
         Starting Login to default iSCSI targets...
[[0;32m  OK  [0m] Started Login Service.
[[0;32m  OK  [0m] Started Unattended Upgrades Shutdown.
[[0;32m  OK  [0m] Started LSB: Record successful boot for GRUB.
[[0;32m  OK  [0m] Started Authenticate and Authorize Users to Run Privileged Tasks.
[[0;32m  OK  [0m] Started Login to default iSCSI targets.
[[0;32m  OK  [0m] Reached target Remote File Systems (Pre).
[[0;32m  OK  [0m] Reached target Remote File Systems.
         Starting LSB: Set the CPU Frequency Scaling governor to "ondemand"...
         Starting LSB: automatic crash report generation...
         Starting LSB: daemon to balance interrupts for SMP systems...
         Starting Permit User Sessions...
[[0;32m  OK  [0m] Started LSB: MD monitoring daemon.
[[0;32m  OK  [0m] Started Accounts Service.
[[0;32m  OK  [0m] Started Permit User Sessions.
         Starting Terminate Plymouth Boot Screen...
         Starting Hold until boot process finishes up...
[[0;32m  OK  [0m] Started Hold until boot process finishes up.
         Starting Set console scheme...
[[0;32m  OK  [0m] Started Getty on tty1.
[[0;32m  OK  [0m] Started Serial Getty on ttyS0.
[[0;32m  OK  [0m] Reached target Login Prompts.
[[0;32m  OK  [0m] Started Terminate Plymouth Boot Screen.
[[0;32m  OK  [0m] Started Set console scheme.
[[0;32m  OK  [0m] Started LSB: Set the CPU Frequency Scaling governor to "ondemand".
[[0;32m  OK  [0m] Started LSB: daemon to balance interrupts for SMP systems.
[[0;32m  OK  [0m] Started LSB: automatic crash report generation.
[[0;32m  OK  [0m] Started Virtualbox guest utils.
[[0;32m  OK  [0m] Started LXD - container startup/shutdown.
[[0;32m  OK  [0m] Started Snappy daemon.
         Starting Wait until snapd is fully seeded...
[[0;32m  OK  [0m] Started Pollinate to seed the pseudo random number generator.
         Starting OpenBSD Secure Shell server...
[[0;32m  OK  [0m] Started OpenBSD Secure Shell server.

Ubuntu 16.04.6 LTS ubuntu-xenial ttyS0

ubuntu-xenial login: [   68.822817] cloud-init[1346]: Generating locales (this might take a while)...
[   77.287777] cloud-init[1346]:   en_US.UTF-8... done
[   77.562655] cloud-init[1346]: Generation complete.
[   80.667773] cloud-init[1346]: Cloud-init v. 19.1-1-gbaa47854-0ubuntu1~16.04.1 running 'modules:config' at Fri, 23 Aug 2019 16:28:59 +0000. Up 67.15 seconds.
ci-info: no authorized ssh keys fingerprints found for user ubuntu.
<14>Aug 23 16:29:17 ec2: 
<14>Aug 23 16:29:17 ec2: #############################################################
<14>Aug 23 16:29:17 ec2: -----BEGIN SSH HOST KEY FINGERPRINTS-----
<14>Aug 23 16:29:17 ec2: 1024 SHA256:5QuQQIznXjQGY2oBT1FCjPYhf2sj8dipu76qV33hx9Y root@ubuntu-xenial (DSA)
<14>Aug 23 16:29:17 ec2: 256 SHA256:o6JWYJntn+1f4dlAQWyotuTj6BdpWJMTKBVedq3a3z8 root@ubuntu-xenial (ECDSA)
<14>Aug 23 16:29:17 ec2: 256 SHA256:B18BLKjXN25M51a9ahn1+eVTXe992HAhdjZBRMDvzns root@ubuntu-xenial (ED25519)
<14>Aug 23 16:29:17 ec2: 2048 SHA256:Yq77ryjmZeoMYd+de91zGxUXubgKXUaWyLd+aAyqDXo root@ubuntu-xenial (RSA)
<14>Aug 23 16:29:17 ec2: -----END SSH HOST KEY FINGERPRINTS-----
<14>Aug 23 16:29:17 ec2: #############################################################
-----BEGIN SSH HOST KEY KEYS-----
ecdsa-sha2-nistp256 AAAAE2VjZHNhLXNoYTItbmlzdHAyNTYAAAAIbmlzdHAyNTYAAABBBNt24WIDzBE+5RknzuEBp1jFA8LR3douvfvOa2+9ybrcNHb5pmu+STUDwtfpii3OJuAcC0sKEJ+cGRTkOZZta+4= root@ubuntu-xenial
ssh-ed25519 AAAAC3NzaC1lZDI1NTE5AAAAILRMg1J6XdeAyDFcKCFwOpefqoRMPa0CciuW/cYGEovJ root@ubuntu-xenial
ssh-rsa AAAAB3NzaC1yc2EAAAADAQABAAABAQDfEgqUOjjqWM6HYfHBjy1uhzGMiAUAtUsLTDrOeiCn2X7sAHNS63QyTfbhZ/83hDuhjU+ukz9jJO9CBTGAS1f1rrM5MedmGTvLn/abwJ579BDEhAjMB8CSCWdr35baARlghmpHjr8IZ8WiIGtQ7ovUGAvu8O20eShNKLCxxwL+JNr3ot6qkyxMmx938xYp9bpHferyhvyT9zI7Y7d8Ey2OyCVH3qFFaQb2kRG2w7l6gO/RbZqw8SqJ9ZP1iIfB9R/qvuMc50NT6+IYyROIdu/jimiDNOJrZdSx4BIsHmhMCASZ7gLBsMf6oxuqN+HxRYaDXy08ux+2ukN+J4oiZORd root@ubuntu-xenial
-----END SSH HOST KEY KEYS-----
[   86.171824] cloud-init[1564]: Cloud-init v. 19.1-1-gbaa47854-0ubuntu1~16.04.1 running 'modules:final' at Fri, 23 Aug 2019 16:29:16 +0000. Up 84.42 seconds.
[   86.172770] cloud-init[1564]: ci-info: no authorized ssh keys fingerprints found for user ubuntu.
[   86.173340] cloud-init[1564]: Cloud-init v. 19.1-1-gbaa47854-0ubuntu1~16.04.1 finished at Fri, 23 Aug 2019 16:29:18 +0000. Datasource DataSourceNoCloud [seed=/dev/sdb][dsmode=net].  Up 86.09 seconds
