[    0.000000] Initializng cgroup subsys cpuset
[    0.000000] Initializing cgroup subsys cpu
[    0.000000] Initializing cgroup subsys cpuacct
[    0.000000] Linux version .40-154-generic (buildd@lgw01-amd64-049) (gcc version 5.4.0 20160609 (Ubuntu 5.4.0-6ubuntu1~16.04.10) ) #181-Ubuntu SMP Tue Jun 25 05:29:03 UTC 2019 (Ubuntu 4.4.0-154.181-generic 4.4.179)
[    0.000000] Command line: BOOT_IMAGE=/boot/vmlinuz-4.4.0-154-generic root=LABEL=cloudimg-rootfs ro console=tty1 console=ttyS0
[    0.000000]KERNL supported cpus:
[    0.000000]   Intel GenuineIntel
[    0.000000]   AMD AuthenticAMD
[    0.000000]   Centaur CentaurHauls
[    0.000000] x86/fpu: Legacy x87 FPU detected.
[    0.0000] e80: BIOS-provided physical RAM map:
[    0.000000] IOS-e820: [mem 0x0000000000000000-0x000000000009fbff] usable
[    0.000000] BIOS-e820: [mem 0x000000000009fc00-0x000000000009ffff] reserved
[    0.000000] BIOS-e820: [mem 0x00000000000f0000-0x00000000000fffff] reserved
[    0.000000] BIOS-e820: [mem 0x0000000000100000-0x000000003ffeffff] usable
[    0.000000] BIOS-e820: [mem 0x000000003fff0000-0x000000003fffffff] ACPI data
[    0.000000] BIOS-e820: [mem 0x00000000fec0000-0x00000000fec00fff] reserved
[    0.000000] BIOS-e820: [mem 0x00000000fee00000-0x0000000fee00fff] reservd
[    0.000000] BIOS-e820: [mem 0x00000000fffc0000-0x00000000ffffffff] reserved
[    0.000000] NX (Execute Disable) protection: active
[    0.000000] SMBIOS 2.5 present.
[    0.000000] Hypervisor detected: KVM
[    000000] e820: last_pfn = 0x3fff0 max_arch_pfn = 0x400000000
[    0.000000] MTRR: Disabled
[    0.000000] x86/PAT: MTRRs disabled, skipping PT initialization too.
[    0.000000] CPU MTRRs all blank - virtuaizedsystem.
[    0.000000] x86/PAT: Configuration [0-7]: WB  WT  UC- UC  WB  WT  UC- UC  
[    0.000000] fund SMP MP-tableat [mem 0x009fff0-0x0009ffff mapped at [ffff88000009fff0]
[    0.000000] Scanning 1 areas for low memory corruption
[   0.00000] RAMDISK: [mem 0x362fa000-0x3714fff]
[    0.000000] ACPI: Early table checksum verification disabled
[    0.000000] ACPI: RSDP 0x00000000E0000 000024 (v02 VOX  )[    0.00000] ACPI: XSDT 0x000000003FFF0030 00003C (v01 VBOX   VBOXXSDT 00000001ASL  00000061)
[    0.000000] ACPI: FACP 0x000000003FFF00F0 0000F4 (v04 VBOX   VBOXFACP 00000001 ASL  00000061)
[    0.00000] ACPI: DSDT 0x000000003FFF0470 0021FF (v02 VBOX   VBOXBIOS 00000002 INTL 20180105)
[    0.000000] ACPI: ACS 0x000000003FFF0200 000040
[    0.00000] ACPI: FACS 0x000000003FFF0200 000040
[    0.000000] ACPI: APIC 0x000000003FFF0240 00005C (v02 VBOX   VBOXAPIC 00000001 ASL  00000061)
[    0.000000] ACPI: SSDT 0x00000000FFF02A0 0001CC (v01 VBOX   VBOXCPUT 00000002 INTL 20180105)
[    0.000000] No NUMA configuration found
[    0.000000] Faking a node at [mem 0x0000000000000000-0x000000003ffeffff]
[    0.000000] NODE_DATA(0) allocated [mem 0x3ffeb000-0x3ffffff][    0.000000] kvm-clock: Using msrs 4b564d01 and 4b564d00
[    0.000000] kvm-clock: cpu 0, msr 0:3ffe3001, primary cpu clock
[   0.000000] kvm-clock: using sched offset of 5260552240 cycles
[    0.000000] clocksource: kvm-clock: mask: 0xffffffffffffff max_cycles: 0x1cd424dfb, max_dle_ns: 881590591483 ns
[    0.000000] Zone ranges:
[    0.000000]   DMA      [mem 0x0000000000001000-0x0000000000ffffff]
[    0.000000]   DMA32    [mem 0x0000000001000000-0x000000003ffeffff]
[    0.000000]   Normal   empty
[    0.000000]   Device   empty
[    0.000000] Movable zone start for each node
[    0.000000] Early memory node ranges
[    0.000000]   node   0: [mem 0x0000000000001000-0x000000000009efff]
[    0.000000]   node   0: [mem 0x0000000000100000-0x000000003ffeffff]
[    0.000000] Initmem setup node 0 [mem 0x0000000000001000-0x000000003ffeffff]
[    0.000000] ACPI: PM-Timer IO Port: 0x4008
[    0.000000] IOAPIC[0]: apic_id 2, version 32, address 0xfec00000, GSI 0-23
[    0.000000] ACPI: INT_SRC_OVR (bus 0 bus_irq 0 global_irq 2 dfl dfl)
[    0.00000] ACPI: IN_SRC_OVR (bus 0 bus_irq 9 global_irq 9 low level)
[  0.00000] Using CPI (MDT) fo SMP cnfiguration nfortion
[    0.000000] smpboot: Allowing 2 CPUs, 0 hotplug CPUs
[    0.000000] PM: Registered nosave memory: [mem 0x00000000-0x00000fff]
[    0.00000] PM: Registered nosave memory: [mem 0x0009f000-0x0009ffff]
[    0.000000 PM: Registered nosave memory: [mem 0x000a0000-0x000effff]
[    0.000000] PM: Registered nosave memory: [mem 0x000f0000-0x000fffff]
[    0.000000] e820: [mem 0x40000000-0xfebfffff] aailable for PCI devices
[    0.000000] Booting paravirtualized kernel on KVM
[    0.000000] clocksource: refined-jiffies: mask: 0xffffffff max_cycles: 0xffffffff, max_idle_ns: 7645519600211568 ns
[    0.000000] setup_percpu: NR_CPUS:512 nr_cpumask_bits:512 nr_cp_ids:2 nr_node_ids:1
    0.000000] PERCPU Embdded 34 pages/cpu @ffff88003fc00000 s99480 r8192 d31592 u1048576
[    0.000000]Built 1 zonelists in Node order, mobility grouping on.  Total pages: 257912
[   .000000] Policy zone: DMA32
[    0.000000] Kernel command line: BOOT_IMAGE=/boot/vmlinuz-4.4.0-154-generic root=LABEL=cloudimg-rotfs ro console=tty1 console=ttyS0
[    0.000000] PID hash table entres: 4096 (order: 3, 32768 bytes)
[    0.000000] Memory: 997732K/1048120K available (8613K kernel code, 1335K rwdata, 4028K rodata, 1484K init, 1284K bss, 50388K reserved, 0K cma-reserved)
[    0.000000] SLUB: HWalign=64, Order=0-3, MinObjects=0, CPUs=2, Nodes=1
[    0.000000] Kernel/User page tables isolation: enabled
[    0.000000 Hierarchical RCU implementation.
[    0.000000] 	Build-time adjustment of leaf fanout to 64.
[    0.000000] 	RCU restricting CPUs fromNR_CPU=52 to nr_cpu_ids=2.
[    0.0000] RCU: Adjusting geometry for rcu_fanout_leaf=64, nr_cpu_is=2
[    0.000000] NR_IRQS:33024 nr_irqs:440 16
[    0.000000] Console: colour VGA+ 80x25
[    0.000000] console [tty1] enabled
[    0.000000] console [ttyS0] enabled
[    0.000000] tsc: Detected 2992.498 MHz processor
[    2.574057] Calibrating delay loop (skipped) preset value.. 5984.99 BogoMIPS (lpj=11969992)
[    2.576943] pid_max: default: 32768 minimum: 301
[   2.578458] ACPI: Core revision 20150930

[    2.600524] ACPI: 2 ACPI AML tables successfully acquired and loaded
[    2.643235] Security Framework initialized
[    2.650575] Yama: becoming mindful.
[    2.709008] AppArmor: AppArmor initialized
[    2.761315] Dentry cache hash table entries: 131072 (order: 8, 1048576 bytes)
[    2.806186] Inode-cache hash table entries: 65536 (order: 7, 524288 bytes)
[    2.808468] Mount-cache hash table entries: 2048 (order: 2, 16384 bytes)
[    2.839383] Mountpoint-cache hash table entries: 2048 (order: 2, 16384 bytes)
[    2.842349] Initializing cgroup subsys io
[    2.843761] Initializing cgroup subsys memory
[    2.845241] Initializing cgroup subsys devices
[    2.846733] Initializing cgroup subsys freezer
[    2.848240] Initializing cgroup subsys net_cls
[    2.849734] Initializing cgroup subsys perf_event
[    2.851272] Initializing cgroup subsys net_prio
[    2.877242] Initializing cgroup subsys hugetlb
[    2.921949] Initializing cgroup subsys pids
[    2.923509] mce: CPU supports 0 MCE banks
[    2.924957] Last level iTLB entries: 4KB 128, 2MB 4, 4MB 4
[    2.926654] Last level dTLB entries: 4KB 256, 2MB 0, 4MB 32, 1GB 0
[    2.968643] Spectre V2 : Mitigation: Full generic retpoline
[    3.060229] Spectre V2 : Spectre v2 / SpectreRSB mitigation: Filling RSB on context switch
[    3.089576] Speculative Store Bypass: Vulnerable
[    3.106025] MDS: Vulnerable: Clear CPU buffers attempted, no microcode
[    3.140321] Freeing SMP alternatives memory: 36K
[    3.149596] ftrace: allocating 32299 entries in 127 pages
[    3.220947] smpboot: APIC(0) Converting physical 0 to logical package 0
[    3.314349] smpboot: Max logical packages: 1
[    3.316398] x2apic enabled
[    3.337026] Switched APIC routing to physical x2apic.
[    3.363528] ..TIMER: vector=0x30 apic1=0 pin1=2 apic2=-1 pin2=-1
[    3.551388] smpboot: CPU0: Intel(R) Core(TM)2 Duo CPU     E8400  @ 3.00GHz (family: 0x6, model: 0x17, stepping: 0xa)
[    3.624378] Performance Events: unsupported p6 CPU model 23 no PMU driver, software events only.
[    3.758684] KVM setup paravirtual spinlock
[    3.830264] x86: Booting SMP configuration:
[    3.868617] .... node  #0, CPUs:      #1
[    3.888905] kvm-clock: cpu 1, msr 0:3ffe3041, secondary cpu clock
[    3.900019] mce: CPU supports 0 MCE banks
[    3.903227] x86: Booted up 1 node, 2 CPUs
[    3.911492] smpboot: Total of 2 processors activated (11969.99 BogoMIPS)
[    3.914100] devtmpfs: initialized
[    3.921114] evm: security.selinux
[    3.922358] evm: security.SMACK64
[    3.923594] evm: security.SMACK64EXEC
[    3.926006] evm: security.SMACK64TRANSMUTE
[    3.932758] evm: security.SMACK64MMAP
[    3.934074] evm: security.ima
[    3.935236] evm: security.capability
[    3.942079] clocksource: jiffies: mask: 0xffffffff max_cycles: 0xffffffff, max_idle_ns: 7645041785100000 ns
[    3.945248] futex hash table entries: 512 (order: 3, 32768 bytes)
[    3.947263] pinctrl core: initialized pinctrl subsystem
[    3.949104] RTC time: 17:14:50, date: 08/23/19
[    3.954207] NET: Registered protocol family 16
[    3.969233] cpuidle: using governor ladder
[    4.004117] cpuidle: using governor menu
[    4.036982] PCCT header not found.
[    4.072321] ACPI: bus type PCI registered
[    4.081070] acpiphp: ACPI Hot Plug PCI Controller Driver version: 0.5
[    4.140458] PCI: Using configuration type 1 for base access
[    4.152843] ACPI: Added _OSI(Module Device)
[    4.173298] ACPI: Added _OSI(Processor Device)
[    4.174777] ACPI: Added _OSI(3.0 _SCP Extensions)
[    4.176345] ACPI: Added _OSI(Processor Aggregator Device)
[    4.184213] ACPI: Executed 1 blocks of module-level executable AML code
[    4.188857] ACPI: Interpreter enabled
[    4.190186] ACPI: (supports S0 S5)
[    4.191449] ACPI: Using IOAPIC for interrupt routing
[    4.221850] PCI: Using host bridge windows from ACPI; if necessary, use "pci=nocrs" and report a bug
[    4.286512] ACPI: PCI Root Bridge [PCI0] (domain 0000 [bus 00-ff])
[    4.288422] acpi PNP0A03:00: _OSC: OS supports [ASPM ClockPM Segments MSI]
[    4.290438] acpi PNP0A03:00: _OSC: not requesting OS control; OS requires [ExtendedConfig ASPM ClockPM MSI]
[    4.313113] acpi PNP0A03:00: fail to add MMCONFIG information, can't access extended PCI configuration space under this bridge.
[    4.443540] PCI host bridge to bus 0000:00
[    4.473511] pci_bus 0000:00: root bus resource [io  0x0000-0x0cf7 window]
[    4.475493] pci_bus 0000:00: root bus resource [io  0x0d00-0xffff window]
[    4.501607] pci_bus 0000:00: root bus resource [mem 0x000a0000-0x000bffff window]
[    4.569701] pci_bus 0000:00: root bus resource [mem 0x40000000-0xfdffffff window]
[    4.661822] pci_bus 0000:00: root bus resource [bus 00-ff]
[    4.740651] pci 0000:00:01.1: legacy IDE quirk: reg 0x10: [io  0x01f0-0x01f7]
[    4.755105] pci 0000:00:01.1: legacy IDE quirk: reg 0x14: [io  0x03f6]
[    4.797604] pci 0000:00:01.1: legacy IDE quirk: reg 0x18: [io  0x0170-0x0177]
[    4.838697] pci 0000:00:01.1: legacy IDE quirk: reg 0x1c: [io  0x0376]
[    4.931103] pci 0000:00:07.0: quirk: [io  0x4000-0x403f] claimed by PIIX4 ACPI
[    4.935589] pci 0000:00:07.0: quirk: [io  0x4100-0x410f] claimed by PIIX4 SMB
[    4.969067] ACPI: PCI Interrupt Link [LNKA] (IRQs 5 9 10 *11)
[    4.986204] ACPI: PCI Interrupt Link [LNKB] (IRQs 5 9 *10 11)
[    5.015144] ACPI: PCI Interrupt Link [LNKC] (IRQs 5 *9 10 11)
[    5.025416] ACPI: PCI Interrupt Link [LNKD] (IRQs 5 9 10 *11)
[    5.046306] ACPI: Enabled 2 GPEs in block 00 to 07
[    5.088858] vgaarb: setting as boot device: PCI:0000:00:02.0
[    5.105561] vgaarb: device added: PCI:0000:00:02.0,decodes=io+mem,owns=io+mem,locks=none
[    5.108309] vgaarb: loaded
[    5.114757] vgaarb: bridge control possible 0000:00:02.0
[    5.117103] SCSI subsystem initialized
[    5.118905] ACPI: bus type USB registered
[    5.153678] usbcore: registered new interface driver usbfs
[    5.169739] usbcore: registered new interface driver hub
[    5.251229] usbcore: registered new device driver usb
[    5.253715] PCI: Using ACPI for IRQ routing
[    5.301825] NetLabel: Initializing
[    5.332838] NetLabel:  domain hash size = 128
[    5.334319] NetLabel:  protocols = UNLABELED CIPSOv4
[    5.362652] NetLabel:  unlabeled traffic allowed by default
[    5.398182] amd_nb: Cannot enumerate AMD northbridges
[    5.399929] clocksource: Switched to clocksource kvm-clock
[    5.42448] AppArmor: AppArmor Filesystem Enabled
[    5.500279] pnp: PnP ACPI init
[    5.502513] pnp: PnP ACPI: found 3 devices

[   5.515861 clocksource: acpi_pm: mask: 0xffffff max_cycles: 0xffffff, max_idle_ns: 2085701024 ns
[    5.57704] NET: Registered protocol family 2

[    5.609455] TCP established hash table entries: 8192 (order: 4, 65536 bytes)
[    5.611558] TCP bind hash table entries 8192 (order: 5, 131072 bytes)
[    5.643206] TCP: Hash tables configured (established 8192 bind 8192)
[    5.645191] UDP hash table entries: 512 (order: 2,16384 bytes)
[    5.676669] UDP-Lite hash tableentries: 512 (order: 2, 16384 bytes)
[    5.732348] NET: Registered protocol family 1
[    5.733869] pci 000000:00.0: Limiting direct PCI/PCI transfers
[    5.765293] pci 000:00:01.0: Actiating ISA DMA hang workarounds
[    .827049 Unpacking initramfs...
[  6.143146] Freeing initrd memory: 14828K
[  6.204103] clocksource: tsc: mask: 0xffffffffffff max_cycles: 0x2b2296bc2b9, max_idle_ns: 440795321505 ns
[    6.384225] platform rtc_cmos: registered platform RTC device (no PNP devic found)
[    6.416458] Scning for low memory corruption every 60 seconds

[    6.478191] audit: initializing netlink subsys (disabled)
[    6.580164] audit: type=2000 audit(1566580494.658:1): initialized
[    6.599225] Initialise system trusted keyring
[    6.600967] HugeTLB registered 2 MB page size, pre-allocated 0 pages
[    6.605070] zbud: loaded
[    6.606556] VFS: Disk quotas dquot_6.6.0
[    6.608106] VFS: Dquot-cache hash table entries: 512 (order 0, 4096 bytes)
[    6.610436] squashfs: version 4.0 (2009/0/31) Phillip Lougher
[   6.661847] fuse init (API version 7.23)

[   6.700426] Key type big_key reggistered
[    6.744814] Allocating IMA MOK and blacklist keyrings.
[    6.748115] Key type asymmetric registered
[    6.789964] Asymmetric key parser 'x509' registered
[    6.865849] Block layer SCSI generic (bsg) driver version 0.4 loaded (major 249)
[    6.909632] io scheduler noop registered
[    6.941712] io scheduler deadline registered (default)
[    6.943415] io scheduler cfq registered
[    6.961259] pci_hotplug: PCI Hot Plug PCI Core version: 0.5
[    6.962985] pciehp: PCI Express Hot Plug Controller Driver version: 0.4
[    6.965124] ACPI: AC Adapter [AC] (on-line)
[    6.982721] input: Power Button as /devices/LNXSYSTM:00/LNXPWRBN:00/input/input0
[    6.996117] ACPI: Power Button [PWRF]
[    7.002922] input: Sleep Button as /devices/LNXSYSTM:00/LNXSLPBN:00/input/input1
[    7.035985] ACPI: Sleep Button [SLPF]
[    7.042711] GHES: HEST is not enabled!
[    7.044296] Serial: 8250/16550 driver, 32 ports, IRQ sharing enabled
[    7.069252] 00:02: ttyS0 at I/O 0x3f8 (irq = 4, base_baud = 115200) is a 16550A
[    7.073779] Linux agpgart interface v0.103
[    7.077796] loop: module loaded
[    7080115] scsi host0: ata_piix

[    7.1729]sci host1: ata_piix

[    7.245265] ata1: PATA max UDMA/33 cmd 0x1f0 ctl 0x3f6 bmdma 0xd000 irq 14
[    7.249665] ata2: PATA max DM/33 cmd 0x170 ctl 0x376 bmdma 0xd008 irq 15

[   7.13520] libphy: Fixed MDIO us: probed
[   .409149] tun: Universal TUN/TAP device driver, 1.6

[    7.469786] tun: (C) 1999-2004 Max Krasnyansky <maxk@qualcmm.com>

[    7.508989] PPP generic driver version 2.4.2
[    7.510556] ehci_hcd: USB 2.0 'Enhanced' Host Controller (EHCI) Driver
[    7.513594] ehci-pci: EHCI PCI platform driver
[    7.515093] ehci-platform: EHCI generic platform driver
[    7.516758] ohci_hcd: USB 1.1 'Open' Host Controller (OHCI) Driver
[    7.518610] ohci-pci: OHCI PCI platform driver
[    7.520110] ohci-platform: OHCI generic platform driver
[  7.521774] uhci_hcd: USB Universal Host Cotroller Interface driver
[    7.612460] i8042: PNP: PS/2 Controller [PNP0303:PS2K,PNP0f03:PS2M] at 0x60,0x64 irq 1,12
[    7.615911] serio: i8042 KBD port at 0x60,0x64 irq 1
[    7.617516] serio: i8042 AUX port at 0x60,0x64 irq 12
[    7.619294] mousedev: PS/2 mouse device common for all mice
[    7.621624] input: AT Translated Set 2 keyboard as /devices/platform/i8042/serio0/input/input2

[    7.625023] rtc_cmos rtc_cmos: rtc core: registered rtc_cmos as rtc0
[    7.626999] rtc_cmos rtc_cmos: alarms up to one day, 114 bytes nvram
[    7.628927] c /dev entris driver[    7.779708] device-mapper: uevent: version 1.0.3
[    7.811060] dece-mapper: ioctl: 4.34.0-ioctl (2015-10-28) initialised: dm-devel@redhat.com
[    7.873345] ledtrig-cpu: registered to indicate activity on CPUs

[    7.876012] NET: Registered protocol family 10
[    7.877943] NET: Registered protocol family 17
[    7.962129] Key type dns_resolver registered
[    7.964041] registered taskstats version 1
[    7.965526] Loading compiled-in X.509 certificates
[    7.968150] Loaded X.509 cert 'Build time autogenerated kernel key: 65139e04a67245b562a838c28b5e7032abdd4348'
[    7.971369] zswap: loaded using pool lzo/zbud
[    7.998474] Key type trusted registered
[    8.108485] Key type encrypted registered
[    8.120703] AppArmor: AppArmor sha1 policy hashing enabled
[    8.122472] ima: No TPM chip found, activating TPM-bypass!
[    8.164826] ima: Allocated hash algorithm: sha1
[    8.321828] evm: HMAC attrs: 0x1
[    8.325354]   Magic number: 15:711:239
[    8.353634] rtc_cmos rtc_cmos: setting system clock to 2019-08-23 17:14:54 UTC (1566580494)
[    8.375147] BIOS EDD facility v0.16 2004-Jun-25, 0 devices found
[    8.423232] EDD information not available.
[    8.436471] Freeing unused kernel memory: 1484K
[    8.463470] Write protecting the kernel read-only data: 14336k
[    8.479869] Freeing unused kernel memory: 1616K
[    8.620470] Freeing unused kernel memory: 68K
Loading, please wait...
starting version 229
[    8.767070] random: systemd-udevd: uninitialized urandom read (16 bytes read, 3 bits of entropy available)
[    8.774603] random: systemd-udevd: uninitialized urandom read (16 bytes read, 3 bits of entropy available)
[    8.777092] random: udevadm: uninitialized urandom read (16 bytes read, 3 bits of entropy available)
[    8.777190] random: udevadm: uninitialized urandom read (16 bytes read, 3 bits of entropy available)
[    8.790836] random: systemd-udevd: uninitialized urandom read (16 bytes read, 3 bits of entropy available)
[    8.795993] random: systemd-udevd: uninitialized urandom read (16 bytes read, 3 bits of entropy available)
[    8.829409] random: systemd-udevd: uninitialized urandom read (16 bytes read, 3 bits of entropy available)
[    8.834865] random: systemd-udevd: uninitialized urandom read (16 bytes read, 3 bits of entropy available)
[    8.840503] random: systemd-udevd: uninitialized urandom read (16 bytes read, 3 bits of entropy available)
[    8.857191] random: systemd-udevd: uninitialized urandom read (16 bytes read, 3 bits of entropy available)
[    9.183287] e1000: Intel(R) PRO/1000 Network Driver - version 7.3.21-k8-NAPI
[    9.194165] e1000: Copyright (c) 1999-2006 Intel Corporation.
[    9.219614] Fusion MPT base driver 3.04.20
[    9.237391] Copyright (c) 1999-2008 LSI Corporation
[    9.253265] Fusion MPT SPI Host driver 3.04.20
[    9.465023] input: ImExPS/2 Generic Explorer Mouse as /devices/platform/i8042/serio1/input/input4
[    9.892246] e1000 0000:00:03.0 eth0: (PCI:33MHz:32-bit) 02:1e:e5:6d:71:21
[    9.975219] e1000 0000:00:03.0 eth0: Intel(R) PRO/1000 Network Connection
[   10.092920] mptbase: ioc0: Initiating bringup
[   10.096083] e1000 0000:00:03.0 enp0s3: renamed from eth0
[   10.173856] ioc0: LSI53C1030 A0: Capabilities={Initiator}
[   11.680970] scsi host2: ioc0: LSI53C1030 A0, FwRev=00000000h, Ports=1, MaxQ=256, IRQ=20
[   13.390002] scsi 2:0:0:0: Direct-Access     VBOX     HARDDISK         1.0  PQ: 0 ANSI: 5
[   13.621589] scsi target2:0:0: Beginning Domain Validation
[   13.679643] scsi target2:0:0: Domain Validation skipping write tests
[   13.723408] scsi target2:0:0: Ending Domain Validation
[   13.730334] scsi target2:0:0: asynchronous
[   13.732371] scsi 2:0:1:0: Direct-Access     VBOX     HARDDISK         1.0  PQ: 0 ANSI: 5
[   13.735153] scsi target2:0:1: Beginning Domain Validation
[   13.746768] scsi target2:0:1: Domain Validation skipping write tests
[   13.748731] scsi target2:0:1: Ending Domain Validation
[   13.753644] scsi target2:0:1: asynchronous
[   13.763375] sd 2:0:0:0: [sda] 20971520 512-byte logical blocks: (10.7 GB/10.0 GiB)
[   13.763576] sd 2:0:0:0: Attached scsi generic sg0 type 0
[   13.764339] sd 2:0:1:0: Attached scsi generic sg1 type 0
[   13.764512] sd 2:0:1:0: [sdb] 20480 512-byte logical blocks: (10.5 MB/10.0 MiB)
[   13.764660] sd 2:0:1:0: [sdb] Write Protect is off
[   13.764773] sd 2:0:1:0: [sdb] Incomplete mode parameter data
[   13.764774] sd 2:0:1:0: [sdb] Assuming drive cache: write through
[   13.792366] sd 2:0:1:0: [sdb] Attached SCSI disk
[   13.803371] sd 2:0:0:0: [sda] Write Protect is off
[   13.828893] sd 2:0:0:0: [sda] Incomplete mode parameter data
[   13.830698] sd 2:0:0:0: [sda] Assuming drive cache: write through
[   13.854382]  sda: sda1
[   13.856787] sd 2:0:0:0: [sda] Attached SCSI disk
Begin: Loading essential drivers ... [   16.295516] md: linear personality registered for level -1
[   16.363204] md: multipath personality registered for level -4
[   16.440921] md: raid0 personality registered for level 0
[   16.480366] md: raid1 personality registered for level 1
[   16.583947] raid6: sse2x1   gen()  4595 MB/s
[   16.655961] raid6: sse2x1   xor()  4682 MB/s
[   16.727958] raid6: sse2x2   gen()  5406 MB/s
[   16.795957] raid6: sse2x2   xor()  5916 MB/s
[   16.863962] raid6: sse2x4   gen()  8576 MB/s
[   16.931950] raid6: sse2x4   xor()  6732 MB/s
[   16.937395] raid6: using algorithm sse2x4 gen() 8576 MB/s
[   16.939082] raid6: .... xor() 6732 MB/s, rmw enabled
[   16.940686] raid6: using ssse3x2 recovery algorithm
[   16.953670] xor: measuring software checksum speed
[   17.025210]    prefetch64-sse: 26405.000 MB/sec
[   17.092059]    generic_sse: 25480.000 MB/sec
[   17.159891] xor: using function: prefetch64-sse (26405.000 MB/sec)
[   17.164014] async_tx: api initialized (async)
[   17.227558] md: raid6 personality registered for level 6
[   17.230586] md: raid5 personality registered for level 5
[   17.232499] md: raid4 personality registered for level 4
[   17.328096] md: raid10 personality registered for level 10
done.
Begin: Running /scripts/init-premount ... done.
Begin: Mounting root file system ... Begin: Running /scripts/local-top ... done.
Begin: Running /scripts/local-premount ... [   17.536336] Btrfs loaded
Scanning for Btrfs filesystems
done.
Warning: fsck not present, so skipping root file system
[   17.758416] EXT4-fs (sda1): mounted filesystem with ordered data mode. Opts: (null)
done.
Begin: Running /scripts/local-bottom ... done.
Begin: Running /scripts/init-bottom ... done.
[   18.675498] systemd[1]: systemd 229 running in system mode. (+PAM +AUDIT +SELINUX +IMA +APPARMOR +SMACK +SYSVINIT +UTMP +LIBCRYPTSETUP +GCRYPT +GNUTLS +ACL +XZ -LZ4 +SECCOMP +BLKID +ELFUTILS +KMOD -IDN)
[   18.763010] systemd[1]: Detected virtualization oracle.
[   18.770732] systemd[1]: Detected architecture x86-64.
[   18.829698] random: nonblocking pool is initialized

Welcome to [1mUbuntu 16.04.6 LTS[0m!

[   18.880774] systemd[1]: Set hostname to <ubuntu>.
[   18.904914] systemd[1]: Initializing machine ID from random generator.
[   18.911518] systemd[1]: Installed transient /etc/machine-id file.
[   20.031010] systemd[1]: Started Forward Password Requests to Wall Directory Watch.
[[0;32m  OK  [0m] Started Forward Password Requests to Wall Directory Watch.
[   20.041881] systemd[1]: Created slice User and Session Slice.
[[0;32m  OK  [0m] Created slice User and Session Slice.
[   20.058748] systemd[1]: Listening on /dev/initctl Compatibility Named Pipe.
[[0;32m  OK  [0m] Listening on /dev/initctl Compatibility Named Pipe.
[   20.115056] systemd[1]: Listening on Journal Socket (/dev/log).
[[0;32m  OK  [0m] Listening on Journal Socket (/dev/log).
[   20.133698] systemd[1]: Listening on udev Control Socket.
[[0;32m  OK  [0m] Listening on udev Control Socket.
[   20.148519] systemd[1]: Listening on Journal Audit Socket.
[[0;32m  OK  [0m] Listening on Journal Audit Socket.
[   20.153966] systemd[1]: Reached target System Time Synchronized.
[[0;32m  OK  [0m] Reached target System Time Synchronized.
[   20.179165] systemd[1]: Listening on LVM2 metadata daemon socket.
[[0;32m  OK  [0m] Listening on LVM2 metadata daemon socket.
[   20.221366] systemd[1]: Reached target Swap.
[[0;32m  OK  [0m] Reached target Swap.
[   20.260574] systemd[1]: Listening on Device-mapper event daemon FIFOs.
[[0;32m  OK  [0m] Listening on Device-mapper event daemon FIFOs.
[   20.292333] systemd[1]: Listening on Syslog Socket.
[[0;32m  OK  [0m] Listening on Syslog Socket.
[   20.333348] systemd[1]: Listening on Journal Socket.
[[0;32m  OK  [0m] Listening on Journal Socket.
[   20.382645] systemd[1]: Set up automount Arbitrary Executable File Formats File System Automount Point.
[[0;32m  OK  [0m] Set up automount Arbitrary Executab...ats File System Automount Point.
[   20.424247] systemd[1]: Reached target Encrypted Volumes.
[[0;32m  OK  [0m] Reached target Encrypted Volumes.
[   20.456492] systemd[1]: Listening on LVM2 poll daemon socket.
[[0;32m  OK  [0m] Listening on LVM2 poll daemon socket.
[   20.528723] systemd[1]: Listening on udev Kernel Socket.
[[0;32m  OK  [0m] Listening on udev Kernel Socket.
[   20.601086] systemd[1]: Reached target User and Group Name Lookups.
[[0;32m  OK  [0m] Reached target User and Group Name Lookups.
[   20.671200] systemd[1]: Created slice System Slice.
[[0;32m  OK  [0m] Created slice System Slice.
[   20.733221] systemd[1]: Starting Uncomplicated firewall...
         Starting Uncomplicated firewall...
[   20.752031] systemd[1]: Starting Set console keymap...
         Starting Set console keymap...
[   20.775970] systemd[1]: Starting Create list of required static device nodes for the current kernel...
         Starting Create list of required st... nodes for the current kernel...
[   20.817398] systemd[1]: Starting Journal Service...
         Starting Journal Service...
[   20.862907] systemd[1]: Reached target Slices.
[[0;32m  OK  [0m] Reached target Slices.
[   20.969084] systemd[1]: Starting Load Kernel Modules...
         Starting Load Kernel Modules...
[   20.999209] systemd[1]: Mounting Debug File System...
         Mounting Debug File System...
[   21.036219] systemd[1]: Starting Remount Root and Kernel File Systems...
         Starting Remount Root and Kernel File Systems...
[   21.106902] systemd[1]: Created slice system-serial\x2dgetty.slice.
[[0;32m  OK  [0m] Created slic[   21.119897] Loading iSCSI transport class v2.0-870.
e system-serial\x2dgetty.slice.
[   21.154392] systemd[1]: Starting Monitoring of LVM2 mirrors, snapshots etc. using dmeventd or progress polling...
         Starting Monitoring of LVM2 mirrors... dmeventd [   21.180214] EXT4-fs (sda1): re-mounted. Opts: (null)
or progress polling...
[   21.190661] iscsi: registered transport (tcp)
[   21.193399] systemd[1]: Starting Nameserver information manager...
         Starting Nameserver information manager...
[   21.233509] systemd[1]: Mounting POSIX Message Queue File System...
         Mounting POSIX Message Queue File System...
[   21.304308] systemd[1]: Mounting Huge Pages File System...
         Mounting Huge Pages File System...
[   21.353130] systemd[1]: Started Trigger resolvconf update for networkd DNS.
[[0;32m  OK  [0m] Started Trigger resolvconf update for networkd DNS.
[   21.399271] systemd[1]: Mounted POSIX Message Queue File System.
[[0;32m  OK  [0m] Mounted POSIX Message Queue File System.
[   21.409679] systemd[1]: Mounted Huge Pages File System.
[[0;32m  OK  [0m] Mounted Huge Pages File System.
[   21.424503] systemd[1]: Mounted Debug File System.
[[0;32m  OK  [0m] Mounted Debug File System.
[   21.435420] systemd[1]: Started Journal Service.
[[0;32m  OK  [0m] Started Journal Service.
[[0;32m  OK  [0m] Started Uncomplicated firewall.
[[0;32m  OK  [0m] Started Create list of required sta...ce nodes for the current kernel.
[   21.468940] iscsi: registered transport (iser)
[[0;32m  OK  [0m] Started Remount Root and Kernel File Systems.
[[0;32m  OK  [0m] Started Load Kernel Modules.
[[0;32m  OK  [0m] Started Nameserver information manager.
[[0;32m  OK  [0m] Started Set console keymap.
[[0;32m  OK  [0m] Started LVM2 metadata daemon.
         Mounting FUSE Control File System...
         Starting Apply Kernel Variables...
         Starting udev Coldplug all Devices...
         Starting Load/Save Random Seed...
         Starting Create Static Device Nodes in /dev...
         Starting Flush Journal to Persistent Storage...
[[0;32m  OK  [0m] Mounted FUSE Control File System.
[[0;32m  OK  [0m] Started Apply Kernel Variables.
[[0;32m  OK  [0m] Started Load/Save Random Seed.
[[0;32m  OK  [0m] Started Create Static Device Nodes in /dev.
[[0;32m  OK  [0m] Started Monitoring of LVM2 mirrors,...ng dmeventd or progress polling.
[[0;32m  OK  [0m] Reached target Local File Systems (Pre).
[[0;32m  OK  [0m] Reached target Local File Systems.
         Starting Initial cloud-init job (pre-networking)...
         Starting Commit a transient machine-id on disk...
         Starting Tell Plymouth To Write Out Runtime Data...
         Starting LSB: AppArmor initialization...
         Starting Set console font and keymap...
         Starting udev Kernel Device Manager...
[[0;32m  OK  [0m] Started Flush Journal to Persistent Storage.
[[0;32m  OK  [0m] Started Commit a transient machine-id on disk.
[[0;32m  OK  [0m] Started Tell Plymouth To Write Out Runtime Data.
[[0;32m  OK  [0m] Started udev Coldplug all Devices.
         Starting Create Volatile Files and Directories...
[[0;32m  OK  [0m] Started Create Volatile Files and Directories.
         Starting Update UTMP about System Boot/Shutdown...
[[0;32m  OK  [0m] Started Update UTMP about System Boot/Shutdown.
[[0;32m  OK  [0m] Started udev Kernel Device Manager.
[[0;32m  OK  [0m] Started Dispatch Password Requests to Console Directory Watch.
[[0;32m  OK  [0m] Found device /dev/ttyS0.
[[0;32m  OK  [0m] Listening on Load/Save RF Kill Switch Status /dev/rfkill Watch.
[[0;32m  OK  [0m] Started LSB: AppArmor initialization.
[[0;32m  OK  [0m] Started Set console font and keymap.
[[0;32m  OK  [0m] Created slice system-getty.slice.
[   28.621510] cloud-init[447]: Cloud-init v. 19.1-1-gbaa47854-0ubuntu1~16.04.1 running 'init-local' at Fri, 23 Aug 2019 17:15:17 +0000. Up 26.57 seconds.
[[0;32m  OK  [0m] Started Initial cloud-init job (pre-networking).
[[0;32m  OK  [0m] Reached target Network (Pre).
         Starting Raise network interfaces...
[[0;32m  OK  [0m] Started Raise network interfaces.
[[0;32m  OK  [0m] Reached target Network.
         Starting Initial cloud-init job (metadata service crawler)...
[   34.632653] cloud-init[944]: Cloud-init v. 19.1-1-gbaa47854-0ubuntu1~16.04.1 running 'init' at Fri, 23 Aug 2019 17:15:22 +0000. Up 31.95 seconds.
[   34.653720] cloud-init[944]: ci-info: ++++++++++++++++++++++++++++++++++++++Net device info++++++++++++++++++++++++++++++++++++++
[   34.673456] cloud-init[944]: ci-info: +--------+------+----------------------------+---------------+--------+-------------------+
[   34.693162] cloud-init[944]: ci-info: | Device |  Up  |          Address           |      Mask     | Scope  |     Hw-Address    |
[   34.714098] cloud-init[944]: ci-info: +--------+------+----------------------------+---------------+--------+-------------------+
[   34.737249] cloud-init[944]: ci-info: | enp0s3 | True |         10.0.2.15          | 255.255.255.0 | global | 02:1e:e5:6d:71:21 |
[   34.768136] cloud-init[944]: ci-info: | enp0s3 | True | fe80::1e:e5ff:fe6d:7121/64 |       .       |  link  | 02:1e:e5:6d:71:21 |
[   34.810002] cloud-init[944]: ci-info: |   lo   | True |         127.0.0.1          |   255.0.0.0   |  host  |         .         |
[[0;32m  OK  [0m] Started Initial cloud-init job (metadata service crawler).
[   34.852457] cloud-init[944]: ci-info: |   lo   | True |          ::1/128           |       .       |  host  |         .         |
[   34.872045] cloud-init[944]: ci-info: +--------+------+----------------------------+---------------+--------+-------------------+
[[0;32m  OK  [0m] Reached target System Initialization.
[   34.872874] cloud-init[944]: ci-info: +++++++++++++++++++++++++++Route IPv4 info++++++++++++++++++++++++++++
[   34.896509] cloud-init[944]: ci-info: +-------+-------------+----------+---------------+-----------+-------+
[[0;32m  OK  [0m] Started Daily apt download activities.
[   34.897099] cloud-init[944]: ci-info: | Route | Destination | Gateway  |    Genmask    | Interface | Flags |
[[0;32m  OK  [0m] Listening on UUID daemon activation socket.
[   34.908034] cloud-init[944]: ci-info: +-------+-------------+----------+---------------+-----------+-------+
[[0;32m  OK  [0m] Listening on ACPID Listen Socket.
[[0;32m  OK  [0m] Started Daily apt upgrade and clean activities.
[   34.911780] cloud-init[944]: ci-info: |   0   |   0.0.0.0   | 10.0.2.2 |    0.0.0.0    |   enp0s3  |   UG  |
[   34.961642] cloud-init[944]: ci-info: |   1   |   10.0.2.0  | 0.0.0.0  | 255.255.255.0 |   enp0s3  |   U   |
[[0;32m  OK  [0m] Started ACPI Events Check.
[   34.962200] cloud-init[944]: ci-info: +-------+-------------+----------+---------------+-----------+-------+
[[0;32m  OK  [0m] Reached target Paths.
[   34.974875] cloud-init[944]: ci-info: +++++++++++++++++++Route IPv6 info+++++++++++++++++++
[   34.993023] cloud-init[944]: ci-info: +-------+-------------+---------+-----------+-------+
         Starting LXD - unix socket.
[   35.004888] cloud-init[944]: ci-info: | Route | Destination | Gateway | Interface | Flags |
[   35.033769] cloud-init[944]: ci-info: +-------+-------------+---------+-----------+-------+
[[0;32m  OK  [0m] Started Daily Cleanup of Temporary Directories.
[   35.046661] cloud-init[944]: ci-info: |   0   |  fe80::/64  |    ::   |   enp0s3  |   U   |
[   35.806964] cloud-init[944]: ci-info: |   3   |   ff00::/8  |    ::   |   enp0s3  |   U   |
[[0;32m  OK  [0m] Reached target Timers.
[   35.813052] cloud-init[944]: ci-info: +-------+-------------+---------+-----------+-------+
[   35.820879] cloud-init[944]: Generating public/private rsa key pair.
[   35.941882] cloud-init[944]: Your identification has been saved in /etc/ssh/ssh_host_rsa_key.
         Starting Socket activation for snappy daemon.
[[0;32m  OK  [0m] Listening on D-Bus System Message Bus Socket.
[   35.944966] cloud-init[944]: Your public key has been saved in /etc/ssh/ssh_host_rsa_key.pub.
[   36.062269] cloud-init[944]: The key fingerprint is:
[   36.112175] cloud-init[944]: SHA256:I/Vmud5xDqtXxB8VTpnJtWE/nohrwXsmxy5ldr0fSw8 root@ubuntu-xenial
[   36.183079] cloud-init[944]: The key's randomart image is:
[[0;32m  OK  [0m] Reached target Cloud-config availability.
[   36.187167] cloud-init[944]: +---[RSA 2048]----+
[   36.210732] cloud-init[944]: |              .=B|
[[0;32m  OK  [0m] Reached target Network is Online.
[   36.214552] cloud-init[944]: |              +==|
[   36.220615] cloud-init[944]: |        .    . +o|
[   36.249932] cloud-init[944]: |       . .... =.o|
[   36.250399] cloud-init[944]: |      . S =+ o +o|
         Starting iSCSI initiator daemon (iscsid)...
[   36.251462] cloud-init[944]: |       . + .=+..o|
[   36.297357] cloud-init[944]: |          .=**Eo.|
[   36.302464] cloud-init[944]: |         ..oB*.o+|
[[0;32m  OK  [0m] Listening on LXD - unix socket.
[[0;32m  OK  [0m] Listening on Socket activation for snappy daemon.
[   36.303081] cloud-init[944]: |          oo+...+|
[   36.369128] cloud-init[944]: +----[SHA256]-----+
[   36.384938] cloud-init[944]: Generating public/private dsa key pair.
[   36.390112] cloud-init[944]: Your identification has been saved in /etc/ssh/ssh_host_dsa_key.
[   36.411460] cloud-init[944]: Your public key has been saved in /etc/ssh/ssh_host_dsa_key.pub.
[[0;32m  OK  [0m] Started iSCSI initiator daemon (iscsid).
[   36.437690] cloud-init[944]: The key fingerprint is:
[   36.458382] cloud-init[944]: SHA256:P0NFoBTyHqekJD2ah+dyt4fiB/hu5tgrUNwY6K1eeSM root@ubuntu-xenial
[   36.463924] cloud-init[944]: The key's randomart image is:
[   36.468939] cloud-init[944]: +---[DSA 1024]----+
[   36.492316] cloud-init[944]: |   .  . o....    |
[   36.492831] cloud-init[944]: |  . .. + . .     |
[   36.493170] cloud-init[944]: | . o.++ = . .    |
[   36.493502] cloud-init[944]: |  . =*.= + .     |
[   36.494062] cloud-init[944]: |   o+o+ S .      |
[   36.494352] cloud-init[944]: |  o E++  o       |
[   36.494620] cloud-init[944]: | . o.+oo..+      |
[   36.495004] cloud-init[944]: |  . .==.o..o     |
[   36.495461] cloud-init[944]: |    .B*+..       |
[   36.495802] cloud-init[944]: +----[SHA256]-----+
         Starting Login to default iSCSI targets...
[[0;32m  OK  [0m] Reached target Sockets.
[[0;32m  OK  [0m] Reached target Basic System.
[   36.505682] cloud-init[944]: Generating public/private ecdsa key pair.
[   36.560543] cloud-init[944]: Your identification has been saved in /etc/ssh/ssh_host_ecdsa_key.
         Starting LSB: Record successful boot for GRUB...
[   36.615435] cloud-init[944]: Your public key has been saved in /etc/ssh/ssh_host_ecdsa_key.pub.
[   36.658734] cloud-init[944]: The key fingerprint is:
[[0;32m  OK  [0m] Started FUSE filesystem for LXC.
[   36.680419] cloud-init[944]: SHA256:kJdFCs5riv9K/gz3vTE7RqapUp5Y3nhJBgGKRNa+YwI root@ubuntu-xenial
[   36.712646] cloud-init[944]: The key's randomart image is:
[   36.749340]          Starting System Logging Service...
cloud-init[944]: +---[ECDSA 256]---+
[   36.754137] cloud-init[944]: |.+. ...  .o      |
[   36.764596] cloud-init[944]: |o. o o.o +       |
[   36.769725] cloud-init[944]: |. o   =.+        |
         Starting /etc/rc.local Compatibility...
[   36.803412] cloud-init[944]: |E  .  .+         |
[   36.833525] cloud-init[944]: |.   . o.S        |
[   36.857061] cloud-init[944]: | . = oo o o      |
[[0;32m  OK  [0m] Started D-Bus System Message Bus.
[   36.858086] cloud-init[944]: |  + =*.* *o      |
[   36.891918] cloud-init[944]: |   +o+=.*.o+     |
[   36.896153] cloud-init[944]: |    +==o..+o     |
[   36.900161] cloud-init[944]: +----[SHA256]-----+
[   36.908303] cloud-init[944]: Generating public/private ed25519 key pair.
[   36.910567] cloud-init[944]: Your identification has been saved in /etc/ssh/ssh_host_ed25519_key.
[   36.926334] cloud-init[944]: Your public key has been saved in /etc/ssh/ssh_host_ed25519_key.pub.
[   36.929946] cloud-init[944]: The key fingerprint is:
[   36.931972] cloud-init[944]: SHA256:QRjmWuChy4dvHV1UooYwHzcdZm+TVGhBtGdwBQo0OPI root@ubuntu-xenial
[   36.935857] cloud-init[944]: The key's randomart image is:
[   36.945867] cloud-init[944]: +--[ED25519 256]--+
[   36.950516] cloud-init[944]: |    = +o++X=B++o.|
[   36.956185] cloud-init[944]: |   o Oo=o*.*o*   |
[   36.958968] cloud-init[944]: |  . . =o+...B o  |
[   36.972243] cloud-init[944]: | . o o oEo . +   |
[   36.999036] cloud-init[944]: |  + o . S        |
[   37.005976] cloud-init[944]: |   o . .         |
[   37.023049] cloud-init[944]: |    o .          |
[   37.026335] cloud-init[944]: |   .             |
[   37.034675] cloud-init[944]: |                 |
[   37.038309] cloud-init[944]: +----[SHA256]-----+
         Starting LXD - container startup/shutdown...
[[0;32m  OK  [0m] Started Regular background program processing daemon.
         Starting Login Service...
[[0;32m  OK  [0m] Started ACPI event daemon.
         Starting Accounts Service...
         Starting Snappy daemon...
         Starting Pollinate to seed the pseudo random number generator...
[[0;32m  OK  [0m] Started Deferred execution scheduler.
         Starting LSB: MD monitoring daemon...
         Starting Virtualbox guest utils...
[[0;32m  OK  [0m] Started System Logging Service.
[[0;32m  OK  [0m] Started /etc/rc.local Compatibility.
[[0;32m  OK  [0m] Started Login Service.
[[0;32m  OK  [0m] Started Unattended Upgrades Shutdown.
[[0;32m  OK  [0m] Started Login to default iSCSI targets.
[[0;32m  OK  [0m] Reached target Remote File Systems (Pre).
[[0;32m  OK  [0m] Reached target Remote File Systems.
         Starting LSB: Set the CPU Frequency Scaling governor to "ondemand"...
         Starting LSB: daemon to balance interrupts for SMP systems...
         Starting Permit User Sessions...
         Starting LSB: automatic crash report generation...
[[0;32m  OK  [0m] Started LSB: Record successful boot for GRUB.
[[0;32m  OK  [0m] Started LSB: Set the CPU Frequency Scaling governor to "ondemand".
[[0;32m  OK  [0m] Started Permit User Sessions.
         Starting Terminate Plymouth Boot Screen...
         Starting Hold until boot process finishes up...
[[0;32m  OK  [0m] Started Terminate Plymouth Boot Screen.
[[0;32m  OK  [0m] Started Hold until boot process finishes up.
[[0;32m  OK  [0m] Started Getty on tty1.
[[0;32m  OK  [0m] Started Serial Getty on ttyS0.
[[0;32m  OK  [0m] Reached target Login Prompts.
         Starting Set console scheme...
[[0;32m  OK  [0m] Started LSB: MD monitoring daemon.
[[0;32m  OK  [0m] Started LSB: automatic crash report generation.
[[0;32m  OK  [0m] Started LSB: daemon to balance interrupts for SMP systems.
[[0;32m  OK  [0m] Started Set console scheme.
         Starting Authenticate and Authorize Users to Run Privileged Tasks...
[[0;32m  OK  [0m] Started Virtualbox guest utils.
[[0;32m  OK  [0m] Started Authenticate and Authorize Users to Run Privileged Tasks.
[[0;32m  OK  [0m] Started Accounts Service.
[[0;32m  OK  [0m] Started LXD - container startup/shutdown.
[[0;32m  OK  [0m] Started Snappy daemon.
         Starting Wait until snapd is fully seeded...
[[0;32m  OK  [0m] Started Pollinate to seed the pseudo random number generator.
         Starting OpenBSD Secure Shell server...
[[0;32m  OK  [0m] Started OpenBSD Secure Shell server.

Ubuntu 16.04.6 LTS ubuntu-xenial ttyS0

ubuntu-xenial login: [   46.108730] cloud-init[1318]: Generating locales (this might take a while)...
[   48.557698] cloud-init[1318]:   en_US.UTF-8... done
[   48.562446] cloud-init[1318]: Generation complete.
[   50.072427] cloud-init[1318]: Cloud-init v. 19.1-1-gbaa47854-0ubuntu1~16.04.1 running 'modules:config' at Fri, 23 Aug 2019 17:15:36 +0000. Up 45.65 seconds.
ci-info: no authorized ssh keys fingerprints found for user ubuntu.
<14>Aug 23 17:15:42 ec2: 
<14>Aug 23 17:15:42 ec2: #############################################################
<14>Aug 23 17:15:42 ec2: -----BEGIN SSH HOST KEY FINGERPRINTS-----
<14>Aug 23 17:15:42 ec2: 1024 SHA256:P0NFoBTyHqekJD2ah+dyt4fiB/hu5tgrUNwY6K1eeSM root@ubuntu-xenial (DSA)
<14>Aug 23 17:15:42 ec2: 256 SHA256:kJdFCs5riv9K/gz3vTE7RqapUp5Y3nhJBgGKRNa+YwI root@ubuntu-xenial (ECDSA)
<14>Aug 23 17:15:42 ec2: 256 SHA256:QRjmWuChy4dvHV1UooYwHzcdZm+TVGhBtGdwBQo0OPI root@ubuntu-xenial (ED25519)
<14>Aug 23 17:15:42 ec2: 2048 SHA256:I/Vmud5xDqtXxB8VTpnJtWE/nohrwXsmxy5ldr0fSw8 root@ubuntu-xenial (RSA)
<14>Aug 23 17:15:42 ec2: -----END SSH HOST KEY FINGERPRINTS-----
<14>Aug 23 17:15:42 ec2: #############################################################
-----BEGIN SSH HOST KEY KEYS-----
ecdsa-sha2-nistp256 AAAAE2VjZHNhLXNoYTItbmlzdHAyNTYAAAAIbmlzdHAyNTYAAABBBImxUmTalmqifAMB5RQfuYbdtVZRJpAKcWKySO3OK67SbxgL25EuBEXAdkPOtIbCjrXIsJNEAQbTtFcPDn5pqkE= root@ubuntu-xenial
ssh-ed25519 AAAAC3NzaC1lZDI1NTE5AAAAIK7DSeFLAeUT/JD9IK6F41f/tR9IWkTl7DovMpJPF5p4 root@ubuntu-xenial
ssh-rsa AAAAB3NzaC1yc2EAAAADAQABAAABAQCuKzX3TACy7YuWAXfIKAZonkqODxi+xC7EW/RXoDHfh0EtpAspTERVHvx5dmwsNX6B+YsLXczTFgLBZv4PPFsIlfNvrUaZDcd+tA+W2OWG66a7rS58sfiCeqPP9YTgSt1xl0QzeHIsTY3hYi0SSfm7gK1KgReM93feN+I4gIXwdAlwjDFQZvJ3IsDJ9kA7zquSBPGER6DYWIvetMPS/Arm7xWlutTFR3ZwZkeFxwQokdGY9vzKHhAsa/P9h2bAEZ8sS0p1EPCrrcu3/IZNNWo0nlGKmZCA0qI3WLS5fN0xdrgNjn/zs2FtvmT80VZjiWNtI9k0IwhqR9wWkqem6Qsh root@ubuntu-xenial
-----END SSH HOST KEY KEYS-----
[   51.516442] cloud-init[1363]: Cloud-init v. 19.1-1-gbaa47854-0ubuntu1~16.04.1 running 'modules:final' at Fri, 23 Aug 2019 17:15:41 +0000. Up 50.97 seconds.
[   51.517160] cloud-init[1363]: ci-info: no authorized ssh keys fingerprints found for user ubuntu.
[   51.517763] cloud-init[1363]: Cloud-init v. 19.1-1-gbaa47854-0ubuntu1~16.04.1 finished at Fri, 23 Aug 2019 17:15:42 +0000. Datasource DataSourceNoCloud [seed=/dev/sdb][dsmode=net].  Up 51.48 seconds
