[    0.000000] Initializing cgroup subsys cpuset
[    0.000000] Initializing cgroup subsys cpu
[    0.000000] Initializing cgroup subsys cpuacct
[    0.000000] Linux version 4.4.0-154-generic (buildd@lgw01-amd64-049) (gcc version 5.4.0 20160609 (Ubuntu 5.4.0-6ubuntu1~16.04.10) ) #181-Ubuntu SMP Tue Jun 25 05:29:03 UTC 2019 (Ubuntu 4.4.0-154.181-generic 4.4.179)
[    0.000000] Command line: BOOT_IMAGE=/boot/vmlinuz-4.4.0-154-generic root=LABEL=cloudimg-rootfs ro console=tty1 console=ttyS0
[    0.000000] KERNEL supported cpus:
[    0.000000]   Intel GenuineIntel
[    0.000000]   AMD AuthenticAMD
[    0.000000]   Centaur CentaurHauls
[    0.000000] x86/fpu: Legacy x87 FPU detected.
[    0.000000] e820: BIOS-provided physical RAM map:
[    0.000000] BIOS-e820: [mem 0x0000000000000000-0x000000000009fbff] usable
[    0.000000] BIOS-e820: [mem 0x000000000009fc00-0x000000000009ffff] reserved
[    0.000000] BIOS-e820: [mem 0x00000000000f0000-0x00000000000fffff] reserved
[    0.000000] BIOS-e820: [mem 0x0000000000100000-0x000000003ffeffff] usable
[    0.000000] BIOS-e820: [mem 0x000000003fff0000-0x000000003fffffff] ACPI data
[    0.000000] BIOS-e820: [mem 0x00000000fec00000-0x00000000fec00fff] reserved
[    0.000000] BIOS-e820: [mem 0x00000000fee00000-0x00000000fee00fff] reserved
[    0.000000] BIOS-e820: [mem 0x00000000fffc0000-0x00000000ffffffff] reserved
[    0.000000] NX (Execute Disable) protection: active
[    0.000000] SMBIOS 2.5 present.
[    0.000000] Hypervisor detected: KVM
[    0.000000] e820: last_pfn = 0x3fff0 max_arch_pfn = 0x400000000
[    0.000000] MTRR: Disabled
[    0.000000] x86/PAT: MTRRs disabled, skipping PAT initialization too.
[    0.000000] CPU MTRRs all blank - virtualized system.
[    0.000000] x86/PAT: Configuration [0-7]: WB  WT  UC- UC  WB  WT  UC- UC  
[    0.000000] found SMP MP-table at [mem 0x0009fff0-0x0009ffff] mapped at [ffff88000009fff0]
[    0.000000] Scanning 1 areas for low memory corruption
[    0.000000] RAMDISK: [mem 0x362fa000-0x37174fff]
[    0.000000] ACPI: Early table checksum verification disabled
[    0.000000] ACPI: RSDP 0x00000000000E0000 000024 (v02 VBOX  )
[    0.000000] ACPI: XSDT 0x000000003FFF0030 00003C (v01 VBOX   VBOXXSDT 00000001 ASL  00000061)
[    0.000000] ACPI: FACP 0x000000003FFF00F0 0000F4 (v04 VBOX   VBOXFACP 00000001 ASL  00000061)
[    0.000000] ACPI: DSDT 0x000000003FFF0470 0021FF (v02 VBOX   VBOXBIOS 00000002 INTL 20180105)
[    0.000000] ACPI: FACS 0x000000003FFF0200 000040
[    0.000000] ACPI: FACS 0x000000003FFF0200 000040
[    0.000000] ACPI: APIC 0x000000003FFF0240 00005C (v02 VBOX   VBOXAPIC 00000001 ASL  00000061)
[    0.000000] ACPI: SSDT 0x000000003FFF02A0 0001CC (v01 VBOX   VBOXCPUT 00000002 INTL 20180105)
[    0.000000] No NUMA configuration found
[    0.000000] Faking a node at [mem 0x0000000000000000-0x000000003ffeffff]
[    0.000000] NODE_DATA(0) allocated [mem 0x3ffeb000-0x3ffeffff]
[    0.000000] kvm-clock: Using msrs 4b564d01 and 4b564d00
[    0.000000] kvm-clock: cpu 0, msr 0:3ffe3001, primary cpu clock
[    0.000000] kvm-clock: using sched offset of 5102550696 cycles
[    0.000000] clocksource: kvm-clock: mask: 0xffffffffffffffff max_cycles: 0x1cd42e4dffb, max_idle_ns: 881590591483 ns
[    0.000000] Zone ranges:
[    0.000000]   DMA      [mem 0x0000000000001000-0x0000000000ffffff]
[    0.000000]   DMA32    [mem 0x0000000001000000-0x000000003ffeffff]
[    0.000000]   Normal   empty
[    0.000000]   Device   empty
[    0.000000] Movable zone start for each node
[    0.000000] Early memory node ranges
[    0.000000]   node   0: [mem 0x0000000000001000-0x000000000009efff]
[    0.000000]   node   0: [mem 0x0000000000100000-0x000000003ffeffff]
[    0.000000] Initmem sep node 0 [mem 0x0000000000001000-0x000000003ffeffff]
[    0.000000] ACPI: PM-Timer IO Port: 0x4008
[    0.000000] IOAPIC[0]: apic_id 2, version 32, address 0xfec00000, GSI 0-23
[    0.000000] ACPI: INT_SRC_OVR (bus 0 bus_irq 0 global_irq 2 dfl dfl)
[    0.000000] ACPI: INT_SRC_OVR (bus 0 bus_irq 9 global_irq 9 low level)
[   0.000000] Using ACPI (MADT) for SMP configuration information
[    0.000000] smpboot: Allowing 2 CPUs, 0 hotplug CPUs
[    0.000000] PM: Registered nosave memory: [mem 0x00000000-0x00000fff]
[    0.000000] PM: Registered nosave memory: [mem 0x0009f000-0x0009ffff]
[    0.000000] PM: Registered nosave memory: [mem 0x000a0000-0x000effff]
[    0.000000] PM: Registered nosave memory: [mem 0x000f0000-0x000fffff]
[    0.000000] e820: [mem 0x40000000-0xfebfffff] available for PCI devices
[    0.000000] Booting paravirtualized kernel on KVM
[    0.000000] clocksource: refined-jiffies: mask: 0xffffffff max_cycles: 0xffffffff, max_idle_ns: 7645519600211568 ns
[    0.000000] setup_percpu: NR_CPUS:512 nr_cpumask_bits:512 nr_cpu_ids:2 nr_node_ids:1
[    0.000000] PERCPU: Embedded 34 pages/cpu @ffff88003fc00000 s99480 r8192 d31592 u1048576
[    0.000000] Built 1 zonelists in Node order, mobility grouping on.  Total pages: 257912
[    0.000000] Policy zone: DMA32
[    0.000000] Kernel command line: BOOT_IMAGE=/boot/vmlinuz-4.4.0-154-generic root=LABEL=cloudimg-rootfs ro console=tty1 console=ttyS0
[    0.000000] PID hash table entries: 4096 (order: 3, 32768 bytes)
[    0.000000] Memory: 997732K/1048120K available (8613K kernel code, 1335K rwdata, 4028K rodata, 1484K init, 1284K bss, 50388K reserved, 0K cma-reserved)
[    0.000000] SLUB: HWalign=64, Order=0-3, MinObjects=0, CPUs=2, Nodes=1
[    0.000000] Kernel/User page tables isolation: enabled
[    0.000000] Hierarchical RCU implementation.
[    0.000000] 	Build-time adjustment of leaf fanout to 64.
[    0.000000] 	RCU restricting CPUs from NR_CPUS=512 to nr_cpu_ids=2.
[    0.000000] RCU: Adjusting geometry for rcu_fanout_leaf=64, nr_cpu_ids=2
[    0.000000] NR_IRQS:33024 nr_irqs:440 16
[    0.000000] Console: colour VGA+ 80x25
[    0.000000] console [tty1] enabled
[    0.000000] console [ttyS0] enabled

[    0.000000] tsc: Detected 2992.498 MHz processor
[    0.618166] Calibrating delay loop (skipped) preset value.. 5984.99 BogoMIPS (lpj=11969992)
[    0.621074] pid_max: default: 32768 minimum: 301
[    0.622603] ACPI: Core revision 20150930
[    0.625272] ACPI: 2 ACPI AML tables successfully acquired and loaded
[    0.627424] Security Framework initialized
[    0.628846] Yama: becoming mindful.
[    0.630211] AppArmor: AppArmor initialized
[    0.631804] Dentry cache hash table entries: 131072 (order: 8, 1048576 bytes)
[    0.634431] Inode-cache hash table entries: 65536 (order: 7, 524288 bytes)
[    0.636722] Mount-cache hash table entries: 2048 (order: 2, 16384 bytes)
[    0.638693] Mountpoint-cache hash table entries: 2048 (order: 2, 16384 bytes)
[    0.641601] Initializing cgroup subsys io
[    0.643006] Initializing cgroup subsys memory
[    0.644500] Initializing cgroup subsys devices
[    0.645996] Initializing cgroup subsys freezer
[    0.647497] Initializing cgroup subsys net_cls
[    0.648987] Initializing cgroup subsys perf_event
[    0.650526] Initializing cgroup subsys net_prio
[    0.652036] Initializing cgroup subsys hugetlb
[    0.653522] Initializing cgroup subsys pids
[    0.655058] mce: CPU supports 0 MCE banks
[    0.656520] Last level iTLB entries: 4KB 128, 2MB 4, 4MB 4
[    0.678187] Last level dTLB entries: 4KB 256, 2MB 0, 4MB 32, 1GB 0
[    0.680073] Spectre V2 : Mitigation: Full generic retpoline
[    0.681842] Spectre V2 : Spectre v2 / SpectreRSB mitigation: Filling RSB on context switch
[    0.684640] Speculative Store Bypass: Vulnerable
[    0.687106] MDS: Vulnerable: Clear CPU buffers attempted, no microcode
[    0.692640] Freeing SMP alternatives memory: 36K
[    0.701898] ftrace: allocating 32299 entries in 127 pages
[    0.772522] smpboot: APIC(0) Converting physical 0 to logical package 0
[    0.884662] smpboot: Max logical packages: 1
[    0.958666] x2apic enabled
[    0.960343] Switched APIC routing to physical x2apic.
[    0.964395] ..TIMER: vector=0x30 apic1=0 pin1=2 apic2=-1 pin2=-1
[    1.071552] smpboot: CPU0: Intel(R) Core(TM)2 Duo CPU     E8400  @ 3.00GHz (family: 0x6, model: 0x17, stepping: 0xa)
[    1.075113] Performance Events: unsupported p6 CPU model 23 no PMU driver, software events only.
[    1.290853] KVM setup paravirtual spinlock
[    1.293889] x86: Booting SMP configuration:
[    1.295338] .... node  #0, CPUs:      #1
[    1.300430] kvm-clock: cpu 1, msr 0:3ffe3041, secondary cpu clock
[    1.317061] mce: CPU supports 0 MCE banks
[    1.320248] x86: Booted up 1 node, 2 CPUs
[    1.322118] smpboot: Total of 2 processors activated (11969.99 BogoMIPS)
[    1.324711] devtmpfs: initialized
[    1.328769] evm: security.selinux
[    1.330017] evm: security.SMACK64
[    1.331278] evm: security.SMACK64EXEC
[    1.332615] evm: security.SMACK64TRANSMUTE
[    1.334029] evm: security.SMACK64MMAP
[    1.335354] evm: security.ima
[    1.336546] evm: security.capability
[    1.338035] clocksource: jiffies: mask: 0xffffffff max_cycles: 0xffffffff, max_idle_ns: 7645041785100000 ns
[    1.342268] futex hash table entries: 512 (order: 3, 32768 bytes)
[    1.344293] pinctrl core: initialized pinctrl subsystem
[    1.346131] RTC time: 16:02:01, date: 08/23/19
[    1.348062] NET: Registered protocol family 16
[    1.359566] cpuidle: using governor ladder
[    1.371625] cpuidle: using governor menu
[    1.373058] PCCT header not found.
[    1.374368] ACPI: bus type PCI registered
[    1.375786] acpiphp: ACPI Hot Plug PCI Controller Driver version: 0.5
[    1.377830] PCI: Using configuration type 1 for base access
[    1.392280] ACPI: Added _OSI(Module Device)
[    1.393741] ACPI: Added _OSI(Processor Device)
[    1.395227] ACPI: Added _OSI(3.0 _SCP Extensions)
[    1.396795] ACPI: Added _OSI(Processor Aggregator Device)
[    1.518038] ACPI: Executed 1 blocks of module-level executable AML code
[    1.544783] ACPI: Interpreter enabled
[    1.546116] ACPI: (supports S0 S5)
[    1.547426] ACPI: Using IOAPIC for interrupt routing
[    1.549221] PCI: Using host bridge windows from ACPI; if necessary, use "pci=nocrs" and report a bug
[    1.556760] ACPI: PCI Root Bridge [PCI0] (domain 0000 [bus 00-ff])
[    1.600929] acpi PNP0A03:00: _OSC: OS supports [ASPM ClockPM Segments MSI]
[    1.617464] acpi PNP0A03:00: _OSC: not requesting OS control; OS requires [ExtendedConfig ASPM ClockPM MSI]
[    1.625808] acpi PNP0A03:00: fail to add MMCONFIG information, can't access extended PCI configuration space under this bridge.
[    1.707968] PCI host bridge to bus 0000:00
[    1.709381] pci_bus 0000:00: root bus resource [io  0x0000-0x0cf7 window]
[    1.711413] pci_bus 0000:00: root bus resource [io  0x0d00-0xffff window]
[    1.713430] pci_bus 0000:00: root bus resource [mem 0x000a0000-0x000bffff window]
[    1.716046] pci_bus 0000:00: root bus resource [mem 0x40000000-0xfdffffff window]
[    1.718642] pci_bus 0000:00: root bus resource [bus 00-ff]
[    1.731407] pci 0000:00:01.1: legacy IDE quirk: reg 0x10: [io  0x01f0-0x01f7]
[    1.893413] pci 0000:00:01.1: legacy IDE quirk: reg 0x14: [io  0x03f6]
[    2.030394] pci 0000:00:01.1: legacy IDE quirk: reg 0x18: [io  0x0170-0x0177]
[    2.032471] pci 0000:00:01.1: legacy IDE quirk: reg 0x1c: [io  0x0376]
[    2.056378] pci 0000:00:07.0: quirk: [io  0x4000-0x403f] claimed by PIIX4 ACPI
[    2.060118] pci 0000:00:07.0: quirk: [io  0x4100-0x410f] claimed by PIIX4 SMB
[    2.069966] ACPI: PCI Interrupt Link [LNKA] (IRQs 5 9 10 *11)
[    2.074158] ACPI: PCI Interrupt Link [LNKB] (IRQs 5 9 *10 11)
[    2.076634] ACPI: PCI Interrupt Link [LNKC] (IRQs 5 *9 10 11)
[    2.079063] ACPI: PCI Interrupt Link [LNKD] (IRQs 5 9 10 *11)
[    2.081610] ACPI: Enabled 2 GPEs in block 00 to 07
[    2.106577] vgaarb: setting as boot device: PCI:0000:00:02.0
[    2.108361] vgaarb: device added: PCI:0000:00:02.0,decodes=io+mem,owns=io+mem,locks=none
[    2.111131] vgaarb: loaded
[    2.113372] vgaarb: bridge control possible 0000:00:02.0
[    2.115705] SCSI subsystem initialized
[    2.117510] ACPI: bus type USB registered
[    2.118964] usbcore: registered new interface driver usbfs
[    2.120751] usbcore: registered new interface driver hub
[    2.124063] usbcore: registered new device driver usb
[    2.126149] PCI: Using ACPI for IRQ routing
[    2.128320] NetLabel: Initializing
[    2.129593] NetLabel:  domain hash size = 128
[    2.131065] NetLabel:  protocols = UNLABELED CIPSOv4
[    2.177583] NetLabel:  unlabeled traffic allowed by default
[    2.179724] amd_nb: Cannot enumerate AMD northbridges
[    2.181470] clocksource: Switched to clocksource kvm-clock
[    2.197655] AppArmor: AppArmor Filesystem Enabled
[    2.204733] pnp: PnP ACPI init
[    2.206982] pnp: PnP ACPI: found 3 devices
[    2.220220] clocksource: acpi_pm: mask: 0xffffff max_cycles: 0xffffff, max_idle_ns: 2085701024 ns
[    2.223388] NET: Registered protocol family 2
[    2.225442] TCP established hash table entries: 8192 (order: 4, 65536 bytes)
[    2.227661] TCP bind hash table entries: 8192 (order: 5, 131072 bytes)
[    2.229741] TCP: Hash tables configured (established 8192 bind 8192)
[    2.231822] UDP hash table entries: 512 (order: 2, 16384 bytes)
[    2.233764] UDP-Lite hash table entries: 512 (order: 2, 16384 bytes)
[    2.235861] NET: Registered protocol family 1
[    2.237458] pci 0000:00:00.0: Limiting direct PCI/PCI transfers
[    2.239389] pci 0000:00:01.0: Activating ISA DMA hang workarounds
[    2.241594] Unpacking initramfs...
[  200359] Freeing initrd memory: 14828K
[    2.621358] clocksource: tsc: mask: 0xffffffffffffffff max_cycles: 0x2b2296bc2b9, max_idle_ns: 440795321505 ns
[    2.624625] platform rtc_cmos: registered platform RTC device (no PNP device found)
[    2.627409] Scanning for low memory corruption every 60 seconds

[    2.630729] audit: initializing netlink subsys (disabled)
[    2.632688] audit: type=2000 audit(1566576127.215:1): initialized
[    2.640439] Initialise system trusted keyring
[    2.647629] HugeTLB registered 2 MB page size, pre-allocated 0 pages
[    2.651808] zbud: loaded
[    2.653402] VFS: Disk quotas dquot_6.6.0
[    2.654970] VFS: Dquot-cache hash table entries: 512 (order 0, 4096 bytes)
[    2.657454] squashfs: version 4.0 (2009/01/31) Phillip Lougher
[    2.661008] fuse init (API version 7.23)
[    2.662709] Key type big_key registered
[    2.664160] Allocating IMA MOK and blacklist keyrings.
[    2.667304] Key type asymmetric registered
[    2.668798] Asymmetric key parser 'x509' registered
[    2.670539] Block layer SCSI generic (bsg) driver version 0.4 loaded (major 249)
[    2.673373] io scheduler noop registered
[    2.680018] io scheduler deadline registered (default)
[    2.681826] io scheduler cfq registered
[    2.683407] pci_hotplug: PCI Hot Plug PCI Core version: 0.5
[    2.690576] pciehp: PCI Express Hot Plug Controller Driver version: 0.4
[    2.692798] ACPI: AC Adapter [AC] (on-line)
[    2.694423] input: Power Button as /devices/LNXSYSTM:00/LNXPWRBN:00/input/input0
[    2.697133] ACPI: Power Button [PWRF]
[    2.706799] input: Sleep Button as /devices/LNXSYSTM:00/LNXSLPBN:00/input/input1
[    2.737012] ACPI: Sleep Button [SLPF]
[    2.749919] GHES: HEST is not enabled!
[    2.826664] Serial: 8250/16550 driver, 32 ports, IRQ sharing enabled
[    2.851905] 00:02: ttyS0 at I/O 0x3f8 (irq = 4, base_baud = 115200) is a 16550A
[    2.859374] Linux agpgart interface v0.103
[    2.863969] loop: module loaded
[    2.866282] scsi host0: ata_piix
[    2.867821] scsi host1: ata_piix
[    2.869164] ata1: PATA max UDMA/33 cmd 0x1f0 ctl 0x3f6 bmdma 0xd000 irq 14
[    2.876646] ata2: PATA max UDMA/33 cmd 0x170 ctl 0x376 bmdma 0xd008 irq 15
[    2.879235] libphy: Fixed MDIO Bus: probed
[    2.880780] tun: Universal TUN/TAP device driver, 1.6
[    2.882528] tun: (C) 1999-2004 Max Krasnyansky <maxk@qualcomm.com>
[    2.885695] PPP generic driver version 2.4.2
[    2.887396] ehci_hcd: USB 2.0 'Enhanced' Host Controller (EHCI) Driver
[    2.889449] ehci-pci: EHCI PCI platform driver
[    2.928497] ehci-platform: EHCI generic platform driver
[    2.930277] ohci_hcd: USB 1.1 'Open' Host Controller (OHCI) Driver
[    2.932240] ohci-pci: OHCI PCI platform driver
[    2.933845] ohci-platform: OHCI generic platform driver
[    2.988628] uhci_hcd: USB Universal Host Controller Interface driver
[    2.998501] i8042: PNP: PS/2 Controller [PNP0303:PS2K,PNP0f03:PS2M] at 0x60,0x64 irq 1,12
[    3.002056] serio: i8042 KBD port at 0x60,0x64 irq 1
[    3.003717] serio: i8042 AUX port at 0x60,0x64 irq 12
[    3.005692] mousedev: PS/2 mouse device common for all mice
[    3.008059] input: AT Translated Set 2 keyboard as /devices/platform/i8042/serio0/input/input2
[    3.011601] rtc_cmos rtc_cmos: rtc core: registered rtc_cmos as rtc0
[    3.013688] rtc_cmos rtc_cmos: alarms up to one day, 114 bytes nvram
[    3.015653] i2c /dev entries driver
[    3.017050] device-mapper: uevent: version 1.0.3
[    3.082631] device-mapper: ioctl: 4.34.0-ioctl (2015-10-28) initialised: dm-devel@redhat.com
[    3.158879] ledtrig-cpu: registered to indicate activity on CPUs
[    3.161397] NET: Registered protocol family 10
[    3.242848] NET: Registered protocol family 17
[    3.244391] Key type dns_resolver registered
[    3.246189] registered taskstats version 1
[    3.348610] Loading compiled-in X.509 certificates
[    3.351295] Loaded X.509 cert 'Build time autogenerated kernel key: 65139e04a67245b562a838c28b5e7032abdd4348'
[    3.389162] zswap: loaded using pool lzo/zbud
[    3.403642] Key type trusted registered
[    3.433840] Key type encrypted registered
[    3.435288] AppArmor: AppArmor sha1 policy hashing enabled
[    3.437055] ima: No TPM chip found, activating TPM-bypass!
[    3.448507] ima: Allocated hash algorithm: sha1
[    3.450282] evm: HMAC attrs: 0x1
[    3.451992]   Magic number: 15:399:35
[    3.453419] bdi 7:0: hash matches
[    3.454922] rtc_cmos rtc_cmos: setting system clock to 2019-08-23 16:02:03 UTC (1566576123)
[    3.458136] BIOS EDD facility v0.16 2004-Jun-25, 0 devices found
[    3.478918] EDD information not available.
[    3.486213] Freeing unused kernel memory: 1484K
[    3.497499] Write protecting the kernel read-only data: 14336k
[    3.513426] Freeing unused kernel memory: 1616K
[    3.515378] Freeing unused kernel memory: 68K
Loading, please wait...
starting version 229
[    3.656184] random: systemd-udevd: uninitialized urandom read (16 bytes read, 2 bits of entropy available)
[    3.662830] random: systemd-udevd: uninitialized urandom read (16 bytes read, 2 bits of entropy available)
[    3.665809] random: udevadm: uninitialized urandom read (16 bytes read, 2 bits of entropy available)
[    3.666270] random: udevadm: uninitialized urandom read (16 bytes read, 2 bits of entropy available)
[    3.678052] random: systemd-udevd: uninitialized urandom read (16 bytes read, 2 bits of entropy available)
[    3.683104] random: systemd-udevd: uninitialized urandom read (16 bytes read, 2 bits of entropy available)
[    3.716204] random: systemd-udevd: uninitialized urandom read (16 bytes read, 2 bits of entropy available)
[    3.721559] random: systemd-udevd: uninitialized urandom read (16 bytes read, 2 bits of entropy available)
[    3.726849] random: systemd-udevd: uninitialized urandom read (16 bytes read, 2 bits of entropy available)
[    3.736961] random: systemd-udevd: uninitialized urandom read (16 bytes read, 2 bits of entropy available)
[    4.156155] e1000: Intel(R) PRO/1000 Network Driver - version 7.3.21-k8-NAPI
[    4.175092] e1000: Copyright (c) 1999-2006 Intel Corporation.
[    4.209200] Fusion MPT base driver 3.04.20
[    4.217743] Copyright (c) 1999-2008 LSI Corporation
[    4.313453] Fusion MPT SPI Host driver 3.04.20
[    4.460954] input: ImExPS/2 Generic Explorer Mouse as /devices/platform/i8042/serio1/input/input4
[    4.757387] e1000 0000:00:03.0 eth0: (PCI:33MHz:32-bit) 02:1e:e5:6d:71:21
[    4.759847] e1000 0000:00:03.0 eth0: Intel(R) PRO/1000 Network Connection
[    4.768941] mptbase: ioc0: Initiating bringup
[    4.769735] e1000 0000:00:03.0 enp0s3: renamed from eth0
[    4.837927] ioc0: LSI53C1030 A0: Capabilities={Initiator}
[    5.000078] scsi host2: ioc0: LSI53C1030 A0, FwRev=00000000h, Ports=1, MaxQ=256, IRQ=20
[    5.130521] scsi 2:0:0:0: Direct-Access     VBOX     HARDDISK         1.0  PQ: 0 ANSI: 5
[    5.258989] scsi target2:0:0: Beginning Domain Validation
[    5.290014] scsi target2:0:0: Domain Validation skipping write tests
[    5.291963] scsi target2:0:0: Ending Domain Validation
[    5.293719] scsi target2:0:0: asynchronous
[    5.296087] scsi 2:0:1:0: Direct-Access     VBOX     HARDDISK         1.0  PQ: 0 ANSI: 5
[    5.308934] scsi target2:0:1: Beginning Domain Validation
[    5.312357] scsi target2:0:1: Domain Validation skipping write tests
[    5.314316] scsi target2:0:1: Ending Domain Validation
[    5.316125] scsi target2:0:1: asynchronous
[    5.326641] sd 2:0:0:0: [sda] 20971520 512-byte logical blocks: (10.7 GB/10.0 GiB)
[    5.329739] sd 2:0:0:0: Attached scsi generic sg0 type 0
[    5.348859] sd 2:0:0:0: [sda] Write Protect is off
[    5.351175] sd 2:0:0:0: [sda] Incomplete mode parameter data
[    5.353124] sd 2:0:0:0: [sda] Assuming drive cache: write through
[    5.358862] sd 2:0:1:0: Attached scsi generic sg1 type 0
[    5.360782] sd 2:0:1:0: [sdb] 20480 512-byte logical blocks: (10.5 MB/10.0 MiB)
[    5.364621] sd 2:0:1:0: [sdb] Write Protect is off
[    5.393009] sd 2:0:1:0: [sdb] Incomplete mode parameter data
[    5.394952] sd 2:0:1:0: [sdb] Assuming drive cache: write through
[    5.413243]  sda: sda1
[    5.416098] sd 2:0:0:0: [sda] Attached SCSI disk
[    5.459558] sd 2:0:1:0: [sdb] Attached SCSI disk
Begin: Loading essential drivers ... [    7.817769] md: linear personality registered for level -1
[    7.843653] md: multipath personality registered for level -4
[    7.869711] md: raid0 personality registered for level 0
[    7.903033] md: raid1 personality registered for level 1
[    8.017498] raid6: sse2x1   gen()  4615 MB/s
[    8.089488] raid6: sse2x1   xor()  4670 MB/s
[    8.163556] raid6: sse2x2   gen()  7541 MB/s
[    8.229489] raid6: sse2x2   xor()  6099 MB/s
[    8.297496] raid6: sse2x4   gen()  8698 MB/s
[    8.373503] raid6: sse2x4   xor()  5593 MB/s
[    8.410586] raid6: using algorithm sse2x4 gen() 8698 MB/s
[    8.412288] raid6: .... xor() 5593 MB/s, rmw enabled
[    8.413896] raid6: using ssse3x2 recovery algorithm
[    8.420626] xor: measuring software checksum speed
[    8.517284]    prefetch64-sse: 29607.000 MB/sec
[    8.597483]    generic_sse: 25910.000 MB/sec
[    8.599088] xor: using function: prefetch64-sse (29607.000 MB/sec)
[    8.605987] async_tx: api initialized (async)
[    8.653534] md: raid6 personality registered for level 6
[    8.698447] md: raid5 personality registered for level 5
[    8.700284] md: raid4 personality registered for level 4
[    8.751744] md: raid10 personality registered for level 10
done.
Begin: Running /scripts/init-premount ... done.
Begin: Mounting root file system ... Begin: Running /scripts/local-top ... done.
Begin: Running /scripts/local-premount ... [    8.907618] Btrfs loaded
Scanning for Btrfs filesystems
done.
Warning: fsck not present, so skipping root file system
[    9.152820] EXT4-fs (sda1): mounted filesystem with ordered data mode. Opts: (null)
done.
Begin: Running /scripts/local-bottom ... done.
Begin: Running /scripts/init-bottom ... done.
[   10.211809] systemd[1]: systemd 229 running in system mode. (+PAM +AUDIT +SELINUX +IMA +APPARMOR +SMACK +SYSVINIT +UTMP +LIBCRYPTSETUP +GCRYPT +GNUTLS +ACL +XZ -LZ4 +SECCOMP +BLKID +ELFUTILS +KMOD -IDN)
[   10.227038] systemd[1]: Detected virtualization oracle.
[   10.239643] systemd[1]: Detected architecture x86-64.
[   10.317434] random: nonblocking pool is initialized

Welcome to [1mUbuntu 16.04.6 LTS[0m!

[   10.357911] systemd[1]: Set hostname to <ubuntu>.
[  10.376861] systemd[1]: Inialzing machne ID from random generator.
[   10.547518] systemd[1]: Installed transient /etc/machine-id file.
[   11.826873] systemd[1]: Created slice System Slice.
[[0;32m  OK  [0m] Created slice System Slice.
[   11.914474] systemd[1]: Started Trigger resolvconf update for networkd DNS.
[[0;32m  OK  [0m] Started Trigger resolvconf update for networkd DNS.
[   11.938673] systemd[1]: Reached target System Time Synchronized.
[[0;32m  OK  [0m] Reached target System Time Synchronized.
[   11.942569] systemd[1]: Listening on LVM2 poll daemon socket.
[[0;32m  OK  [0m] Listening on LVM2 poll daemon socket.
[   11.946236] systemd[1]: Reached target Swap.
[[0;32m  OK  [0m] Reached target Swap.
[   11.949618] systemd[1]: Listening on udev Control Soket.
[[0;32m  OK  [0m] Listening on udev Control Socket.
[   12.010959] systemd[1]: Listening on Syslog Socket.
[[0;32m  OK  [0m] Listening on Syslog Socket.
[   12.022841] systemd[1]: Created slice system-serial\x2dgetty.slice.
[[0;32m  OK  [0m] Created slice system-serial\x2dgetty.slice.
[   12.030888] systemd[1]: Listening on udev Kernel Socket.
[[0;32m  OK  [0m] Listening on udev Kernel Socket.
[   12.042806] systemd[1]: Listening on Journal Socket (/dev/log).
[[0;32m  OK  [0m] Listening on Journal Socket (/dev/log).
[   12.048669] systemd[1]: Created slice User and Session Slice.
[[0;32m  OK  [0m] Created slice User and Session Slice.
[   12.088430] systemd[1]: Reached target Slices.
[[0;32m  OK  [0m] Reached target Slices.
[   12.091782] systemd[1]: Listening on /dev/initctl Compatibility Named Pipe.
[[0;32m  OK  [0m] Listening on /dev/initctl Compatibility Named Pipe.
[   12.096072] systemd[1]: Listening on Journal Audit Socket.
[[0;32m  OK  [0m] Listening on Journal Audit Socket.
[   12.099854] systemd[1]: Started Forwardasword Requests to Wall Directory Watch.
[[0;32m  OK  [0m] Started Forward Password Requests to Wall Directory Watch.
[   12.192958] systemd[1]: Reached target User and Group Name Lookups.
[[0;32m  OK  [0m] Reached target User and Group Name Lookups.
[   12.197009] systemd[1]: Listening on Journal Socket.
[[0;32m  OK  [0m] Listening on Journal Socket.
[   12.390765] systemd[1]: Starting Uncomplicated firewall...
         Starting Uncomplicated firewall...
[   12.503608] systemd[1]: Mounting Huge Pages File System...
         Mounting Huge Pages File System...
[   12.535200] systemd[1]: Mounting Debug File System...
         Mounting Debug File System...
[   12.614715] systemd[1]: Starting Load Kernel Modules...
         Starting Load Kernel Modules...
[   12.627866] systemd[1]: Starting Create list of required static device nodes for the current kernel...
         Starting Create list of required st... nodes for the current kernel...
[   12.653437] systemd[1]: Mounting POSIX Message Queue File System...
         Mounting POSIX Message Queue File System...
[   12.706625] systemd[1]: Starting Remount Root and Kernel File Systems...
         Starting Remount Root and Kernel File Systems...
[   12.752576] systemd[1]: Starting Set console keymap...
         Starting Set console keymap...
[   12.776135] systemd[1]: Starting Nameserver information manager...
         Starting Nameserver information manager[   12.793264] EXT4-fs (sda1): re-mounted. Opts: (null)
...
[   12.825457] Loading iSCSI transport class v2.0-870.
[   12.863035] systemd[1]: Starting Journal Service...
         Starting Journal Service...
[   12.891628] systemd[1]: Listening on LVM2 metadata daemon socket.
[[0;32m  OK  [0m] Listening on LVM2 metadata daemon socket.
[   12.943171] systemd[1]: Set up automount Arbitrary Executable File Formats File System Automount Point.
[[0;32m  OK  [0[   12.957044] iscsi: registered transport (tcp)
m] Set up automount Arbitrary Executab...ats File System Automount Point.
[   12.978728] systemd[1]: Reached target Encrypted Volumes.
[[0;32m  OK  [0m] Reached target Encrypted Volumes.
[   12.990243] systemd[1]: Listening on Device-mapper event daemon FIFOs.
[[0;32m  OK  [0m] Listening on Device-mapper event daemon FIFOs.
[   13.032404] systemd[1]: Starting Monitoring of LVM2 mirrors, snapshots etc. using dmeventd or progress polling...
         Starting Monitoring of LVM2 mirrors... dmeventd or progress polling...
[   13.095987] systemd[1]: Mounted POSIX Message Queue File System.
[[0;32m  OK  [0m] Mounted POSIX Message Queue File System.
[   13.147574] systemd[1]: Mounted Huge Pages File System.
[[0;32m  OK  [0m] Mounted Huge Pages File System.
[   13.193138] systemd[1]: Mounted Debug File System.
[[0;32m  OK  [0m] Mounted Debug File System.
[   13.215201] systemd[1]: Started Journal Service.
[[0;32m  OK  [0[   13.228198] iscsi: registered transport (iser)
m] Started Journal Service.
[[0;32m  OK  [0m] Started Uncomplicated firewall.
[[0;32m  OK  [0m] Started Load Kernel Modules.
[[0;32m  OK  [0m] Started Create list of required sta...ce nodes for the current kernel.
[[0;32m  OK  [0m] Started Remount Root and Kernel File Systems.
[[0;32m  OK  [0m] Started Set console keymap.
[[0;32m  OK  [0m] Started Nameserver information manager.
[[0;32m  OK  [0m] Started LVM2 metadata daemon.
         Starting udev Coldplug all Devices...
         Starting Load/Save Random Seed...
         Starting Create Static Device Nodes in /dev...
         Mounting FUSE Control File System...
         Starting Apply Kernel Variables...
         Starting Flush Journal to Persistent Storage...
[[0;32m  OK  [0m] Started Load/Save Random Seed.
[[0;32m  OK  [0m] Mounted FUSE Control File System.
[[0;32m  OK  [0m] Started Create Static Device Nodes in /dev.
[[0;32m  OK  [0m] Started Apply Kernel Variables.
[[0;32m  OK  [0m] Started Monitoring of LVM2 mirrors,...ng dmeventd or progress polling.
[[0;32m  OK  [0m] Started Flush Journal to Persistent Storage.
[[0;32m  OK  [0m] Reached target Local File Systems (Pre).
[[0;32m  OK  [0m] Reached target Local File Systems.
         Starting Set console font and keymap...
         Starting LSB: AppArmor initialization...
         Starting Tell Plymouth To Write Out Runtime Data...
         Starting Commit a transient machine-id on disk...
         Starting Initial cloud-init job (pre-networking)...
         Starting Create Volatile Files and Directories...
         Starting udev Kernel Device Manager...
[[0;32m  OK  [0m] Started Tell Plymouth To Write Out Runtime Data.
[[0;32m  OK  [0m] Started udev Coldplug all Devices.
[[0;32m  OK  [0m] Started Commit a transient machine-id on disk.
[[0;32m  OK  [0m] Started Create Volatile Files and Directories.
         Starting Update UTMP about System Boot/Shutdown...
[[0;32m  OK  [0m] Started Update UTMP about System Boot/Shutdown.
[[0;32m  OK  [0m] Started udev Kernel Device Manager.
[[0;32m  OK  [0m] Started Dispatch Password Requests to Console Directory Watch.
[[0;32m  OK  [0m] Found device /dev/ttyS0.
[[0;32m  OK  [0m] Listening on Load/Save RF Kill Switch Status /dev/rfkill Watch.
[[0;32m  OK  [0m] Started LSB: AppArmor initialization.
[[0;32m  OK  [0m] Started Set console font and keymap.
[[0;32m  OK  [0m] Created slice system-getty.slice.
[   20.850313] cloud-init[466]: Cloud-init v. 19.1-1-gbaa47854-0ubuntu1~16.04.1 running 'init-local' at Fri, 23 Aug 2019 16:02:20 +0000. Up 18.93 seconds.
[[0;32m  OK  [0m] Started Initial cloud-init job (pre-networking).
[[0;32m  OK  [0m] Reached target Network (Pre).
         Starting Raise network interfaces...
[[0;32m  OK  [0m] Started Raise network interfaces.
[[0;32m  OK  [0m] Reached target Network.
         Starting Initial cloud-init job (metadata service crawler)...
[   27.338823] cloud-init[945]: Cloud-init v. 19.1-1-gbaa47854-0ubuntu1~16.04.1 running 'init' at Fri, 23 Aug 2019 16:02:25 +0000. Up 23.80 seconds.
[   27.364823] cloud-init[945]: ci-info: ++++++++++++++++++++++++++++++++++++++Net device info++++++++++++++++++++++++++++++++++++++
[   27.373969] cloud-init[945]: ci-info: +--------+------+----------------------------+---------------+--------+-------------------+
[   27.381900] cloud-init[945]: ci-info: | Device |  Up  |          Address           |      Mask     | Scope  |     Hw-Address    |
[   27.389516] cloud-init[945]: ci-info: +--------+------+----------------------------+---------------+--------+-------------------+
[   27.398692] cloud-init[945]: ci-info: | enp0s3 | True |         10.0.2.15          | 255.255.255.0 | global | 02:1e:e5:6d:71:21 |
[   27.410095] cloud-init[945]: ci-info: | enp0s3 | True | fe80::1e:e5ff:fe6d:7121/64 |       .       |  link  | 02:1e:e5:6d:71:21 |
[   27.492351] cloud-init[945]: ci-info: |   lo   | True |         127.0.0.1          |   255.0.0.0   |  host  |         .         |
[   27.510822] cloud-init[945]: ci-info: |   lo   | True |          ::1/128           |       .       |  host  |         .         |
[   27.516962] cloud-init[945]: ci-info: +--------+------+----------------------------+---------------+--------+-------------------+
[   27.535615] cloud-init[945]: ci-info: +++++++++++++++++++++++++++Route IPv4 info++++++++++++++++++++++++++++
[   27.546056] cloud-init[945]: ci-info: +-------+-------------+----------+---------------+-----------+-------+
[   27.552426] cloud-init[945]: ci-info: | Route | Destination | Gateway  |    Genmask    | Interface | Flags |
[   27.564829] cloud-init[945]: ci-info: +-------+-------------+----------+---------------+-----------+-------+
[   27.611532] cloud-init[945]: ci-info: |   0   |   0.0.0.0   | 10.0.2.2 |    0.0.0.0    |   enp0s3  |   UG  |
[   27.619624] cloud-init[945]: ci-info: |   1   |   10.0.2.0  | 0.0.0.0  | 255.255.255.0 |   enp0s3  |   U   |
[   27.629061] cloud-init[945]: ci-info: +-------+-------------+----------+---------------+-----------+-------+
[   27.636891] cloud-init[945]: ci-info: +++++++++++++++++++Route IPv6 info+++++++++++++++++++
[   27.643031] cloud-init[945]: ci-info: +-------+-------------+---------+-----------+-------+
[   27.651952] cloud-init[945]: ci-info: | Route | Destination | Gateway | Interface | Flags |
[   27.658811] cloud-init[945]: ci-info: +-------+-------------+---------+-----------+-------+
[   27.676830] cloud-init[945]: ci-info: |   0   |  fe80::/64  |    ::   |   enp0s3  |   U   |
[[0;32m  OK  [0m] Started Initial cloud-init job (metadata service crawler).
[   27.773127] cloud-init[945]: ci-info: |   4   |   ff00::/8  |    ::   |   enp0s3  |   U   |
[   27.943841] cloud-init[945]: ci-info: +-------+-------------+---------+-----------+-------+
[[0;32m  OK  [0m] Reached target Network is Online.
[   27.944427] cloud-init[945]: Generating public/private rsa key pair.
         Starting iSCSI initiator daemon (iscsid)...
[[0;32m  OK  [0m] Reached target System Initialization.
[   28.118267] cloud-init[945]: Your identification has been saved in /etc/ssh/ssh_host_rsa_key.
[   28.180966] cloud-init[945]: Your public key has been saved in /etc/ssh/ssh_host_rsa_key.pub.
[   28.220042] cloud-init[945]: The key fingerprint is:
[   28.220513] cloud-init[945]: SHA256:oZkpHVSbcVuprevwMvXQYZtBK7PwmVeYqniJC7vQ6eM root@ubuntu-xenial
         Starting Socket activation for snappy daemon.
[   28.221704] cloud-init[945]: The key's randomart image is:
[[0;32m  OK  [0m] Listening on D-Bus System Message Bus Socket.
[[0;32m  OK  [0m] Started Daily apt download activities.
[   28.250253] cloud-init[945]: +---[RSA 2048]----+
[   28.284555] cloud-init[945]: |      ..o . ..   |
         Starting LXD - unix socket.
[   28.284973] cloud-init[945]: |     .   = oo    |
[   28.331090] cloud-init[945]: |      . + .+ +   |
[[0;32m  OK  [0m] Started Daily Cleanup of Temporary Directories.
[   28.331458] cloud-init[945]: |     . *..+ O .  |
[   28.405057] cloud-init[945]: |    . * So @ *   |
[   28.448667] cloud-init[945]: |   . o    X =    |
[[0;32m  OK  [0m] Listening on ACPID Listen Socket.
[   28.449045] cloud-init[945]: |  . +  o.+ =     |
[   28.532742] cloud-init[945]: |   o.oo *o. .    |
[   28.577096] cloud-init[945]: |   .Eo.o +o      |
[[0;32m  OK  [0m] Started Daily apt upgrade and clean activities.
[   28.577430] cloud-init[945]: +----[SHA256]-----+
[[0;32m  OK  [0m] Reached target Timers.
[   28.652061] cloud-init[945]: Generating public/private dsa key pair.
[   28.728242] cloud-init[945]: Your identification has been saved in /etc/ssh/ssh_host_dsa_key.
[[0;32m  OK  [0m] Listening on UUID daemon activation socket.
[   28.728607] cloud-init[945]: Your public key has been saved in /etc/ssh/ssh_host_dsa_key.pub.
[   28.964574] cloud-init[945]: The key fingerprint is:
[[0;32m  OK  [0m] Started ACPI Events Check.
[   28.964946] cloud-init[945]: SHA256:Ox8FpXCybb6q09bKu9lfDZ34V3Kc9utB8PgDi1tesrU root@ubuntu-xenial
[[0;32m  OK  [0m] Reached target Paths.
[   29.186142] cloud-init[945]: The key's randomart image is:
[[0;32m  OK  [0m] Reached target Cloud-config availability.
[   29.196793] cloud-init[945]: +---[DSA 1024]----+
[   29.309998] cloud-init[945]: |        o . .    |
[[0;32m  OK  [0m] Listening on Socket activation for snappy daemon.
[   29.321711] [[0;32m  OK  [0m] Listening on LXD - unix socket.
cloud-init[945]: |         * o     |
[[0;32m  OK  [0m] Started iSCSI initiator daemon (iscsid).
[   29.340260] cloud-init[945]: |        . =  .   |
[   29.353520] cloud-init[945]: |         o .  =oo|
[   29.356340] cloud-init[945]: |        S . .+o*=|
[   29.359185] cloud-init[945]: |         . o. B=o|
[   29.361920] cloud-init[945]: |       .o.o. +.B+|
[   29.370540] cloud-init[945]: |      ..o*..+.= *|
[   29.373832] cloud-init[945]: |      .+B+oo.o.E |
[   29.385689] cloud-init[945]: +----[SHA256]-----+
[   29.388350] cloud-init[945]: Generating public/private ecdsa key pair.
[   29.396040] cloud-init[945]: Your identification has been saved in /etc/ssh/ssh_host_ecdsa_key.
[   29.399957] cloud-init[945]: Your public key has been saved in /etc/ssh/ssh_host_ecdsa_key.pub.
[   29.412068] cloud-init[945]: The key fingerprint is:
[   29.417407] cloud-init[945]: SHA256:uLr91ZL/DBUGnUEpsoGgz+a3p/WD+wOzSAZTLsb3zJA root@ubuntu-xenial
[   29.427042] cloud-init[945]: The key's randomart image is:
[   29.433748] cloud-init[945]: +---[ECDSA 256]---+
         Starting Login to default iSCSI targets...
[[0;32m  OK  [0m] Reached target Sockets.
[[0;32m  OK  [0m] Reached target Basic System.
[   29.453242] cloud-init[945]: |      .. .  .oo+ |
[   29.476745] cloud-init[945]: |     .  o o ..+  |
[   29.550288]          cloud-initStarting Virtualbox guest utils...[945]: 
|    .. o . + .o  |
[[0;32m  OK  [0m] Started ACPI event daemon.
[   29.593454] cloud-init[945]: |     o*.E .  . . |
[   29.634344] cloud-init[945]: |     .==S=    .  |
[   29.649510] cloud-init[945]: |     o .o *o .   |
[   29.655957] cloud-init[945]: |      oo..==o    |
[   29.674406] cloud-init[945]: |     o ..+++oo   |
[   29.732711] cloud-init[945]: |    o...+o.o++o  |
         Starting LSB: Record successful boot for GRUB...
[   29.734332] cloud-init[945]: +----[SHA256]-----+
[   29.764349] cloud-init[945]: Generating public/private ed25519 key pair.
[   29.773004] cloud-init[945]: Your identification has been saved in /etc/ssh/ssh_host_ed25519_key.
[   29.790085] cloud-init[945]: Your public key has been saved in /etc/ssh/ssh_host_ed25519_key.pub.
[   29.802366] cloud-init[945]: The key fingerprint is:
[   29.826080] cloud-init[945]: SHA256:R7MZ/J1HMuLdP511FketDKvXH5f0+qxxTyGbhMKxFRE root@ubuntu-xenial
[   29.908237]          cloud-initStarting Snappy daemon...[945]: 
The key's randomart image is:
[   29.957830] cloud-init[945]: +--[ED25519 256]--+
[   30.031951] cloud-init[945]: |           Eo   o|
[   30.077775] [[0;32m  OK  [0m] Started FUSE filesystem for LXC.
cloud-init[945]: |         .  o  ..|
[   30.095136] cloud-init[945]: |         .=..+ooo|
[   30.106863] cloud-init[945]: |        ..+Bo+oBo|
[   30.137570] cloud-init[945]: |        S++oo+=.O|
[   30.161190] cloud-init[945]: |         .o o ==X|[[0;32m  OK  [0m] Started Deferred execution scheduler.

[   30.173999] cloud-init[945]: |           . o.=B|
[   30.195277] cloud-init[945]: |              .=+|
         Starting Pollinate to seed the pseudo random number generator...
         Starting Login Service...
[   30.244346] cloud-init[945]: |              .o+|
[   30.286155] cloud-init[945]: +----[SHA256]-----+
         Starting LSB: MD monitoring daemon...
[[0;32m  OK  [0m] Started Regular background program processing daemon.
         Starting LXD - container startup/shutdown...
         Starting System Logging Service...
         Starting Accounts Service...
[[0;32m  OK  [0m] Started D-Bus System Message Bus.
         Starting /etc/rc.local Compatibility...
[[0;32m  OK  [0m] Started System Logging Service.
[[0;32m  OK  [0m] Started /etc/rc.local Compatibility.
[[0;32m  OK  [0m] Started Login Service.
[[0;32m  OK  [0m] Started Unattended Upgrades Shutdown.
[[0;32m  OK  [0m] Started Login to default iSCSI targets.
[[0;32m  OK  [0m] Started LSB: Record successful boot for GRUB.
         Starting Authenticate and Authorize Users to Run Privileged Tasks...
[[0;32m  OK  [0m] Reached target Remote File Systems (Pre).
[[0;32m  OK  [0m] Reached target Remote File Systems.
         Starting LSB: automatic crash report generation...
         Starting LSB: daemon to balance interrupts for SMP systems...
         Starting Permit User Sessions...
         Starting LSB: Set the CPU Frequency Scaling governor to "ondemand"...
[[0;32m  OK  [0m] Started Permit User Sessions.
         Starting Hold until boot process finishes up...
         Starting Terminate Plymouth Boot Screen...
[[0;32m  OK  [0m] Started LSB: MD monitoring daemon.
[[0;32m  OK  [0m] Started Terminate Plymouth Boot Screen.
[[0;32m  OK  [0m] Started Hold until boot process finishes up.
[[0;32m  OK  [0m] Started Serial Getty on ttyS0.
         Starting Set console scheme...
[[0;32m  OK  [0m] Started Getty on tty1.
[[0;32m  OK  [0m] Reached target Login Prompts.
[[0;32m  OK  [0m] Started Set console scheme.
[[0;32m  OK  [0m] Started Authenticate and Authorize Users to Run Privileged Tasks.
[[0;32m  OK  [0m] Started Accounts Service.
[[0;32m  OK  [0m] Started LSB: daemon to balance interrupts for SMP systems.
[[0;32m  OK  [0m] Started Virtualbox guest utils.
[[0;32m  OK  [0m] Started LSB: Set the CPU Frequency Scaling governor to "ondemand".
[[0;32m  OK  [0m] Started LXD - container startup/shutdown.
[[0;32m  OK  [0m] Started LSB: automatic crash report generation.
[[0;32m  OK  [0m] Started Snappy daemon.
         Starting Wait until snapd is fully seeded...
[[0;32m  OK  [0m] Started Pollinate to seed the pseudo random number generator.
         Starting OpenBSD Secure Shell server...
[[0;32m  OK  [0m] Started OpenBSD Secure Shell server.
[[0;32m  OK  [0m] Created slice User Slice of vagrant.
         Starting User Manager for UID 1000...
[[0;32m  OK  [0m] Started Session 1 of user vagrant.
[[0;32m  OK  [0m] Started User Manager for UID 1000.
[[0;32m  OK  [0m] Started Wait until snapd is fully seeded.
         Starting Apply the settings specified in cloud-config...
[[0;32m  OK  [0m] Reached target Multi-User System.
[[0;32m  OK  [0m] Reached target Graphical Interface.
         Starting Update UTMP about System Runlevel Changes...
[[0;32m  OK  [0m] Started Update UTMP about System Runlevel Changes.

Ubuntu 16.04.6 LTS ubuntu-xenial ttyS0

ubuntu-xenial login: [   41.404677] cloud-init[1375]: Generating locales (this might take a while)...
[   44.671278] cloud-init[1375]:   en_US.UTF-8... done
[   44.672216] cloud-init[1375]: Generation complete.
[   46.350860] cloud-init[1375]: Cloud-init v. 19.1-1-gbaa47854-0ubuntu1~16.04.1 running 'modules:config' at Fri, 23 Aug 2019 16:02:42 +0000. Up 40.65 seconds.
ci-info: no authorized ssh keys fingerprints found for user ubuntu.
<14>Aug 23 16:02:50 ec2: 
<14>Aug 23 16:02:50 ec2: #############################################################
<14>Aug 23 16:02:50 ec2: -----BEGIN SSH HOST KEY FINGERPRINTS-----
<14>Aug 23 16:02:50 ec2: 1024 SHA256:Ox8FpXCybb6q09bKu9lfDZ34V3Kc9utB8PgDi1tesrU root@ubuntu-xenial (DSA)
<14>Aug 23 16:02:50 ec2: 256 SHA256:uLr91ZL/DBUGnUEpsoGgz+a3p/WD+wOzSAZTLsb3zJA root@ubuntu-xenial (ECDSA)
<14>Aug 23 16:02:50 ec2: 256 SHA256:R7MZ/J1HMuLdP511FketDKvXH5f0+qxxTyGbhMKxFRE root@ubuntu-xenial (ED25519)
<14>Aug 23 16:02:50 ec2: 2048 SHA256:oZkpHVSbcVuprevwMvXQYZtBK7PwmVeYqniJC7vQ6eM root@ubuntu-xenial (RSA)
<14>Aug 23 16:02:50 ec2: -----END SSH HOST KEY FINGERPRINTS-----
<14>Aug 23 16:02:50 ec2: #############################################################
-----BEGIN SSH HOST KEY KEYS-----
ecdsa-sha2-nistp256 AAAAE2VjZHNhLXNoYTItbmlzdHAyNTYAAAAIbmlzdHAyNTYAAABBBJA8vOXEKS4tqpt3Qktipln6f4xqs7tqWG5O+2qojZrQPHA708MEx7Sta5YPy7x3WeGyE1ClkiVZRtF0SHf6Rkk= root@ubuntu-xenial
ssh-ed25519 AAAAC3NzaC1lZDI1NTE5AAAAIKhNhkBx9J0pOoZxU3mwuqUpJ2FrAud2OE6n1f4lUSop root@ubuntu-xenial
ssh-rsa AAAAB3NzaC1yc2EAAAADAQABAAABAQD4yl0oc89wPWi/hPCaBOWFQh5hxN0zQnLZr6MvgOWmFOpz/00QGSTt9vH8/iH5DGDmWKJcTgffCFo64qait01ivFGFJCLjgnqz2JWBGWciLa3NszcnRZyq5n05dnCT892HraDSJszMYhVhWTPPXMaYyweIu577zjOoqancV3qlJ645ljNIVN3upHdvGNw7vW66Nf1baoEcNlqriX9HRElW7d3LKfz0ZAnpTSEq9M5SkMPyHgAFi8rNKFXmziRwHE9gqYMDc6yhVKkdpWcH56H3rkUaYS6Ps+Pw7bPJT66W2rfRjYwIfGEVmnp33c93Mha5ONlnXf/B8jI3f2X+3iAL root@ubuntu-xenial
-----END SSH HOST KEY KEYS-----
[   48.672382] cloud-init[1533]: Cloud-init v. 19.1-1-gbaa47854-0ubuntu1~16.04.1 running 'modules:final' at Fri, 23 Aug 2019 16:02:49 +0000. Up 47.88 seconds.
[   48.673085] cloud-init[1533]: ci-info: no authorized ssh keys fingerprints found for user ubuntu.
[   48.673736] cloud-init[1533]: Cloud-init v. 19.1-1-gbaa47854-0ubuntu1~16.04.1 finished at Fri, 23 Aug 2019 16:02:50 +0000. Datasource DataSourceNoCloud [seed=/dev/sdb][dsmode=net].  Up 48.63 seconds
