[    0.000000] Initializing cgroup subsys cpuset
[    0.000000] Initializing cgroup subsys cpu
[    0.000000] Initializing cgroup subsys cpuacct
[    0.000000] Linux version 4.4.0-154-generic (buildd@lgw01-amd64-049) (gcc version 5.4.0 20160609 (Ubuntu 5.4.0-6ubuntu1~16.04.10) ) #181-Ubuntu SMP Tue Jun 25 05:29:03 UTC 2019 (Ubuntu 4.4.0-154.181-generic 4.4.179)
[    0.000000] Command line: BOOT_IMAGE=/boot/vmlinuz-4.4.0-154-generic root=LABEL=cloudimg-rootfs ro console=tty1 console=ttyS0
[    0.000000] KERNEL supported cpus:
[    0.000000]   Intel GenuineIntel
[    0.000000]   AMD AuthenticAMD
[    0.000000]   Centaur CentaurHauls
[    0.000000] x86/fpu: Legacy x87 FPU detected.
[    0.000000] e820: BIOS-provided physical RAM map:
[    0.000000] BIOS-e820: [mem 0x0000000000000000-0x000000000009fbff] usable
[    0.000000] BIOS-e820: [mem 0x000000000009fc00-0x000000000009ffff] reserved
[    0.000000] BIOS-e820: [mem 0x00000000000f0000-0x00000000000fffff] reserved
[    0.000000] BIOS-e820: [mem 0x0000000000100000-0x000000002cfeffff] usable
[    0.000000] BIOS-e820: [mem 0x000000002cff0000-0x000000002cffffff] ACPI data
[    0.000000] BIOS-e820: [mem 0x00000000fec00000-0x00000000fec00fff] reserved
[    0.000000] BIOS-e820: [mem 0x00000000fee00000-0x00000000fee00fff] reserved
[    0.000000] BIOS-e820: [mem 0x00000000fffc0000-0x00000000ffffffff] reserved
[    0.000000] NX (Execute Disable) protection: active
[    0.000000] SMBIOS 2.5 present.
[    0.000000] Hypervisor detected: KVM
[    0.000000] e820: last_pfn = 0x2cff0 max_arch_pfn = 0x400000000
[    0.000000] MTRR: Disabled
[    0.000000] x86/PAT: MTRRs disabled, skipping PAT initialization too.
[    0.000000] CPU MTRRs all blank - virtualized system.
[    0.000000] x86/PAT: Configuration [0-7]: WB  WT  UC- UC  WB  WT  UC- UC  
[    0.000000] found SMP MP-table at [mem 0x0009fff0-0x0009ffff] mapped at [ffff88000009fff0]
[    0.000000] Scanning 1 areas for low memory corruption
[    0.000000] RAMDISK: [mem 0x2b8be000-0x2c738fff]
[    0.000000] ACPI: Early table checksum verification disabled
[    0.000000] ACPI: RSDP 0x00000000000E0000 000024 (v02 VBOX  )
[    0.000000] ACPI: XSDT 0x000000002CFF0030 00003C (v01 VBOX   VBOXXSDT 00000001 ASL  00000061)
[    0.000000] ACPI: FACP 0x000000002CFF00F0 0000F4 (v04 VBOX   VBOXFACP 00000001 ASL  00000061)
[    0.000000] ACPI: DSDT 0x000000002CFF0470 0021FF (v02 VBOX   VBOXBIOS 00000002 INTL 20180105)
[    0.000000] ACPI: FACS 0x000000002CFF0200 000040
[    0.000000] ACPI: FACS 0x000000002CFF0200 000040
[    0.000000] ACPI: APIC 0x000000002CFF0240 000054 (v02 VBOX   VBOXAPIC 00000001 ASL  00000061)
[    0.000000] ACPI: SSDT 0x000000002CFF02A0 0001CC (v01 VBOX   VBOXCPUT 00000002 INTL 20180105)
[    0.000000] No NUMA configuration found
[    0.000000] Faking a node at [mem 0x0000000000000000-0x000000002cfeffff]
[    0.000000] NODE_DATA(0) allocated [mem 0x2cfeb000-0x2cfeffff]
[    0.000000] kvm-clock: Using msrs 4b564d01 and 4b564d00
[    0.000000] kvm-clock: cpu 0, msr 0:2cfe3001, primary cpu clock
[    0.000000] kvm-clock: using sched offset of 9081994809 cycles
[    0.000000] clocksource: kvm-clock: mask: 0xffffffffffffffff max_cycles: 0x1cd42e4dffb, max_idle_ns: 881590591483 ns
[    0.000000] Zone ranges:
[    0.000000]   DMA      [mem 0x0000000000001000-0x0000000000ffffff]
[    0.000000]   DMA32    [mem 0x0000000001000000-0x000000002cfeffff]
[    0.000000]   Normal   empty
[    0.000000]   Device   empty
[    0.000000] Movable zone start for each node
[    0.000000] Early memory node ranges
[    0.000000]   node   0: [mem 0x0000000000001000-0x000000000009efff]
[    0.000000]   node   0: [mem 0x0000000000100000-0x000000002cfeffff]
[    0.000000] Initmem setup node 0 [mem 0x0000000000001000-0x000000002cfeffff]
[    0.000000] ACPI: PM-Timer IO Port: 0x4008
[    0.000000] IOAPIC[0]: apic_id 1, version 32, address 0xfec00000, GSI 0-23
[    0.000000] ACPI: INT_SRC_OVR (bus 0 bus_irq 0 global_irq 2 dfl dfl)
[    0.000000] ACPI: INT_SRC_OVR (bus 0 bus_irq 9 global_irq 9 low level)
[    0.000000] Using ACPI (MADT) for SMP configuration information
[    0.000000] smpboot: Allowing 1 CPUs, 0 hotplug CPUs
[    0.000000] PM: Registered nosave memory: [mem 0x00000000-0x00000fff]
[    0.000000] PM: Registered nosave memory: [mem 0x0009f000-0x0009ffff]
[    0.000000] PM: Registered nosave memory: [mem 0x000a0000-0x000effff]
[    0.000000] PM: Registered nosave memory: [mem 0x000f0000-0x000fffff]
[    0.000000] e820: [mem 0x2d000000-0xfebfffff] available for PCI devices
[    0.000000] Booting paravirtualized kernel on KVM
[    0.000000] clocksource: refined-jiffies: mask: 0xffffffff max_cycles: 0xffffffff, max_idle_ns: 7645519600211568 ns
[    0.000000] setup_percpu: NR_CPUS:512 nr_cpumask_bits:512 nr_cpu_ids:1 nr_node_ids:1
[    0.000000] PERCPU: Embedded 34 pages/cpu @ffff88002cc00000 s99480 r8192 d31592 u2097152
[    0.000000] Built 1 zonelists in Node order, mobility grouping on.  Total pages: 181304
[    0.000000] Policy zone: DMA32
[    0.000000] Kernel command line: BOOT_IMAGE=/boot/vmlinuz-4.4.0-154-generic root=LABEL=cloudimg-rootfs ro console=tty1 console=ttyS0
[    0.000000] PID hash table entries: 4096 (order: 3, 32768 bytes)
[    0.000000] Memory: 690668K/736824K available (8613K kernel code, 1335K rwdata, 4028K rodata, 1484K init, 1284K bss, 46156K reserved, 0K cma-reserved)
[    0.000000] SLUB: HWalign=64, Order=0-3, MinObjects=0, CPUs=1, Nodes=1
[    0.000000] Kernel/User page tables isolation: enabled
[    0.000000] Hierarchical RCU implementation.
[    0.000000] 	Build-time adjustment of leaf fanout to 64.
[    0.000000] 	RCU restricting CPUs from NR_CPUS=512 to nr_cpu_ids=1.
[    0.000000] RCU: Adjusting geometry for rcu_fanout_leaf=64, nr_cpu_ids=1
[    0.000000] NR_IRQS:33024 nr_irqs:256 16
[    0.000000] Console: colour VGA+ 80x25
[    0.000000] console [tty1] enabled
[    0.000000] console [ttyS0] enabled
[    0.000000] tsc: Detected 2992.498 MHz processor
[    1.659121] Calibrating delay loop (skipped) preset value.. 5984.99 BogoMIPS (lpj=11969992)
[    1.662439] pid_max: default: 32768 minimum: 301
[    1.664027] ACPI: Core revision 20150930
[    1.717607] ACPI: 2 ACPI AML tables successfully acquired and loaded
[    1.727934] Security Framework initialized
[    1.822622] Yama: becoming mindful.
[    1.824037] AppArmor: AppArmor initialized
[    1.825704] Dentry cache hash table entries: 131072 (order: 8, 1048576 bytes)
[    1.828399] Inode-cache hash table entries: 65536 (order: 7, 524288 bytes)
[    1.837213] Mount-cache hash table entries: 2048 (order: 2, 16384 bytes)
[    1.839311] Mountpoint-cache hash table entries: 2048 (order: 2, 16384 bytes)
[    1.841869] Initializing cgroup subsys io
[    1.843347] Initializing cgroup subsys memory
[    1.845071] Initializing cgroup subsys devices
[    1.846660] Initializing cgroup subsys freezer
[    1.848206] Initializing cgroup subsys net_cls
[    1.849785] Initializing cgroup subsys perf_event
[    1.851388] Initializing cgroup subsys net_prio
[    1.852972] Initializing cgroup subsys hugetlb
[    1.856647] Initializing cgroup subsys pids
[    1.858233] mce: CPU supports 0 MCE banks
[    1.859770] process: using mwait in idle threads
[    1.861532] Last level iTLB entries: 4KB 128, 2MB 4, 4MB 4
[    1.863305] Last level dTLB entries: 4KB 256, 2MB 0, 4MB 32, 1GB 0
[    1.865271] Spectre V2 : Mitigation: Full generic retpoline
[    1.867060] Spectre V2 : Spectre v2 / SpectreRSB mitigation: Filling RSB on context switch
[    1.869957] Speculative Store Bypass: Vulnerable
[    1.928776] MDS: Vulnerable: Clear CPU buffers attempted, no microcode
[    2.558172] Freeing SMP alternatives memory: 36K
[    2.647844] ftrace: allocating 32299 entries in 127 pages
[    2.791275] smpboot: APIC(0) Converting physical 0 to logical package 0
[    2.859237] smpboot: Max logical packages: 1
[    2.861353] x2apic enabled
[    2.867118] Switched APIC routing to physical x2apic.
[    2.871138] ..TIMER: vector=0x30 apic1=0 pin1=2 apic2=-1 pin2=-1
[    2.895950] APIC calibration not consistent with PM-Timer: 200ms instead of 100ms
[    2.957988] APIC delta adjusted to PM-Timer: 6374428 (12750584)
[    2.959973] smpboot: CPU0: Intel(R) Core(TM)2 Duo CPU     E8400  @ 3.00GHz (family: 0x6, model: 0x17, stepping: 0xa)
[    2.978036] Performance Events: unsupported p6 CPU model 23 no PMU driver, software events only.
[    3.182880] KVM setup paravirtual spinlock
[    3.202608] x86: Booted up 1 node, 1 CPUs
[    3.204086] smpboot: Total of 1 processors activated (5984.99 BogoMIPS)
[    3.210662] devtmpfs: initialized
[    3.265447] evm: security.selinux
[    3.276744] evm: security.SMACK64
[    3.278021] evm: security.SMACK64EXEC
[    3.279676] evm: security.SMACK64TRANSMUTE
[    3.281134] evm: security.SMACK64MMAP
[    3.282501] evm: security.ima
[    3.286677] evm: security.capability
[    3.288165] clocksource: jiffies: mask: 0xffffffff max_cycles: 0xffffffff, max_idle_ns: 7645041785100000 ns
[    3.291423] futex hash table entries: 256 (order: 2, 16384 bytes)
[    3.293480] pinctrl core: initialized pinctrl subsystem
[    3.295654] RTC time: 16:57:57, date: 08/23/19
[    3.306865] NET: Registered protocol family 16
[    3.308672] cpuidle: using governor ladder
[    3.367753] cpuidle: using governor menu
[    3.369187] PCCT header not found.
[    3.370598] ACPI: bus type PCI registered
[    3.372046] acpiphp: ACPI Hot Plug PCI Controller Driver version: 0.5
[    3.385553] PCI: Using configuration type 1 for base access
[    3.388994] ACPI: Added _OSI(Module Device)
[    3.390492] ACPI: Added _OSI(Processor Device)
[    3.392026] ACPI: Added _OSI(3.0 _SCP Extensions)
[    3.393633] ACPI: Added _OSI(Processor Aggregator Device)
[    3.396425] ACPI: Executed 1 blocks of module-level executable AML code
[    3.400975] ACPI: Interpreter enabled
[    3.402341] ACPI: (supports S0 S5)
[    3.403655] ACPI: Using IOAPIC for interrupt routing
[    3.405506] PCI: Using host bridge windows from ACPI; if necessary, use "pci=nocrs" and report a bug
[    3.413565] ACPI: PCI Root Bridge [PCI0] (domain 0000 [bus 00-ff])
[    3.472889] acpi PNP0A03:00: _OSC: OS supports [ASPM ClockPM Segments MSI]
[    3.475005] acpi PNP0A03:00: _OSC: not requesting OS control; OS requires [ExtendedConfig ASPM ClockPM MSI]
[    3.508413] acpi PNP0A03:00: fail to add MMCONFIG information, can't access extended PCI configuration space under this bridge.
[    3.512884] PCI host bridge to bus 0000:00
[    3.680814] pci_bus 0000:00: root bus resource [io  0x0000-0x0cf7 window]
[    3.687221] pci_bus 0000:00: root bus resource [io  0x0d00-0xffff window]
[    3.689304] pci_bus 0000:00: root bus resource [mem 0x000a0000-0x000bffff window]
[    3.692003] pci_bus 0000:00: root bus resource [mem 0x2d000000-0xfdffffff window]
[    3.785776] pci_bus 0000:00: root bus resource [bus 00-ff]
[    3.791517] pci 0000:00:01.1: legacy IDE quirk: reg 0x10: [io  0x01f0-0x01f7]
[    3.794778] pci 0000:00:01.1: legacy IDE quirk: reg 0x14: [io  0x03f6]
[    3.798134] pci 0000:00:01.1: legacy IDE quirk: reg 0x18: [io  0x0170-0x0177]
[    3.804226] pci 0000:00:01.1: legacy IDE quirk: reg 0x1c: [io  0x0376]
[    3.837433] pci 0000:00:07.0: quirk: [io  0x4000-0x403f] claimed by PIIX4 ACPI
[    3.889207] pci 0000:00:07.0: quirk: [io  0x4100-0x410f] claimed by PIIX4 SMB
[    3.914244] ACPI: PCI Interrupt Link [LNKA] (IRQs 5 9 10 *11)
[    3.993950] ACPI: PCI Interrupt Link [LNKB] (IRQs 5 9 *10 11)
[    3.996700] ACPI: PCI Interrupt Link [LNKC] (IRQs 5 *9 10 11)
[    4.021220] ACPI: PCI Interrupt Link [LNKD] (IRQs 5 9 10 *11)
[    4.027610] ACPI: Enabled 2 GPEs in block 00 to 07
[    4.098981] vgaarb: setting as boot device: PCI:0000:00:02.0
[    4.100812] vgaarb: device added: PCI:0000:00:02.0,decodes=io+mem,owns=io+mem,locks=none
[    4.107630] vgaarb: loaded
[    4.108882] vgaarb: bridge control possible 0000:00:02.0
[    4.111261] SCSI subsystem initialized
[    4.116803] ACPI: bus type USB registered
[    4.202218] usbcore: registered new interface driver usbfs
[    4.204004] usbcore: registered new interface driver hub
[    4.211259] usbcore: registered new device driver usb
[    4.221732] PCI: Using ACPI for IRQ routing
[    4.223951] NetLabel: Initializing
[    4.225278] NetLabel:  domain hash size = 128
[    4.247064] NetLabel:  protocols = UNLABELED CIPSOv4
[    4.248794] NetLabel:  unlabeled traffic allowed by default
[    4.250960] amd_nb: Cannot enumerate AMD northbridges
[    4.317014] clocksource: Switched to clocksource kvm-clock
[    4.422074] AppArmor: AppArmor Filesystem Enabled
[    4.437248] pnp: PnP ACPI init
[    4.440443] pnp: PnP ACPI: found 3 devices
[    4.449752] clocksource: acpi_pm: mask: 0xffffff max_cycles: 0xffffff, max_idle_ns: 2085701024 ns
[    4.537953] NET: Registered protocol family 2
[    4.540012] TCP established hash table entries: 8192 (order: 4, 65536 bytes)
[    4.542273] TCP bind hash table entries: 8192 (order: 5, 131072 bytes)
[    4.544403] TCP: Hash tables configured (established 8192 bind 8192)
[    4.546806] UDP hash table entries: 512 (order: 2, 16384 bytes)
[    4.548801] UDP-Lite hash table entries: 512 (order: 2, 16384 bytes)
[    4.637169] NET: Registered protocol family 1
[    4.638727] pci 0000:00:00.0: Limiting direct PCI/PCI transfers
[    4.640618] pci 0000:00:01.0: Activating ISA DMA hang workarounds
[    4.642842] Unpacking initramfs...
[    5.163683] Freeing initrd memory: 14828K
[    5.166072] clocksource: tsc: mask: 0xffffffffffffffff max_cycles: 0x2b2296bc2b9, max_idle_ns: 440795321505 ns
[    5.169423] platform rtc_cmos: registered platform RTC device (no PNP device found)
[    5.172289] Scanning for low memory corruption every 60 seconds
[    5.174578] audit: initializing netlink subsys (disabled)
[    5.176371] audit: type=2000 audit(1566579486.553:1): initialized
[    5.257767] Initialise system trusted keyring
[    5.297180] HugeTLB registered 2 MB page size, pre-allocated 0 pages
[    5.351632] zbud: loaded
[    5.353069] VFS: Disk quotas dquot_6.6.0
[    5.354588] VFS: Dquot-cache hash table entries: 512 (order 0, 4096 bytes)
[    5.452256] squashfs: version 4.0 (2009/01/31) Phillip Lougher
[    5.458154] fuse init (API version 7.23)
[    5.459740] Key type big_key registered
[    5.461158] Allocating IMA MOK and blacklist keyrings.
[    5.497501] Key type asymmetric registered
[    5.498966] Asymmetric key parser 'x509' registered
[    5.500640] Block layer SCSI generic (bsg) driver version 0.4 loaded (major 249)
[    5.597447] io scheduler noop registered
[    5.598865] io scheduler deadline registered (default)
[    5.600618] io scheduler cfq registered
[    5.657368] pci_hotplug: PCI Hot Plug PCI Core version: 0.5
[    5.659200] pciehp: PCI Express Hot Plug Controller Driver version: 0.4
[    5.661460] ACPI: AC Adapter [AC] (on-line)
[    5.697307] input: Power Button as /devices/LNXSYSTM:00/LNXPWRBN:00/input/input0
[    5.699959] ACPI: Power Button [PWRF]
[    5.701411] input: Sleep Button as /devices/LNXSYSTM:00/LNXSLPBN:00/input/input1
[    5.760146] ACPI: Sleep Button [SLPF]
[    5.771581] GHES: HEST is not enabled!
[    5.774447] Serial: 8250/16550 driver, 32 ports, IRQ sharing enabled
[    5.865764] 00:02: ttyS0 at I/O 0x3f8 (irq = 4, base_baud = 115200) is a 16550A
[    5.871936] Linux agpgart interface v0.103
[    5.874911] loop: module loaded
[    5.876955] scsi host0: ata_piix
[    5.878365] scsi host1: ata_piix
[    5.879676] ata1: PATA max UDMA/33 cmd 0x1f0 ctl 0x3f6 bmdma 0xd000 irq 14
[    5.897173] ata2: PATA max UDMA/33 cmd 0x170 ctl 0x376 bmdma 0xd008 irq 15
[    5.989920] libphy: Fixed MDIO Bus: probed
[    5.996084] tun: Universal TUN/TAP device driver, 1.6
[    6.004300] tun: (C) 1999-2004 Max Krasnyansky <maxk@qualcomm.com>
[    6.007766] PPP generic driver version 2.4.2
[    6.014154] ehci_hcd: USB 2.0 'Enhanced' Host Controller (EHCI) Driver
[    6.072989] ehci-pci: EHCI PCI platform driver
[    6.074659] ehci-platform: EHCI generic platform driver
[    6.076484] ohci_hcd: USB 1.1 'Open' Host Controller (OHCI) Driver
[    6.078507] ohci-pci: OHCI PCI platform driver
[    6.080095] ohci-platform: OHCI generic platform driver
[    6.082337] uhci_hcd: USB Universal Host Controller Interface driver
[    6.087474] i8042: PNP: PS/2 Controller [PNP0303:PS2K,PNP0f03:PS2M] at 0x60,0x64 irq 1,12
[    6.112240] serio: i8042 KBD port at 0x60,0x64 irq 1
[    6.114004] serio: i8042 AUX port at 0x60,0x64 irq 12
[    6.187129] mousedev: PS/2 mouse device common for all mice
[    6.189505] input: AT Translated Set 2 keyboard as /devices/platform/i8042/serio0/input/input2
[    6.278939] rtc_cmos rtc_cmos: rtc core: registered rtc_cmos as rtc0
[    6.281020] rtc_cmos rtc_cmos: alarms up to one day, 114 bytes nvram
[    6.297473] i2c /dev entries driver
[    6.393499] device-mapper: uevent: version 1.0.3
[    6.396559] device-mapper: ioctl: 4.34.0-ioctl (2015-10-28) initialised: dm-devel@redhat.com
[    6.488605] ledtrig-cpu: registered to indicate activity on CPUs
[    6.490941] NET: Registered protocol family 10
[    6.496920] NET: Registered protocol family 17
[    6.596653] Key type dns_resolver registered
[    6.598759] registered taskstats version 1
[    6.600241] Loading compiled-in X.509 certificates
[    6.602886] Loaded X.509 cert 'Build time autogenerated kernel key: 65139e04a67245b562a838c28b5e7032abdd4348'
[    6.606184] zswap: loaded using pool lzo/zbud
[    6.620158] Key type trusted registered
[    6.697824] Key type encrypted registered
[    6.699442] AppArmor: AppArmor sha1 policy hashing enabled
[    6.701257] ima: No TPM chip found, activating TPM-bypass!
[    6.706431] ima: Allocated hash algorithm: sha1
[    6.708031] evm: HMAC attrs: 0x1
[    6.709689]   Magic number: 15:879:995
[    6.711182] rtc_cmos rtc_cmos: setting system clock to 2019-08-23 16:58:00 UTC (1566579480)
[    6.793182] BIOS EDD facility v0.16 2004-Jun-25, 0 devices found
[    6.795129] EDD information not available.
[    6.801832] Freeing unused kernel memory: 1484K
[    6.825201] Write protecting the kernel read-only data: 14336k
[    6.839695] Freeing unused kernel memory: 1616K
[    7.002664] Freeing unused kernel memory: 68K
Loading, please wait...
starting version 229
[    7.252771] random: systemd-udevd: uninitialized urandom read (16 bytes read, 5 bits of entropy available)
[    7.327577] random: udevadm: uninitialized urandom read (16 bytes read, 5 bits of entropy available)
[    7.330998] random: udevadm: uninitialized urandom read (16 bytes read, 5 bits of entropy available)
[    7.416149] random: systemd-udevd: uninitialized urandom read (16 bytes read, 5 bits of entropy available)
[    7.419454] random: systemd-udevd: uninitialized urandom read (16 bytes read, 5 bits of entropy available)
[    7.428704] random: systemd-udevd: uninitialized urandom read (16 bytes read, 5 bits of entropy available)
[    7.620466] random: systemd-udevd: uninitialized urandom read (16 bytes read, 5 bits of entropy available)
[    7.688687] random: udevadm: uninitialized urandom read (16 bytes read, 5 bits of entropy available)
[    7.726572] random: systemd-udevd: uninitialized urandom read (16 bytes read, 5 bits of entropy available)
[    7.729843] random: systemd-udevd: uninitialized urandom read (16 bytes read, 5 bits of entropy available)
[    8.671648] Fusion MPT base driver 3.04.20
[    8.677045] Copyright (c) 1999-2008 LSI Corporation
[    8.683279] e1000: Intel(R) PRO/1000 Network Driver - version 7.3.21-k8-NAPI
[    8.687383] e1000: Copyright (c) 1999-2006 Intel Corporation.
[    8.805330] Fusion MPT SPI Host driver 3.04.20
[    8.997808] input: ImExPS/2 Generic Explorer Mouse as /devices/platform/i8042/serio1/input/input4
[   10.058233] e1000 0000:00:03.0 eth0: (PCI:33MHz:32-bit) 02:1e:e5:6d:71:21
[   10.087881] e1000 0000:00:03.0 eth0: Intel(R) PRO/1000 Network Connection
[   10.094610] e1000 0000:00:03.0 enp0s3: renamed from eth0
[   10.107305] mptbase: ioc0: Initiating bringup
[   10.177661] ioc0: LSI53C1030 A0: Capabilities={Initiator}
[   10.338790] scsi host2: ioc0: LSI53C1030 A0, FwRev=00000000h, Ports=1, MaxQ=256, IRQ=20
[   10.458186] scsi 2:0:0:0: Direct-Access     VBOX     HARDDISK         1.0  PQ: 0 ANSI: 5
[   10.479431] scsi target2:0:0: Beginning Domain Validation
[   10.483391] scsi target2:0:0: Domain Validation skipping write tests
[   10.487006] scsi target2:0:0: Ending Domain Validation
[   10.489586] scsi target2:0:0: asynchronous
[   10.492085] scsi 2:0:1:0: Direct-Access     VBOX     HARDDISK         1.0  PQ: 0 ANSI: 5
[   10.496125] scsi target2:0:1: Beginning Domain Validation
[   10.499971] scsi target2:0:1: Domain Validation skipping write tests
[   10.504736] scsi target2:0:1: Ending Domain Validation
[   10.508081] scsi target2:0:1: asynchronous
[   10.517390] sd 2:0:0:0: [sda] 20971520 512-byte logical blocks: (10.7 GB/10.0 GiB)
[   10.522406] sd 2:0:0:0: Attached scsi generic sg0 type 0
[   10.528442] sd 2:0:1:0: [sdb] 20480 512-byte logical blocks: (10.5 MB/10.0 MiB)
[   10.533011] sd 2:0:1:0: Attached scsi generic sg1 type 0
[   10.536980] sd 2:0:0:0: [sda] Write Protect is off
[   10.540260] sd 2:0:0:0: [sda] Incomplete mode parameter data
[   10.543481] sd 2:0:0:0: [sda] Assuming drive cache: write through
[   10.606913] sd 2:0:1:0: [sdb] Write Protect is off
[   10.627621] sd 2:0:1:0: [sdb] Incomplete mode parameter data
[   10.629463] sd 2:0:1:0: [sdb] Assuming drive cache: write through
[   10.653117]  sda: sda1
[   10.655686] sd 2:0:0:0: [sda] Attached SCSI disk
[   10.692184] sd 2:0:1:0: [sdb] Attached SCSI disk
Begin: Loading essential drivers ... [   13.930509] md: linear personality registered for level -1
[   14.020204] md: multipath personality registered for level -4
[   14.049885] md: raid0 personality registered for level 0
[   14.240847] md: raid1 personality registered for level 1
[   14.411163] raid6: sse2x1   gen()  3192 MB/s
[   14.514774] raid6: sse2x1   xor()  3315 MB/s
[   14.615975] raid6: sse2x2   gen()  4499 MB/s
[   14.721430] raid6: sse2x2   xor()  4212 MB/s
[   14.826179] raid6: sse2x4   gen()  6593 MB/s
[   14.929713] raid6: sse2x4   xor()  4847 MB/s
[   14.931243] raid6: using algorithm sse2x4 gen() 6593 MB/s
[   14.933039] raid6: .... xor() 4847 MB/s, rmw enabled
[   14.956684] raid6: using ssse3x2 recovery algorithm
[   14.970595] xor: measuring software checksum speed
[   15.136280]    prefetch64-sse: 29886.000 MB/sec
[   15.365560]    generic_sse: 26586.000 MB/sec
[   15.385553] xor: using function: prefetch64-sse (29886.000 MB/sec)
[   15.441399] async_tx: api initialized (async)
[   15.479286] md: raid6 personality registered for level 6
[   15.487520] md: raid5 personality registered for level 5
[   15.547819] md: raid4 personality registered for level 4
[   15.688580] md: raid10 personality registered for level 10
done.
Begin: Running /scripts/init-premount ... done.
Begin: Mounting root file system ... Begin: Running /scripts/local-top ... done.
Begin: Running /scripts/local-premount ... [   16.060488] Btrfs loaded
Scanning for Btrfs filesystems
done.
Warning: fsck not present, so skipping root file system
[   16.431730] EXT4-fs (sda1): mounted filesystem with ordered data mode. Opts: (null)
done.
Begin: Running /scripts/local-bottom ... done.
Begin: Running /scripts/init-bottom ... done.
[   17.364265] random: nonblocking pool is initialized
[   17.592011] systemd[1]: systemd 229 running in system mode. (+PAM +AUDIT +SELINUX +IMA +APPARMOR +SMACK +SYSVINIT +UTMP +LIBCRYPTSETUP +GCRYPT +GNUTLS +ACL +XZ -LZ4 +SECCOMP +BLKID +ELFUTILS +KMOD -IDN)
[   17.628422] systemd[1]: Detected virtualization oracle.
[   17.630179] systemd[1]: Detected architecture x86-64.

Welcome to [1mUbuntu 16.04.6 LTS[0m!

[   17.658461] systemd[1]: Set hostname to <ubuntu>.
[   17.684651] systemd[1]: Initializing machine ID from random generator.
[   17.686807] systemd[1]: Installed transient /etc/machine-id file.
[   19.081587] systemd[1]: Started Forward Password Requests to Wall Directory Watch.
[[0;32m  OK  [0m] Started Forward Password Requests to Wall Directory Watch.
[   19.093538] systemd[1]: Listening on Journal Socket.
[[0;32m  OK  [0m] Listening on Journal Socket.
[   19.098118] systemd[1]: Listening on udev Kernel Socket.
[[0;32m  OK  [0m] Listening on udev Kernel Socket.
[   19.102965] systemd[1]: Created slice System Slice.
[[0;32m  OK  [0m] Created slice System Slice.
[   19.112967] systemd[1]: Starting Uncomplicated firewall...
         Starting Uncomplicated firewall...
[   19.228710] systemd[1]: Starting Load Kernel Modules...
         Starting Load Kernel Modules...
[   19.254668] systemd[1]: Listening on Device-mapper event daemon FIFOs.
[[0;32m  OK  [0m] Listening on Device-mapper event daemon FIFOs.
[   19.336538] systemd[1]: Starting Set console keymap...
         Starting Set console keymap...
[   19.391928] systemd[1]: Mounting Debug File System...
         Mounting Debug File System...
[   19.494473] systemd[1]: Starting Nameserver information manager...
         Starting Nameser[   19.600056] Loading iSCSI transport class v2.0-870.
ver information manager...
[   19.622212] systemd[1]: Mounting Huge Pages File System...
         Mounting Huge Pages File System...
[   19.737088] systemd[1]: Listening on LVM2 poll daemon socket.
[[0;32m  OK  [0m] Listening on LVM2 poll daemon socket.
[   19.800958] systemd[1]: Starting Remount Root and Kernel File Systems...
         Starting Remount Root and Kernel File Systems...
[   19.897116] systemd[1]: Listening on udev Control Socket.
[[0;32m  OK  [0m] Listening on udev Control Socket.
[   19.910218] systemd[1]: Listening on LVM2 metadata daemon socket.
[   20.013081] iscsi: registered transport (tcp)
[[0;32m  OK  [0[   20.113539] EXT4-fs (sda1): re-mounted. Opts: (null)
m] Listening on LVM2 metadata daemon socket.
[   20.220945] systemd[1]: Starting Create list of required static device nodes for the current kernel...
         Starting Create list of required st... nodes for the current kernel...
[   20.439891] systemd[1]: Reached target Encrypted Volumes.
[[0;32m  OK  [0m] Reached target Encrypted Volumes.
[   20.628381] systemd[1]: Mounting POSIX Message Queue File System...
         Mounting POSIX Message Queue File System...
[   20.772749] systemd[1]: Starting Monitoring of LVM2 mirrors, snapshots etc. using dmeventd or progress polling...
[   20.832081] iscsi: registered transport (iser)
         Starting Monitoring of LVM2 mirrors... dmeventd or progress polling...
[   20.953753] systemd[1]: Listening on Journal Audit Socket.
[[0;32m  OK  [0m] Listening on Journal Audit Socket.
[   20.966484] systemd[1]: Reached target User and Group Name Lookups.
[[0;32m  OK  [0m] Reached target User and Group Name Lookups.
[   21.065762] systemd[1]: Started Trigger resolvconf update for networkd DNS.
[[0;32m  OK  [0m] Started Trigger resolvconf update for networkd DNS.
[   21.141994] systemd[1]: Listening on /dev/initctl Compatibility Named Pipe.
[[0;32m  OK  [0m] Listening on /dev/initctl Compatibility Named Pipe.
[   21.152676] systemd[1]: Reached target Swap.
[[0;32m  OK  [0m] Reached target Swap.
[   21.156211] systemd[1]: Listening on Syslog Socket.
[[0;32m  OK  [0m] Listening on Syslog Socket.
[   21.249296] systemd[1]: Listening on Journal Socket (/dev/log).
[[0;32m  OK  [0m] Listening on Journal Socket (/dev/log).
[   21.258341] systemd[1]: Starting Journal Service...
         Starting Journal Service...
[   21.272898] systemd[1]: Created slice system-serial\x2dgetty.slice.
[[0;32m  OK  [0m] Created slice system-serial\x2dgetty.slice.
[   21.367242] systemd[1]: Reached target System Time Synchronized.
[[0;32m  OK  [0m] Reached target System Time Synchronized.
[   21.372202] systemd[1]: Set up automount Arbitrary Executable File Formats File System Automount Point.
[[0;32m  OK  [0m] Set up automount Arbitrary Executab...ats File System Automount Point.
[   21.492216] systemd[1]: Created slice User and Session Slice.
[[0;32m  OK  [0m] Created slice User and Session Slice.
[   21.500831] systemd[1]: Reached target Slices.
[[0;32m  OK  [0m] Reached target Slices.
[   21.533011] systemd[1]: Mounted POSIX Message Queue File System.
[[0;32m  OK  [0m] Mounted POSIX Message Queue File System.
[   21.659302] systemd[1]: Mounted Huge Pages File System.
[[0;32m  OK  [0m] Mounted Huge Pages File System.
[   21.663138] systemd[1]: Mounted Debug File System.
[[0;32m  OK  [0m] Mounted Debug File System.
[   21.669064] systemd[1]: Started Uncomplicated firewall.
[[0;32m  OK  [0m] Started Uncomplicated firewall.
[   21.688116] systemd[1]: Started Load Kernel Modules.
[[0;32m  OK  [0m] Started Load Kernel Modules.
[   21.713363] systemd[1]: Started Set console keymap.
[[0;32m  OK  [0m] Started Set console keymap.
[   21.768923] systemd[1]: Started Remount Root and Kernel File Systems.
[[0;32m  OK  [0m] Started Remount Root and Kernel File Systems.
[   21.870959] systemd[1]: Started Create list of required static device nodes for the current kernel.
[[0;32m  OK  [0m] Started Create list of required sta...ce nodes for the current kernel.
[   22.109057] systemd[1]: Started Nameserver information manager.
[[0;32m  OK  [0m] Started Nameserver information manager.
[   22.237366] systemd[1]: Started Journal Service.
[[0;32m  OK  [0m] Started Journal Service.
[[0;32m  OK  [0m] Started LVM2 metadata daemon.
         Starting Create Static Device Nodes in /dev...
         Starting Load/Save Random Seed...
         Starting udev Coldplug all Devices...
         Starting Flush Journal to Persistent Storage...
         Mounting FUSE Control File System...
         Starting Apply Kernel Variables...
[[0;32m  OK  [0m] Started Load/Save Random Seed.
[[0;32m  OK  [0m] Mounted FUSE Control File System.
[[0;32m  OK  [0m] Started Apply Kernel Variables.
[[0;32m  OK  [0m] Started Create Static Device Nodes in /dev.
         Starting udev Kernel Device Manager...
[[0;32m  OK  [0m] Started Monitoring of LVM2 mirrors,...ng dmeventd or progress polling.
[[0;32m  OK  [0m] Reached target Local File Systems (Pre).
[[0;32m  OK  [0m] Reached target Local File Systems.
         Starting Initial cloud-init job (pre-networking)...
         Starting LSB: AppArmor initialization...
         Starting Set console font and keymap...
         Starting Tell Plymouth To Write Out Runtime Data...
         Starting Commit a transient machine-id on disk...
[[0;32m  OK  [0m] Started Flush Journal to Persistent Storage.
[[0;32m  OK  [0m] Started Commit a transient machine-id on disk.
[[0;32m  OK  [0m] Started Tell Plymouth To Write Out Runtime Data.
         Starting Create Volatile Files and Directories...
[[0;32m  OK  [0m] Started udev Kernel Device Manager.
[[0;32m  OK  [0m] Started Create Volatile Files and Directories.
         Starting Update UTMP about System Boot/Shutdown...
[[0;32m  OK  [0m] Started Update UTMP about System Boot/Shutdown.
[[0;32m  OK  [0m] Started udev Coldplug all Devices.
[[0;32m  OK  [0m] Started Dispatch Password Requests to Console Directory Watch.
[[0;32m  OK  [0m] Found device /dev/ttyS0.
[[0;32m  OK  [0m] Listening on Load/Save RF Kill Switch Status /dev/rfkill Watch.
[[0;32m  OK  [0m] Started LSB: AppArmor initialization.
[   36.751484] cloud-init[453]: Cloud-init v. 19.1-1-gbaa47854-0ubuntu1~16.04.1 running 'init-local' at Fri, 23 Aug 2019 16:58:28 +0000. Up 30.83 seconds.
[[0;32m  OK  [0m] Started Initial cloud-init job (pre-networking).
[[0;32m  OK  [0m] Reached target Network (Pre).
         Starting Raise network interfaces...
[[0;32m  OK  [0m] Started Set console font and keymap.
[[0;32m  OK  [0m] Created slice system-getty.slice.
[[0;32m  OK  [0m] Started Raise network interfaces.
[[0;32m  OK  [0m] Reached target Network.
         Starting Initial cloud-init job (metadata service crawler)...
[   49.830554] cloud-init[944]: Cloud-init v. 19.1-1-gbaa47854-0ubuntu1~16.04.1 running 'init' at Fri, 23 Aug 2019 16:58:43 +0000. Up 45.76 seconds.
[   49.841972] cloud-init[944]: ci-info: ++++++++++++++++++++++++++++++++++++++Net device info++++++++++++++++++++++++++++++++++++++
[   49.900369] cloud-init[944]: ci-info: +--------+------+----------------------------+---------------+--------+-------------------+
[   49.915268] cloud-init[944]: ci-info: | Device |  Up  |          Address           |      Mask     | Scope  |     Hw-Address    |
[   49.923892] cloud-init[944]: ci-info: +--------+------+----------------------------+---------------+--------+-------------------+
[   49.983214] cloud-init[944]: ci-info: | enp0s3 | True |         10.0.2.15          | 255.255.255.0 | global | 02:1e:e5:6d:71:21 |
[   50.060880] cloud-init[944]: ci-info: | enp0s3 | True | fe80::1e:e5ff:fe6d:7121/64 |       .       |  link  | 02:1e:e5:6d:71:21 |
[   50.082178] cloud-init[944]: ci-info: |   lo   | True |         127.0.0.1          |   255.0.0.0   |  host  |         .         |
[   50.123279] cloud-init[944]: ci-info: |   lo   | True |          ::1/128           |       .       |  host  |         .         |
[   50.133106] cloud-init[944]: ci-info: +--------+------+----------------------------+---------------+--------+-------------------+
[   50.193211] cloud-init[944]: ci-info: +++++++++++++++++++++++++++Route IPv4 info++++++++++++++++++++++++++++
[   50.204433] cloud-init[944]: ci-info: +-------+-------------+----------+---------------+-----------+-------+
[   50.219136] cloud-init[944]: ci-info: | Route | Destination | Gateway  |    Genmask    | Interface | Flags |
[   50.228550] cloud-init[944]: ci-info: +-------+-------------+----------+---------------+-----------+-------+
[   50.290185] cloud-init[944]: ci-info: |   0   |   0.0.0.0   | 10.0.2.2 |    0.0.0.0    |   enp0s3  |   UG  |
[   50.333535] cloud-init[944]: ci-info: |   1   |   10.0.2.0  | 0.0.0.0  | 255.255.255.0 |   enp0s3  |   U   |
[   50.354890] cloud-init[944]: ci-info: +-------+-------------+----------+---------------+-----------+-------+
[   50.355772] cloud-init[944]: ci-info: +++++++++++++++++++Route IPv6 info+++++++++++++++++++
[   50.356313] cloud-init[944]: ci-info: +-------+-------------+---------+-----------+-------+
[   50.356883] cloud-init[944]: ci-info: | Route | Destination | Gateway | Interface | Flags |
[[0;32m  OK  [0m] Started Initial cloud-init job (metadata service crawler).
[   50.389108] cloud-init[944]: ci-info: +-------+-------------+---------+-----------+-------+
[[0;32m  OK  [0m[   50.496808] cloud-init[944]: ci-info: |   0   |  fe80::/64  |    ::   |   enp0s3  |   U   |
[   50.497073] cloud-init[944]: ci-info: |   4   |   ff00::/8  |    ::   |   enp0s3  |   U   |
[   50.497378] cloud-init[944]: ci-info: +-------+-------------+---------+-----------+-------+
[   50.497878] cloud-init[944]: Generating public/private rsa key pair.
[   50.498206] cloud-init[944]: Your identification has been saved in /etc/ssh/ssh_host_rsa_key.
[   50.498447] cloud-init[944]: Your public key has been saved in /etc/ssh/ssh_host_rsa_key.pub.
[   50.498759] cloud-init[944]: The key fingerprint is:
[   50.499034] cloud-init[944]: SHA256:UE6tB3hx35/QbV2KosrNCUT4MUSZXgp4OPzur0cYf0I root@ubuntu-xenial
[   50.499335] cloud-init[944]: The key's randomart image is:
[   50.499638] cloud-init[944]: +---[RSA 2048]----+
[   50.499896] cloud-init[944]: | . o ++++o.     .|
] Reached target Cloud-config availability.
[   50.500387] cloud-init[944]: |  = +.*++... o..+|
[[0;32m  OK  [0m] Reached target System Initialization.
[[0;32m  OK  [0m[   50.552755] cloud-init[944]: |   + +o*.o. o.o.+|
[   50.554894] cloud-init[944]: |    o.E.....  .o.|] Started Daily apt download activities.

[   50.559734] cloud-init[944]: |   . =. S.     ..|
[   50.563330] cloud-init[944]: |    o.+=..       |         Starting LXD - unix socket.
[
[   50.577489] cloud-init[944]: |   . .oo+        |
[   50.599403] cloud-init[944]: |    . .          |
[   50.602066] cloud-init[944]: |    .+.          |
[   50.606492] cloud-init[944]: +----[SHA256]-----+
[   50.608949] cloud-init[944]: Generating public/private dsa key pair.
[   50.612010] [0;32m  OK  [0m] Started Daily apt upgrade and clean activities.
cloud-init[944]: Your identification has been saved in /etc/ssh/ssh_host_dsa_key.
[   50.625039] cloud-init[944]: Your public key has been saved in /etc/ssh/ssh_host_dsa_key.pub.
         Starting Socket activation for snappy daemon.
[   50.636392] cloud-init[944]: The key fingerprint is:
[   50.640826] cloud-init[944]: SHA256:aLUORrdq9v6xzTvSRblPnABFQmvwMMO54ktDjR16zus root@ubuntu-xenial
[   50.649310] cloud-init[944]: The key's randomart image is:
[   50.656966] cloud-init[944]: +---[DSA 1024]----+
[[0;32m  OK  [0m] Started ACPI Events Check.[   50.697356] cloud-init[944]: |        .=oooo   |
[   50.697588] cloud-init[944]: |         +*.o    |
[   50.697806] cloud-init[944]: |      . B o+.  . |
[   50.698031] cloud-init[944]: |     . O B.  .o  |
[   50.698275] cloud-init[944]: |      B S    ..o.|
[   50.699013] cloud-init[944]: |     o B o    o.o|
[   50.699286] cloud-init[944]: |      = + o. . o |
[   50.699500] cloud-init[944]: |     o o ..=o   .|
[   50.699733] cloud-init[944]: |       .+Eo.+o   |
[   50.699960] cloud-init[944]: +----[SHA256]-----+
[   50.700179] cloud-init[944]: Generating public/private ecdsa key pair.
[   50.700400] cloud-init[944]: Your identification has been saved in /etc/ssh/ssh_host_ecdsa_key.
[   50.700674] cloud-init[944]: Your public key has been saved in /etc/ssh/ssh_host_ecdsa_key.pub.
[   50.700907] cloud-init[944]: The key fingerprint is:
[   50.701120] cloud-init[944]: SHA256:Wt+W6BlL78Vr/aXfx+rEkDeU3KaCnlC83Qztk87yuFI root@ubuntu-xenial
[   50.701364] cloud-init[944]: The key's randomart image is:
[   50.701596] cloud-init[944]: +---[ECDSA 256]---+
[   50.701822] cloud-init[944]: |                 |
[   50.702042] cloud-init[944]: |         .   o o |
[   50.702254] cloud-init[944]: |          o . = o|
[   50.702492] cloud-init[944]: |         . + B + |
[   50.702707] cloud-init[944]: |        S o = X  |
[   50.703001] cloud-init[944]: |       o + +EX o |
[   50.703264] cloud-init[944]: |      .   B.= Bo.|
[   50.703598] cloud-init[944]: |         o.* *.o*|
[   50.703845] cloud-init[944]: |          +o=+*o*|
[   50.704191] cloud-init[944]: +----[SHA256]-----+
[   50.704462] cloud-init[944]: Generating public/private ed25519 key pair.
[   50.705021] cloud-init[944]: Your identification has been saved in /etc/ssh/ssh_host_ed25519_key.
[   50.705300] cloud-init[944]: Your public key has been saved in /etc/ssh/ssh_host_ed25519_key.pub.
[   50.705571] cloud-init[944]: The key fingerprint is:
[   50.705889] cloud-init[944]: SHA256:wzWcPOY/+DuNPgxqwiJC0bORui57kgPa7WjaysfdKPo root@ubuntu-xenial
[   50.706138] cloud-init[944]: The key's randomart image is:
[   50.706563] cloud-init[944]: +--[ED25519 256]--+
[   50.706826] cloud-init[944]: |                 |
[   50.707103] cloud-init[944]: |         o .     |
[   50.707418] cloud-init[944]: |  . .     O      |
[   50.707674] cloud-init[944]: | . =   . + o     |
[   50.707995] cloud-init[944]: |  o +   S .      |
[   50.708343] cloud-init[944]: |.o .     ..o     |
[   50.708678] cloud-init[944]: |+oo...o  ..ooo   |
[   50.708940] cloud-init[944]: |Oo==ooo.o  .=..  |
[   50.710785] cloud-init[944]: |*&*Eo. o   .++   |
[   50.711073] cloud-init[944]: +----[SHA256]-----+

[[0;32m  OK  [0m] Reached target Paths.
[[0;32m  OK  [0m] Listening on D-Bus System Message Bus Socket.
[[0;32m  OK  [0m] Listening on ACPID Listen Socket.
[[0;32m  OK  [0m] Listening on UUID daemon activation socket.
[[0;32m  OK  [0m] Started Daily Cleanup of Temporary Directories.
[[0;32m  OK  [0m] Reached target Timers.
[[0;32m  OK  [0m] Reached target Network is Online.
         Starting iSCSI initiator daemon (iscsid)...
[[0;32m  OK  [0m] Listening on LXD - unix socket.
[[0;32m  OK  [0m] Listening on Socket activation for snappy daemon.
[[0;32m  OK  [0m] Reached target Sockets.
[[0;32m  OK  [0m] Reached target Basic System.
         Starting /etc/rc.local Compatibility...
         Starting Virtualbox guest utils...
[[0;32m  OK  [0m] Started ACPI event daemon.
         Starting LSB: Record successful boot for GRUB...
         Starting Snappy daemon...
         Starting Login Service...
[[0;32m  OK  [0m] Started FUSE filesystem for LXC.
[[0;32m  OK  [0m] Started Regular background program processing daemon.
         Starting LSB: MD monitoring daemon...
         Starting Accounts Service...
[[0;32m  OK  [0m] Started Deferred execution scheduler.
         Starting System Logging Service...
[[0;32m  OK  [0m] Started D-Bus System Message Bus.
         Starting Pollinate to seed the pseudo random number generator...
         Starting LXD - container startup/shutdown...
[[0;32m  OK  [0m] Started System Logging Service.
[[0;32m  OK  [0m] Started /etc/rc.local Compatibility.
[[0;32m  OK  [0m] Started iSCSI initiator daemon (iscsid).
[[0;32m  OK  [0m] Started Login Service.
[[0;32m  OK  [0m] Started Unattended Upgrades Shutdown.
         Starting Authenticate and Authorize Users to Run Privileged Tasks...
         Starting Login to default iSCSI targets...
[[0;32m  OK  [0m] Started LSB: Record successful boot for GRUB.
[[0;32m  OK  [0m] Started Login to default iSCSI targets.
[[0;32m  OK  [0m] Reached target Remote File Systems (Pre).
[[0;32m  OK  [0m] Reached target Remote File Systems.
         Starting Permit User Sessions...
         Starting LSB: Set the CPU Frequency Scaling governor to "ondemand"...
         Starting LSB: daemon to balance interrupts for SMP systems...
         Starting LSB: automatic crash report generation...
[[0;32m  OK  [0m] Started Permit User Sessions.
[[0;32m  OK  [0m] Started Authenticate and Authorize Users to Run Privileged Tasks.
[[0;32m  OK  [0m] Started Accounts Service.
         Starting Terminate Plymouth Boot Screen...
         Starting Hold until boot process finishes up...
[[0;32m  OK  [0m] Started Hold until boot process finishes up.
[[0;32m  OK  [0m] Started Serial Getty on ttyS0.
         Starting Set console scheme...
[[0;32m  OK  [0m] Started Getty on tty1.
[[0;32m  OK  [0m] Reached target Login Prompts.
[[0;32m  OK  [0m] Started Terminate Plymouth Boot Screen.
[[0;32m  OK  [0m] Started Set console scheme.
[[0;32m  OK  [0m] Started Virtualbox guest utils.
[[0;32m  OK  [0m] Started LSB: daemon to balance interrupts for SMP systems.
[[0;32m  OK  [0m] Started LSB: MD monitoring daemon.
[[0;32m  OK  [0m] Started LSB: Set the CPU Frequency Scaling governor to "ondemand".
[[0;32m  OK  [0m] Started LXD - container startup/shutdown.
[[0;32m  OK  [0m] Started LSB: automatic crash report generation.
[[0;32m  OK  [0m] Started Snappy daemon.
         Starting Wait until snapd is fully seeded...
[[0;32m  OK  [0m] Started Pollinate to seed the pseudo random number generator.
         Starting OpenBSD Secure Shell server...

Ubuntu 16.04.6 LTS ubuntu-xenial ttyS0

ubuntu-xenial login: [   67.723756] cloud-init[1328]: Generating locales (this might take a while)...
[   77.558651] cloud-init[1328]:   en_US.UTF-8... done
[   77.560067] cloud-init[1328]: Generation complete.
[   80.797586] cloud-init[1328]: Cloud-init v. 19.1-1-gbaa47854-0ubuntu1~16.04.1 running 'modules:config' at Fri, 23 Aug 2019 16:59:03 +0000. Up 66.36 seconds.
ci-info: no authorized ssh keys fingerprints found for user ubuntu.
<14>Aug 23 16:59:21 ec2: 
<14>Aug 23 16:59:21 ec2: #############################################################
<14>Aug 23 16:59:21 ec2: -----BEGIN SSH HOST KEY FINGERPRINTS-----
<14>Aug 23 16:59:21 ec2: 1024 SHA256:aLUORrdq9v6xzTvSRblPnABFQmvwMMO54ktDjR16zus root@ubuntu-xenial (DSA)
<14>Aug 23 16:59:21 ec2: 256 SHA256:Wt+W6BlL78Vr/aXfx+rEkDeU3KaCnlC83Qztk87yuFI root@ubuntu-xenial (ECDSA)
<14>Aug 23 16:59:21 ec2: 256 SHA256:wzWcPOY/+DuNPgxqwiJC0bORui57kgPa7WjaysfdKPo root@ubuntu-xenial (ED25519)
<14>Aug 23 16:59:21 ec2: 2048 SHA256:UE6tB3hx35/QbV2KosrNCUT4MUSZXgp4OPzur0cYf0I root@ubuntu-xenial (RSA)
<14>Aug 23 16:59:21 ec2: -----END SSH HOST KEY FINGERPRINTS-----
<14>Aug 23 16:59:21 ec2: #############################################################
-----BEGIN SSH HOST KEY KEYS-----
ecdsa-sha2-nistp256 AAAAE2VjZHNhLXNoYTItbmlzdHAyNTYAAAAIbmlzdHAyNTYAAABBBEbEyR6Y7s67yOb9JUJ0yHePpXrOohqvHx04lH6m/roe8mjEI1oezWx+Q/pIKR8iwF8rF33GfV7+HY+XxYkDQ9k= root@ubuntu-xenial
ssh-ed25519 AAAAC3NzaC1lZDI1NTE5AAAAIGaXS4uUyWxPrQKoUVjcOqR4SXZ24U0qCNftvsW7aJ+O root@ubuntu-xenial
ssh-rsa AAAAB3NzaC1yc2EAAAADAQABAAABAQC/a5K9+Z56HlrHyzfuWDbjzeFsxttjiQnsKdCC9bi0+m/+r5SkWRkTmmde0N0NLss72eAhm7MA4dqGTASBZLnPosOA1TnH51AAo/rLDmjtSWnMLaMOtAfx10140ZVJBpQbt4A+btybSjcQhkWNQc6wiuGEfpNcAYJ/zUnTVTregcDERNMQlFYm+S+S2hy0oT+Ml/sma54/jOZoDOInUMe8/9cx6/biWdbxRahSsk4bkA5M0T6Ubuax4DQ6RNy4mjTP/QPkNjarJfqwDWXw2YAjKYP7XLPXnGcODJXvZJwNiSQDL1FzqpdtW5FyrBrEDwiT4OW6cGQSMh4ltD9cyetx root@ubuntu-xenial
-----END SSH HOST KEY KEYS-----
[   85.448338] cloud-init[1549]: Cloud-init v. 19.1-1-gbaa47854-0ubuntu1~16.04.1 running 'modules:final' at Fri, 23 Aug 2019 16:59:20 +0000. Up 82.98 seconds.
[   85.449101] cloud-init[1549]: ci-info: no authorized ssh keys fingerprints found for user ubuntu.
[   85.449657] cloud-init[1549]: Cloud-init v. 19.1-1-gbaa47854-0ubuntu1~16.04.1 finished at Fri, 23 Aug 2019 16:59:22 +0000. Datasource DataSourceNoCloud [seed=/dev/sdb][dsmode=net].  Up 85.24 seconds
